#
# A fatal error has been detected by the Java Runtime Environment:
#
#  SIGSEGV (0xb) at pc=0x00007f0042dbe040, pid=6528, tid=139639641134848
#
# JRE version: Java(TM) SE Runtime Environment (8.0_72-b15) (build 1.8.0_72-b15)
# Java VM: Java HotSpot(TM) 64-Bit Server VM (25.72-b15 mixed mode linux-amd64 compressed oops)
# Problematic frame:
# C  [i965_dri.so+0x3ca040]
#
# Failed to write core dump. Core dumps have been disabled. To enable core dumping, try "ulimit -c unlimited" before starting Java again
#
# If you would like to submit a bug report, please visit:
#   http://bugreport.java.com/bugreport/crash.jsp
# The crash happened outside the Java Virtual Machine in native code.
# See problematic frame for where to report the bug.
#

---------------  T H R E A D  ---------------

Current thread (0x00007f0054003000):  JavaThread "AWT-EventQueue-1" [_thread_in_native, id=6555, stack(0x00007f006324d000,0x00007f006334e000)]

siginfo: si_signo: 11 (SIGSEGV), si_code: 1 (SEGV_MAPERR), si_addr: 0x000000000000c548

Registers:
RAX=0x00007f0042dbe030, RBX=0x000000000000c000, RCX=0x0000000000000000, RDX=0x0000000000000001
RSP=0x00007f006334b3d0, RBP=0x00007f00444d6370, RSI=0x00007f005005e3b0, RDI=0x0000000100000000
R8 =0x0000000000000000, R9 =0x00007f0061be9fc0, R10=0x00007f00a57cf507, R11=0x00000000a7fbc060
R12=0x00007f00444d62b0, R13=0x0000000000000000, R14=0x00007f00444d88f0, R15=0x0000000000000000
RIP=0x00007f0042dbe040, EFLAGS=0x0000000000010206, CSGSFS=0x0000000000000033, ERR=0x0000000000000004
  TRAPNO=0x000000000000000e

Top of Stack: (sp=0x00007f006334b3d0)
0x00007f006334b3d0:   00007f006334b4c0 0000000000000000
0x00007f006334b3e0:   00007f00516691d0 00007f00444d6370
0x00007f006334b3f0:   00007f00444d62b0 00007f0061bea04e
0x00007f006334b400:   00007f006334b438 00007f0061e37660
0x00007f006334b410:   00007f00444da330 00007f0000000000
0x00007f006334b420:   0000000000000000 0000000000000000
0x00007f006334b430:   0000000000000000 00007f00516691d0
0x00007f006334b440:   000000000380005c 00007f0061bc3ab0
0x00007f006334b450:   00007f006334b4c0 0000000000000000
0x00007f006334b460:   0000000000000001 00007f006334b500
0x00007f006334b470:   00007f0054003000 00007f00602fd849
0x00007f006334b480:   00007f006334b768 00007f0061bc3ab0
0x00007f006334b490:   000000000380005c 00007f00444da330
0x00007f006334b4a0:   00007f006334b500 00007f00540031f8
0x00007f006334b4b0:   00007f0054003000 00007f0061bc3ab0
0x00007f006334b4c0:   00007f006334b510 00007f00a57cf57d
0x00007f006334b4d0:   00000000e35a5cf8 00000000e35a5d48
0x00007f006334b4e0:   00000000e35a5d38 0000000000000003
0x00007f006334b4f0:   00000000e35a5d58 00000000e35a5da8
0x00007f006334b500:   00000000a71e1210 00000000e35a5db8
0x00007f006334b510:   00007f006334b768 00007f00a57d5c14
0x00007f006334b520:   00007f00b7ce3000 00000000a7fbddd8
0x00007f006334b530:   00000000e35a5ea0 00007f006334b720
0x00007f006334b540:   0000000000000029 00007f00a501eec3
0x00007f006334b550:   00007f006334b768 00007f00a56272b4
0x00007f006334b560:   00007f006334b768 00007f006334b720
0x00007f006334b570:   00007f006334b720 00007f00a501eec3
0x00007f006334b580:   00007f00a50055d0 0000000000000000
0x00007f006334b590:   00007f006334b768 00007f006334b720
0x00007f006334b5a0:   00007f006334b720 00007f00a501eec3
0x00007f006334b5b0:   00007f00a50055d0 00000000a7fbc060
0x00007f006334b5c0:   00007f0000000001 00007f006334b720 

Instructions: (pc=0x00007f0042dbe040)
0x00007f0042dbe020:   48 83 c4 10 5b 5d 41 5c c3 0f 1f 80 00 00 00 00
0x00007f0042dbe030:   41 54 55 53 48 83 ec 10 48 8b 1f 48 85 db 74 3d
0x00007f0042dbe040:   f6 83 48 05 00 00 01 49 89 f4 89 cd 75 72 83 e2
0x00007f0042dbe050:   01 75 5d 83 e5 fd 74 38 48 8d 35 71 24 0f 00 ba 

Register to memory mapping:

RAX=0x00007f0042dbe030: <offset 0x3ca030> in /usr/lib/x86_64-linux-gnu/dri/i965_dri.so at 0x00007f00429f4000
RBX=0x000000000000c000 is an unknown value
RCX=0x0000000000000000 is an unknown value
RDX=0x0000000000000001 is an unknown value
RSP=0x00007f006334b3d0 is pointing into the stack for thread: 0x00007f0054003000
RBP=0x00007f00444d6370 is an unknown value
RSI=0x00007f005005e3b0 is an unknown value
RDI=0x0000000100000000 is pointing into metadata
R8 =0x0000000000000000 is an unknown value
R9 =0x00007f0061be9fc0: <offset 0x42fc0> in /usr/lib/x86_64-linux-gnu/mesa/libGL.so.1 at 0x00007f0061ba7000
R10=0x00007f00a57cf507 is at entry_point+71 in (nmethod*)0x00007f00a57cf350
R11=0x00000000a7fbc060 is an oop
jogamp.nativewindow.jawt.x11.X11JAWTWindow 
 - klass: 'jogamp/nativewindow/jawt/x11/X11JAWTWindow'
R12=0x00007f00444d62b0 is an unknown value
R13=0x0000000000000000 is an unknown value
R14=0x00007f00444d88f0 is an unknown value
R15=0x0000000000000000 is an unknown value


Stack: [0x00007f006324d000,0x00007f006334e000],  sp=0x00007f006334b3d0,  free space=1016k
Native frames: (J=compiled Java code, j=interpreted, Vv=VM code, C=native code)
C  [i965_dri.so+0x3ca040]

Java frames: (J=compiled Java code, j=interpreted, Vv=VM code)
J 2445  jogamp.opengl.x11.glx.GLX.dispatch_glXSwapBuffers0(JJJ)V (0 bytes) @ 0x00007f00a57cf507 [0x00007f00a57cf4c0+0x47]
J 2444 C1 jogamp.opengl.x11.glx.GLX.glXSwapBuffers(JJ)V (45 bytes) @ 0x00007f00a57d5c14 [0x00007f00a57d5260+0x9b4]
J 2443 C1 jogamp.opengl.x11.glx.X11GLXDrawable.swapBuffersImpl(Z)V (21 bytes) @ 0x00007f00a57d4dc4 [0x00007f00a57d4b20+0x2a4]
J 2442 C1 jogamp.opengl.GLDrawableImpl.swapBuffers()V (138 bytes) @ 0x00007f00a57d3754 [0x00007f00a57d30a0+0x6b4]
j  javax.media.opengl.awt.GLCanvas$12.run()V+45
J 1820 C1 java.awt.event.InvocationEvent.dispatch()V (69 bytes) @ 0x00007f00a569a54c [0x00007f00a569a400+0x14c]
J 1850 C1 java.awt.EventQueue.dispatchEventImpl(Ljava/awt/AWTEvent;Ljava/lang/Object;)V (149 bytes) @ 0x00007f00a56ac8bc [0x00007f00a56aad40+0x1b7c]
J 1848 C1 java.awt.EventQueue$3.run()Ljava/lang/Void; (60 bytes) @ 0x00007f00a56aa144 [0x00007f00a56a9f40+0x204]
J 1847 C1 java.awt.EventQueue$3.run()Ljava/lang/Object; (5 bytes) @ 0x00007f00a569eccc [0x00007f00a569ec40+0x8c]
v  ~StubRoutines::call_stub
J 587  java.security.AccessController.doPrivileged(Ljava/security/PrivilegedAction;Ljava/security/AccessControlContext;)Ljava/lang/Object; (0 bytes) @ 0x00007f00a528f163 [0x00007f00a528f100+0x63]
J 1636 C1 java.awt.EventQueue.dispatchEvent(Ljava/awt/AWTEvent;)V (80 bytes) @ 0x00007f00a5607e84 [0x00007f00a5607500+0x984]
J 1853 C1 java.awt.EventDispatchThread.pumpOneEventForFilters(I)V (295 bytes) @ 0x00007f00a56af614 [0x00007f00a56adac0+0x1b54]
j  java.awt.EventDispatchThread.pumpEventsForFilter(ILjava/awt/Conditional;Ljava/awt/EventFilter;)V+35
j  java.awt.EventDispatchThread.pumpEventsForHierarchy(ILjava/awt/Conditional;Ljava/awt/Component;)V+11
j  java.awt.EventDispatchThread.pumpEvents(ILjava/awt/Conditional;)V+4
j  java.awt.EventDispatchThread.pumpEvents(Ljava/awt/Conditional;)V+3
j  java.awt.EventDispatchThread.run()V+9
v  ~StubRoutines::call_stub

---------------  P R O C E S S  ---------------

Java Threads: ( => current thread )
  0x00007f00510e9000 JavaThread "Thread-179" [_thread_blocked, id=6777, stack(0x00007f0040008000,0x00007f0040109000)]
  0x00007f0044109800 JavaThread "Animation Thread-SharedResourceRunner" daemon [_thread_blocked, id=6567, stack(0x00007f0062c4b000,0x00007f0062d4c000)]
  0x00007f00440b4800 JavaThread "process reaper" daemon [_thread_blocked, id=6562, stack(0x00007f00a009e000,0x00007f00a00d7000)]
=>0x00007f0054003000 JavaThread "AWT-EventQueue-1" [_thread_in_native, id=6555, stack(0x00007f006324d000,0x00007f006334e000)]
  0x00007f00b400a800 JavaThread "DestroyJavaVM" [_thread_blocked, id=6534, stack(0x00007f00bb721000,0x00007f00bb822000)]
  0x00007f00b42d1000 JavaThread "AWT-EventQueue-0" [_thread_blocked, id=6553, stack(0x00007f00639f6000,0x00007f0063af7000)]
  0x00007f00b42cd000 JavaThread "AWT-Shutdown" [_thread_blocked, id=6552, stack(0x00007f0063af7000,0x00007f0063bf8000)]
  0x00007f00b42b9800 JavaThread "thread applet-assignment.VisitedPlace.class" [_thread_blocked, id=6551, stack(0x00007f0063bf8000,0x00007f0063cf9000)]
  0x00007f00b42ac800 JavaThread "AWT-XAWT" daemon [_thread_blocked, id=6549, stack(0x00007f0063cf9000,0x00007f0063dfa000)]
  0x00007f00b4288800 JavaThread "Java2D Disposer" daemon [_thread_blocked, id=6548, stack(0x00007f0088234000,0x00007f0088335000)]
  0x00007f00b40c1800 JavaThread "Service Thread" daemon [_thread_blocked, id=6546, stack(0x00007f0089f80000,0x00007f008a081000)]
  0x00007f00b40be800 JavaThread "C1 CompilerThread2" daemon [_thread_blocked, id=6545, stack(0x00007f008a081000,0x00007f008a182000)]
  0x00007f00b40bc800 JavaThread "C2 CompilerThread1" daemon [_thread_blocked, id=6544, stack(0x00007f008a182000,0x00007f008a283000)]
  0x00007f00b40b9800 JavaThread "C2 CompilerThread0" daemon [_thread_blocked, id=6543, stack(0x00007f008a283000,0x00007f008a384000)]
  0x00007f00b40b8000 JavaThread "Signal Dispatcher" daemon [_thread_blocked, id=6542, stack(0x00007f008a384000,0x00007f008a485000)]
  0x00007f00b4084800 JavaThread "Finalizer" daemon [_thread_blocked, id=6541, stack(0x00007f008bdfe000,0x00007f008beff000)]
  0x00007f00b4080000 JavaThread "Reference Handler" daemon [_thread_blocked, id=6540, stack(0x00007f008beff000,0x00007f008c000000)]

Other Threads:
  0x00007f00b4078000 VMThread [stack: 0x00007f00a00fa000,0x00007f00a01fb000] [id=6539]
  0x00007f00b40c4800 WatcherThread [stack: 0x00007f0089e7f000,0x00007f0089f80000] [id=6547]

VM state:not at safepoint (normal execution)

VM Mutex/Monitor currently owned by a thread: None

Heap:
 PSYoungGen      total 110592K, used 47030K [0x00000000e1f00000, 0x00000000eee80000, 0x0000000100000000)
  eden space 89088K, 28% used [0x00000000e1f00000,0x00000000e382d560,0x00000000e7600000)
  from space 21504K, 98% used [0x00000000ed480000,0x00000000ee940540,0x00000000ee980000)
  to   space 5120K, 0% used [0x00000000ee980000,0x00000000ee980000,0x00000000eee80000)
 ParOldGen       total 62976K, used 37226K [0x00000000a5c00000, 0x00000000a9980000, 0x00000000e1f00000)
  object space 62976K, 59% used [0x00000000a5c00000,0x00000000a805a990,0x00000000a9980000)
 Metaspace       used 20055K, capacity 20253K, committed 20736K, reserved 1069056K
  class space    used 1854K, capacity 1924K, committed 2048K, reserved 1048576K

Card table byte_map: [0x00007f00b8211000,0x00007f00b84e4000] byte_map_base: 0x00007f00b7ce3000

Marking Bits: (ParMarkBitMap*) 0x00007f00babf8100
 Begin Bits: [0x00007f00a1edc000, 0x00007f00a356c000)
 End Bits:   [0x00007f00a356c000, 0x00007f00a4bfc000)

Polling page: 0x00007f00bb83f000

CodeCache: size=245760Kb used=8642Kb max_used=8652Kb free=237118Kb
 bounds [0x00007f00a5000000, 0x00007f00a5880000, 0x00007f00b4000000]
 total_blobs=3279 nmethods=2308 adapters=885
 compilation: enabled

Compilation events (10 events):
Event: 36.524 Thread 0x00007f00b40be800 2577       3       java.awt.Component::dispatchEvent (6 bytes)
Event: 36.525 Thread 0x00007f00b40be800 nmethod 2577 0x00007f00a58613d0 code [0x00007f00a5861540, 0x00007f00a5861748]
Event: 36.657 Thread 0x00007f00b40bc800 2578       4       java.util.HashMap::removeNode (291 bytes)
Event: 36.661 Thread 0x00007f00b40bc800 nmethod 2578 0x00007f00a5860cd0 code [0x00007f00a5860e40, 0x00007f00a5861118]
Event: 37.371 Thread 0x00007f00b40b9800 2579       4       processing.opengl.PGraphicsOpenGL::createPolyBuffers (479 bytes)
Event: 37.374 Thread 0x00007f00b40b9800 nmethod 2579 0x00007f00a5866dd0 code [0x00007f00a5866f20, 0x00007f00a5867018]
Event: 37.499 Thread 0x00007f00b40bc800 2580   !   4       sun.awt.X11.XToolkit::callTimeoutTasks (220 bytes)
Event: 37.500 Thread 0x00007f00b40bc800 nmethod 2580 0x00007f00a5864a10 code [0x00007f00a5864b80, 0x00007f00a5864cd8]
Event: 37.731 Thread 0x00007f00b40be800 2581       3       sun.awt.X11.XBaseWindow::getWindow (5 bytes)
Event: 37.731 Thread 0x00007f00b40be800 nmethod 2581 0x00007f00a58609d0 code [0x00007f00a5860b20, 0x00007f00a5860c70]

GC Heap History (10 events):
Event: 4.544 GC heap before
{Heap before GC invocations=3 (full 0):
 PSYoungGen      total 51712K, used 51521K [0x00000000e1f00000, 0x00000000e5500000, 0x0000000100000000)
  eden space 48128K, 99% used [0x00000000e1f00000,0x00000000e4dd2f98,0x00000000e4e00000)
  from space 3584K, 99% used [0x00000000e5180000,0x00000000e54fd470,0x00000000e5500000)
  to   space 3584K, 0% used [0x00000000e4e00000,0x00000000e4e00000,0x00000000e5180000)
 ParOldGen       total 62976K, used 8181K [0x00000000a5c00000, 0x00000000a9980000, 0x00000000e1f00000)
  object space 62976K, 12% used [0x00000000a5c00000,0x00000000a63fd588,0x00000000a9980000)
 Metaspace       used 19382K, capacity 19609K, committed 19968K, reserved 1067008K
  class space    used 1853K, capacity 1924K, committed 2048K, reserved 1048576K
Event: 4.556 GC heap after
Heap after GC invocations=3 (full 0):
 PSYoungGen      total 51712K, used 3570K [0x00000000e1f00000, 0x00000000e8400000, 0x0000000100000000)
  eden space 48128K, 0% used [0x00000000e1f00000,0x00000000e1f00000,0x00000000e4e00000)
  from space 3584K, 99% used [0x00000000e4e00000,0x00000000e517c8f0,0x00000000e5180000)
  to   space 3584K, 0% used [0x00000000e8080000,0x00000000e8080000,0x00000000e8400000)
 ParOldGen       total 62976K, used 14992K [0x00000000a5c00000, 0x00000000a9980000, 0x00000000e1f00000)
  object space 62976K, 23% used [0x00000000a5c00000,0x00000000a6aa43f0,0x00000000a9980000)
 Metaspace       used 19382K, capacity 19609K, committed 19968K, reserved 1067008K
  class space    used 1853K, capacity 1924K, committed 2048K, reserved 1048576K
}
Event: 6.569 GC heap before
{Heap before GC invocations=4 (full 0):
 PSYoungGen      total 51712K, used 51692K [0x00000000e1f00000, 0x00000000e8400000, 0x0000000100000000)
  eden space 48128K, 99% used [0x00000000e1f00000,0x00000000e4dfe720,0x00000000e4e00000)
  from space 3584K, 99% used [0x00000000e4e00000,0x00000000e517c8f0,0x00000000e5180000)
  to   space 3584K, 0% used [0x00000000e8080000,0x00000000e8080000,0x00000000e8400000)
 ParOldGen       total 62976K, used 14992K [0x00000000a5c00000, 0x00000000a9980000, 0x00000000e1f00000)
  object space 62976K, 23% used [0x00000000a5c00000,0x00000000a6aa43f0,0x00000000a9980000)
 Metaspace       used 19592K, capacity 19801K, committed 20224K, reserved 1067008K
  class space    used 1853K, capacity 1924K, committed 2048K, reserved 1048576K
Event: 6.584 GC heap after
Heap after GC invocations=4 (full 0):
 PSYoungGen      total 99840K, used 3570K [0x00000000e1f00000, 0x00000000e8400000, 0x0000000100000000)
  eden space 96256K, 0% used [0x00000000e1f00000,0x00000000e1f00000,0x00000000e7d00000)
  from space 3584K, 99% used [0x00000000e8080000,0x00000000e83fc8f0,0x00000000e8400000)
  to   space 3584K, 0% used [0x00000000e7d00000,0x00000000e7d00000,0x00000000e8080000)
 ParOldGen       total 62976K, used 22378K [0x00000000a5c00000, 0x00000000a9980000, 0x00000000e1f00000)
  object space 62976K, 35% used [0x00000000a5c00000,0x00000000a71da9a0,0x00000000a9980000)
 Metaspace       used 19592K, capacity 19801K, committed 20224K, reserved 1067008K
  class space    used 1853K, capacity 1924K, committed 2048K, reserved 1048576K
}
Event: 10.159 GC heap before
{Heap before GC invocations=5 (full 0):
 PSYoungGen      total 99840K, used 99602K [0x00000000e1f00000, 0x00000000e8400000, 0x0000000100000000)
  eden space 96256K, 99% used [0x00000000e1f00000,0x00000000e7cc8098,0x00000000e7d00000)
  from space 3584K, 99% used [0x00000000e8080000,0x00000000e83fc8f0,0x00000000e8400000)
  to   space 3584K, 0% used [0x00000000e7d00000,0x00000000e7d00000,0x00000000e8080000)
 ParOldGen       total 62976K, used 22378K [0x00000000a5c00000, 0x00000000a9980000, 0x00000000e1f00000)
  object space 62976K, 35% used [0x00000000a5c00000,0x00000000a71da9a0,0x00000000a9980000)
 Metaspace       used 19910K, capacity 20125K, committed 20480K, reserved 1067008K
  class space    used 1853K, capacity 1924K, committed 2048K, reserved 1048576K
Event: 10.198 GC heap after
Heap after GC invocations=5 (full 0):
 PSYoungGen      total 99840K, used 3552K [0x00000000e1f00000, 0x00000000f0100000, 0x0000000100000000)
  eden space 96256K, 0% used [0x00000000e1f00000,0x00000000e1f00000,0x00000000e7d00000)
  from space 3584K, 99% used [0x00000000e7d00000,0x00000000e80780a0,0x00000000e8080000)
  to   space 19456K, 0% used [0x00000000eee00000,0x00000000eee00000,0x00000000f0100000)
 ParOldGen       total 62976K, used 36271K [0x00000000a5c00000, 0x00000000a9980000, 0x00000000e1f00000)
  object space 62976K, 57% used [0x00000000a5c00000,0x00000000a7f6bf10,0x00000000a9980000)
 Metaspace       used 19910K, capacity 20125K, committed 20480K, reserved 1067008K
  class space    used 1853K, capacity 1924K, committed 2048K, reserved 1048576K
}
Event: 15.691 GC heap before
{Heap before GC invocations=6 (full 0):
 PSYoungGen      total 99840K, used 99808K [0x00000000e1f00000, 0x00000000f0100000, 0x0000000100000000)
  eden space 96256K, 100% used [0x00000000e1f00000,0x00000000e7d00000,0x00000000e7d00000)
  from space 3584K, 99% used [0x00000000e7d00000,0x00000000e80780a0,0x00000000e8080000)
  to   space 19456K, 0% used [0x00000000eee00000,0x00000000eee00000,0x00000000f0100000)
 ParOldGen       total 62976K, used 36271K [0x00000000a5c00000, 0x00000000a9980000, 0x00000000e1f00000)
  object space 62976K, 57% used [0x00000000a5c00000,0x00000000a7f6bf10,0x00000000a9980000)
 Metaspace       used 20046K, capacity 20253K, committed 20736K, reserved 1069056K
  class space    used 1853K, capacity 1924K, committed 2048K, reserved 1048576K
Event: 15.717 GC heap after
Heap after GC invocations=6 (full 0):
 PSYoungGen      total 110592K, used 17745K [0x00000000e1f00000, 0x00000000eff80000, 0x0000000100000000)
  eden space 92672K, 0% used [0x00000000e1f00000,0x00000000e1f00000,0x00000000e7980000)
  from space 17920K, 99% used [0x00000000eee00000,0x00000000eff54440,0x00000000eff80000)
  to   space 22016K, 0% used [0x00000000ed480000,0x00000000ed480000,0x00000000eea00000)
 ParOldGen       total 62976K, used 36279K [0x00000000a5c00000, 0x00000000a9980000, 0x00000000e1f00000)
  object space 62976K, 57% used [0x00000000a5c00000,0x00000000a7f6df10,0x00000000a9980000)
 Metaspace       used 20046K, capacity 20253K, committed 20736K, reserved 1069056K
  class space    used 1853K, capacity 1924K, committed 2048K, reserved 1048576K
}
Event: 32.528 GC heap before
{Heap before GC invocations=7 (full 0):
 PSYoungGen      total 110592K, used 110417K [0x00000000e1f00000, 0x00000000eff80000, 0x0000000100000000)
  eden space 92672K, 100% used [0x00000000e1f00000,0x00000000e7980000,0x00000000e7980000)
  from space 17920K, 99% used [0x00000000eee00000,0x00000000eff54440,0x00000000eff80000)
  to   space 22016K, 0% used [0x00000000ed480000,0x00000000ed480000,0x00000000eea00000)
 ParOldGen       total 62976K, used 36279K [0x00000000a5c00000, 0x00000000a9980000, 0x00000000e1f00000)
  object space 62976K, 57% used [0x00000000a5c00000,0x00000000a7f6df10,0x00000000a9980000)
 Metaspace       used 20048K, capacity 20253K, committed 20736K, reserved 1069056K
  class space    used 1853K, capacity 1924K, committed 2048K, reserved 1048576K
Event: 32.584 GC heap after
Heap after GC invocations=7 (full 0):
 PSYoungGen      total 110592K, used 21249K [0x00000000e1f00000, 0x00000000eee80000, 0x0000000100000000)
  eden space 89088K, 0% used [0x00000000e1f00000,0x00000000e1f00000,0x00000000e7600000)
  from space 21504K, 98% used [0x00000000ed480000,0x00000000ee940540,0x00000000ee980000)
  to   space 5120K, 0% used [0x00000000ee980000,0x00000000ee980000,0x00000000eee80000)
 ParOldGen       total 62976K, used 37226K [0x00000000a5c00000, 0x00000000a9980000, 0x00000000e1f00000)
  object space 62976K, 59% used [0x00000000a5c00000,0x00000000a805a990,0x00000000a9980000)
 Metaspace       used 20048K, capacity 20253K, committed 20736K, reserved 1069056K
  class space    used 1853K, capacity 1924K, committed 2048K, reserved 1048576K
}

Deoptimization events (10 events):
Event: 1.726 Thread 0x00007f005184c800 Uncommon trap: reason=unstable_if action=reinterpret pc=0x00007f00a51c1954 method=java.util.Properties$LineReader.readLine()I @ 206
Event: 4.070 Thread 0x00007f0054003000 Uncommon trap: reason=unstable_if action=reinterpret pc=0x00007f00a5493fc0 method=de.fhpotsdam.unfolding.core.Coordinate.equals(Ljava/lang/Object;)Z @ 38
Event: 4.136 Thread 0x00007f0054003000 Uncommon trap: reason=unstable_if action=reinterpret pc=0x00007f00a5461870 method=sun.misc.FloatingDecimal$BinaryToASCIIBuffer.developLongDigits(IJI)V @ 104
Event: 4.136 Thread 0x00007f0054003000 Uncommon trap: reason=unstable_if action=reinterpret pc=0x00007f00a544f6e0 method=sun.misc.FloatingDecimal$BinaryToASCIIBuffer.getChars([C)I @ 94
Event: 4.136 Thread 0x00007f0054003000 Uncommon trap: reason=unstable_if action=reinterpret pc=0x00007f00a5441610 method=java.text.DigitList.getDataChars(I)[C @ 13
Event: 4.136 Thread 0x00007f0054003000 Uncommon trap: reason=unstable_if action=reinterpret pc=0x00007f00a5466e84 method=java.text.DecimalFormat.subformat(Ljava/lang/StringBuffer;Ljava/text/Format$FieldDelegate;ZZIIII)Ljava/lang/StringBuffer; @ 753
Event: 4.136 Thread 0x00007f0054003000 Uncommon trap: reason=unstable_if action=reinterpret pc=0x00007f00a545b63c method=sun.misc.FloatingDecimal$BinaryToASCIIBuffer.developLongDigits(IJI)V @ 104
Event: 20.571 Thread 0x00007f00b42d1000 Uncommon trap: reason=class_check action=maybe_recompile pc=0x00007f00a584e93c method=java.awt.EventQueue.cacheEQItem(Lsun/awt/EventQueueItem;)V @ 20
Event: 38.319 Thread 0x00007f00b42d1000 Uncommon trap: reason=unstable_if action=reinterpret pc=0x00007f00a584d6c8 method=java.awt.EventQueue.getPriority(Ljava/awt/AWTEvent;)I @ 71
Event: 38.319 Thread 0x00007f0054003000 Uncommon trap: reason=unstable_if action=reinterpret pc=0x00007f00a58475b4 method=java.awt.EventQueue.uncacheEQItem(Lsun/awt/EventQueueItem;)V @ 23

Internal exceptions (10 events):
Event: 1.318 Thread 0x00007f0054003000 Implicit null exception at 0x00007f00a51f0e35 to 0x00007f00a51f1181
Event: 1.370 Thread 0x00007f0054003000 Exception <a 'java/lang/reflect/InvocationTargetException'> (0x00000000e30ce3b8) thrown at [/HUDSON/workspace/8-2-build-linux-amd64/jdk8u72/5732/hotspot/src/share/vm/runtime/reflection.cpp, line 1092]
Event: 1.372 Thread 0x00007f0054009000 Exception <a 'java/lang/reflect/InvocationTargetException'> (0x00000000e2e7e5c0) thrown at [/HUDSON/workspace/8-2-build-linux-amd64/jdk8u72/5732/hotspot/src/share/vm/runtime/reflection.cpp, line 1092]
Event: 1.373 Thread 0x00007f0054009000 Exception <a 'java/lang/reflect/InvocationTargetException'> (0x00000000e2e7ece8) thrown at [/HUDSON/workspace/8-2-build-linux-amd64/jdk8u72/5732/hotspot/src/share/vm/runtime/reflection.cpp, line 1092]
Event: 1.373 Thread 0x00007f0054009000 Exception <a 'java/lang/reflect/InvocationTargetException'> (0x00000000e2e7f100) thrown at [/HUDSON/workspace/8-2-build-linux-amd64/jdk8u72/5732/hotspot/src/share/vm/runtime/reflection.cpp, line 1092]
Event: 1.373 Thread 0x00007f0054009000 Exception <a 'java/lang/reflect/InvocationTargetException'> (0x00000000e2e7f518) thrown at [/HUDSON/workspace/8-2-build-linux-amd64/jdk8u72/5732/hotspot/src/share/vm/runtime/reflection.cpp, line 1092]
Event: 1.384 Thread 0x00007f0054009000 Exception <a 'java/lang/reflect/InvocationTargetException'> (0x00000000e2e87410) thrown at [/HUDSON/workspace/8-2-build-linux-amd64/jdk8u72/5732/hotspot/src/share/vm/runtime/reflection.cpp, line 1092]
Event: 1.389 Thread 0x00007f0054009000 Exception <a 'java/lang/reflect/InvocationTargetException'> (0x00000000e2e889b8) thrown at [/HUDSON/workspace/8-2-build-linux-amd64/jdk8u72/5732/hotspot/src/share/vm/runtime/reflection.cpp, line 1092]
Event: 1.390 Thread 0x00007f0054009000 Exception <a 'java/lang/reflect/InvocationTargetException'> (0x00000000e2e8a120) thrown at [/HUDSON/workspace/8-2-build-linux-amd64/jdk8u72/5732/hotspot/src/share/vm/runtime/reflection.cpp, line 1092]
Event: 1.392 Thread 0x00007f0054009000 Exception <a 'java/lang/reflect/InvocationTargetException'> (0x00000000e2e8df88) thrown at [/HUDSON/workspace/8-2-build-linux-amd64/jdk8u72/5732/hotspot/src/share/vm/runtime/reflection.cpp, line 1092]

Events (10 events):
Event: 38.318 Thread 0x00007f00510e9000 Thread added: 0x00007f00510e9000
Event: 38.318 loading class sun/applet/AppletPanel$4
Event: 38.318 loading class sun/applet/AppletPanel$4 done
Event: 38.319 Thread 0x00007f00b42d1000 Uncommon trap: trap_request=0xffffff65 fr.pc=0x00007f00a584d6c8
Event: 38.319 Thread 0x00007f00b42d1000 DEOPT PACKING pc=0x00007f00a584d6c8 sp=0x00007f0063af54d0
Event: 38.319 Thread 0x00007f00b42d1000 DEOPT UNPACKING pc=0x00007f00a5005229 sp=0x00007f0063af53d0 mode 2
Event: 38.319 Thread 0x00007f0054003000 Uncommon trap: trap_request=0xffffff65 fr.pc=0x00007f00a58475b4
Event: 38.319 Thread 0x00007f0054003000 DEOPT PACKING pc=0x00007f00a58475b4 sp=0x00007f006334c490
Event: 38.319 Thread 0x00007f0054003000 DEOPT UNPACKING pc=0x00007f00a5005229 sp=0x00007f006334c3d0 mode 2
Event: 38.320 Thread 0x00007f0054009000 Thread exited: 0x00007f0054009000


Dynamic libraries:
00400000-00401000 r-xp 00000000 08:01 221703                             /usr/local/java/jdk1.8.0_72/bin/java
00600000-00601000 rw-p 00000000 08:01 221703                             /usr/local/java/jdk1.8.0_72/bin/java
01676000-01697000 rw-p 00000000 00:00 0                                  [heap]
a5c00000-a9980000 rw-p 00000000 00:00 0 
a9980000-e1f00000 ---p 00000000 00:00 0 
e1f00000-eee80000 rw-p 00000000 00:00 0 
eee80000-100000000 ---p 00000000 00:00 0 
100000000-100200000 rw-p 00000000 00:00 0 
100200000-140000000 ---p 00000000 00:00 0 
7f0014000000-7f001434c000 rw-p 00000000 00:00 0 
7f001434c000-7f0018000000 ---p 00000000 00:00 0 
7f001b400000-7f001b460000 rw-s 118ce4000 00:06 1508                      /dev/dri/card0
7f001b460000-7f001b4c0000 rw-s 118c84000 00:06 1508                      /dev/dri/card0
7f001b4c0000-7f001b520000 rw-s 108807000 00:06 1508                      /dev/dri/card0
7f001b520000-7f001b580000 rw-s 1087a7000 00:06 1508                      /dev/dri/card0
7f001b580000-7f001b5e0000 rw-s 107bac000 00:06 1508                      /dev/dri/card0
7f001b5e0000-7f001b640000 rw-s 10819f000 00:06 1508                      /dev/dri/card0
7f001b640000-7f001b6a0000 rw-s 10813f000 00:06 1508                      /dev/dri/card0
7f001b6a0000-7f001b700000 rw-s 1080df000 00:06 1508                      /dev/dri/card0
7f001b700000-7f001b760000 rw-s 10807f000 00:06 1508                      /dev/dri/card0
7f001b760000-7f001b7c0000 rw-s 108707000 00:06 1508                      /dev/dri/card0
7f001b7c0000-7f001b820000 rw-s 1086a7000 00:06 1508                      /dev/dri/card0
7f001b820000-7f001b880000 rw-s 115b7a000 00:06 1508                      /dev/dri/card0
7f001b880000-7f001b8e0000 rw-s 115b1a000 00:06 1508                      /dev/dri/card0
7f001b8e0000-7f001b940000 rw-s 129b58000 00:06 1508                      /dev/dri/card0
7f001b940000-7f001b9a0000 rw-s 111ff7000 00:06 1508                      /dev/dri/card0
7f001b9a0000-7f001ba00000 rw-s 111b77000 00:06 1508                      /dev/dri/card0
7f001ba00000-7f001ba60000 rw-s 111f37000 00:06 1508                      /dev/dri/card0
7f001ba60000-7f001bac0000 rw-s 115082000 00:06 1508                      /dev/dri/card0
7f001bac0000-7f001bb20000 rw-s 111e77000 00:06 1508                      /dev/dri/card0
7f001bb20000-7f001bb80000 rw-s 1042ba000 00:06 1508                      /dev/dri/card0
7f001bb80000-7f001bbe0000 rw-s 10425a000 00:06 1508                      /dev/dri/card0
7f001bbe0000-7f001bc40000 rw-s 1041fa000 00:06 1508                      /dev/dri/card0
7f001bc40000-7f001bca0000 rw-s 10419a000 00:06 1508                      /dev/dri/card0
7f001bca0000-7f001bd00000 rw-s 10413a000 00:06 1508                      /dev/dri/card0
7f001bd00000-7f001bd60000 rw-s 1040da000 00:06 1508                      /dev/dri/card0
7f001bd60000-7f001bdc0000 rw-s 10407a000 00:06 1508                      /dev/dri/card0
7f001bdc0000-7f001be20000 rw-s 10401a000 00:06 1508                      /dev/dri/card0
7f001be20000-7f001be80000 rw-s 103fba000 00:06 1508                      /dev/dri/card0
7f001be80000-7f001bee0000 rw-s 103f5a000 00:06 1508                      /dev/dri/card0
7f001bee0000-7f001bf40000 rw-s 103efa000 00:06 1508                      /dev/dri/card0
7f001bf40000-7f001bfa0000 rw-s 103e9a000 00:06 1508                      /dev/dri/card0
7f001bfa0000-7f001c000000 rw-s 103e3a000 00:06 1508                      /dev/dri/card0
7f001c000000-7f001c342000 rw-p 00000000 00:00 0 
7f001c342000-7f0020000000 ---p 00000000 00:00 0 
7f0020000000-7f0020357000 rw-p 00000000 00:00 0 
7f0020357000-7f0024000000 ---p 00000000 00:00 0 
7f0024000000-7f0024021000 rw-p 00000000 00:00 0 
7f0024021000-7f0028000000 ---p 00000000 00:00 0 
7f0028000000-7f0028021000 rw-p 00000000 00:00 0 
7f0028021000-7f002c000000 ---p 00000000 00:00 0 
7f002c038000-7f002c098000 rw-s 103dda000 00:06 1508                      /dev/dri/card0
7f002c098000-7f002c0f8000 rw-s 1118f9000 00:06 1508                      /dev/dri/card0
7f002c0f8000-7f002c158000 rw-s 111899000 00:06 1508                      /dev/dri/card0
7f002c158000-7f002c1b8000 rw-s 111839000 00:06 1508                      /dev/dri/card0
7f002c1b8000-7f002c218000 rw-s 1117d9000 00:06 1508                      /dev/dri/card0
7f002c218000-7f002c278000 rw-s 111779000 00:06 1508                      /dev/dri/card0
7f002c278000-7f002c2d8000 rw-s 111719000 00:06 1508                      /dev/dri/card0
7f002c2d8000-7f002c338000 rw-s 1116b9000 00:06 1508                      /dev/dri/card0
7f002c338000-7f002c398000 rw-s 111659000 00:06 1508                      /dev/dri/card0
7f002c398000-7f002c3f8000 rw-s 1115f9000 00:06 1508                      /dev/dri/card0
7f002c3f8000-7f002c458000 rw-s 111599000 00:06 1508                      /dev/dri/card0
7f002c458000-7f002c4b8000 rw-s 111539000 00:06 1508                      /dev/dri/card0
7f002c4b8000-7f002c518000 rw-s 1114d9000 00:06 1508                      /dev/dri/card0
7f002c518000-7f002c578000 rw-s 111479000 00:06 1508                      /dev/dri/card0
7f002c578000-7f002c5d8000 rw-s 111419000 00:06 1508                      /dev/dri/card0
7f002c5d8000-7f002c638000 rw-s 1113b9000 00:06 1508                      /dev/dri/card0
7f002c638000-7f002c698000 rw-s 111359000 00:06 1508                      /dev/dri/card0
7f002c698000-7f002c6f8000 rw-s 1112f9000 00:06 1508                      /dev/dri/card0
7f002c6f8000-7f002c738000 rw-p 00000000 00:00 0 
7f002c738000-7f002c8f8000 ---p 00000000 00:00 0 
7f002c8f8000-7f002c958000 rw-s 111299000 00:06 1508                      /dev/dri/card0
7f002c958000-7f002c9b8000 rw-s 111239000 00:06 1508                      /dev/dri/card0
7f002c9b8000-7f002ca18000 rw-s 1111d9000 00:06 1508                      /dev/dri/card0
7f002ca18000-7f002ca78000 rw-s 111179000 00:06 1508                      /dev/dri/card0
7f002ca78000-7f002cad8000 rw-s 118bd4000 00:06 1508                      /dev/dri/card0
7f002cad8000-7f002cb38000 rw-s 118b74000 00:06 1508                      /dev/dri/card0
7f002cb38000-7f002cb98000 rw-s 118b14000 00:06 1508                      /dev/dri/card0
7f002cb98000-7f002cbf8000 rw-s 117309000 00:06 1508                      /dev/dri/card0
7f002cbf8000-7f002cc58000 rw-s 1172a9000 00:06 1508                      /dev/dri/card0
7f002cc58000-7f002ccb8000 rw-s 117249000 00:06 1508                      /dev/dri/card0
7f002ccb8000-7f002cd18000 rw-s 1171e9000 00:06 1508                      /dev/dri/card0
7f002cd18000-7f002cd78000 rw-s 117189000 00:06 1508                      /dev/dri/card0
7f002cd78000-7f002cdd8000 rw-s 117129000 00:06 1508                      /dev/dri/card0
7f002cdd8000-7f002ce38000 rw-s 1170c9000 00:06 1508                      /dev/dri/card0
7f002ce38000-7f002ce98000 rw-s 117069000 00:06 1508                      /dev/dri/card0
7f002ce98000-7f002cef8000 rw-s 117009000 00:06 1508                      /dev/dri/card0
7f002cef8000-7f002cf58000 rw-s 116fa9000 00:06 1508                      /dev/dri/card0
7f002cf58000-7f002cfb8000 rw-s 116f49000 00:06 1508                      /dev/dri/card0
7f002cfb8000-7f002d018000 rw-s 116ee9000 00:06 1508                      /dev/dri/card0
7f002d018000-7f002d078000 rw-s 116e89000 00:06 1508                      /dev/dri/card0
7f002d078000-7f002d0d8000 rw-s 116e29000 00:06 1508                      /dev/dri/card0
7f002d0d8000-7f002d138000 rw-s 116dc9000 00:06 1508                      /dev/dri/card0
7f002d138000-7f002d198000 rw-s 116d69000 00:06 1508                      /dev/dri/card0
7f002d198000-7f002d1f8000 rw-s 116d09000 00:06 1508                      /dev/dri/card0
7f002d1f8000-7f002d258000 rw-s 116ca9000 00:06 1508                      /dev/dri/card0
7f002d258000-7f002d2b8000 rw-s 116c49000 00:06 1508                      /dev/dri/card0
7f002d2b8000-7f002d318000 rw-s 116be9000 00:06 1508                      /dev/dri/card0
7f002d318000-7f002d378000 rw-s 116b89000 00:06 1508                      /dev/dri/card0
7f002d378000-7f002d3d8000 rw-s 116b29000 00:06 1508                      /dev/dri/card0
7f002d3d8000-7f002d438000 rw-s 116ac9000 00:06 1508                      /dev/dri/card0
7f002d438000-7f002d498000 rw-s 118ab4000 00:06 1508                      /dev/dri/card0
7f002d498000-7f002d4f8000 rw-s 118a54000 00:06 1508                      /dev/dri/card0
7f002d4f8000-7f002d558000 rw-s 1189f4000 00:06 1508                      /dev/dri/card0
7f002d558000-7f002d5b8000 rw-s 118994000 00:06 1508                      /dev/dri/card0
7f002d5b8000-7f002d618000 rw-s 118934000 00:06 1508                      /dev/dri/card0
7f002d618000-7f002d678000 rw-s 1188d4000 00:06 1508                      /dev/dri/card0
7f002d678000-7f002d6d8000 rw-s 118874000 00:06 1508                      /dev/dri/card0
7f002d6d8000-7f002d738000 rw-s 118814000 00:06 1508                      /dev/dri/card0
7f002d738000-7f002d798000 rw-s 1187b4000 00:06 1508                      /dev/dri/card0
7f002d798000-7f002d7f8000 rw-s 118754000 00:06 1508                      /dev/dri/card0
7f002d7f8000-7f002d858000 rw-s 1186f4000 00:06 1508                      /dev/dri/card0
7f002d858000-7f002d8b8000 rw-s 118694000 00:06 1508                      /dev/dri/card0
7f002d8b8000-7f002d918000 rw-s 118634000 00:06 1508                      /dev/dri/card0
7f002d918000-7f002d978000 rw-s 1185d4000 00:06 1508                      /dev/dri/card0
7f002d978000-7f002d9d8000 rw-s 118574000 00:06 1508                      /dev/dri/card0
7f002d9d8000-7f002da38000 rw-s 118514000 00:06 1508                      /dev/dri/card0
7f002da38000-7f002da98000 rw-s 1184b4000 00:06 1508                      /dev/dri/card0
7f002da98000-7f002daf8000 rw-s 118454000 00:06 1508                      /dev/dri/card0
7f002daf8000-7f002db58000 rw-s 1183f4000 00:06 1508                      /dev/dri/card0
7f002db58000-7f002dbb8000 rw-s 118394000 00:06 1508                      /dev/dri/card0
7f002dbb8000-7f002dc18000 rw-s 118334000 00:06 1508                      /dev/dri/card0
7f002dc18000-7f002dc78000 rw-s 1182d4000 00:06 1508                      /dev/dri/card0
7f002dc78000-7f002dcd8000 rw-s 118274000 00:06 1508                      /dev/dri/card0
7f002dcd8000-7f002dd38000 rw-s 118214000 00:06 1508                      /dev/dri/card0
7f002dd38000-7f002dd98000 rw-s 1181b4000 00:06 1508                      /dev/dri/card0
7f002dd98000-7f002ddf8000 rw-s 118154000 00:06 1508                      /dev/dri/card0
7f002ddf8000-7f002de58000 rw-s 1180f4000 00:06 1508                      /dev/dri/card0
7f002de58000-7f002deb8000 rw-s 118094000 00:06 1508                      /dev/dri/card0
7f002deb8000-7f002df18000 rw-s 118034000 00:06 1508                      /dev/dri/card0
7f002df18000-7f002df78000 rw-s 117fd4000 00:06 1508                      /dev/dri/card0
7f002df78000-7f002dfd8000 rw-s 117f74000 00:06 1508                      /dev/dri/card0
7f002dfd8000-7f002e038000 rw-s 117f14000 00:06 1508                      /dev/dri/card0
7f002e038000-7f002e098000 rw-s 117eb4000 00:06 1508                      /dev/dri/card0
7f002e098000-7f002e0f8000 rw-s 117e54000 00:06 1508                      /dev/dri/card0
7f002e0f8000-7f002e158000 rw-s 117df4000 00:06 1508                      /dev/dri/card0
7f002e158000-7f002e1b8000 rw-s 117d94000 00:06 1508                      /dev/dri/card0
7f002e1b8000-7f002e218000 rw-s 117d34000 00:06 1508                      /dev/dri/card0
7f002e218000-7f002e278000 rw-s 117cd4000 00:06 1508                      /dev/dri/card0
7f002e278000-7f002e2d8000 rw-s 117c74000 00:06 1508                      /dev/dri/card0
7f002e2d8000-7f002e338000 rw-s 117c14000 00:06 1508                      /dev/dri/card0
7f002e338000-7f002e398000 rw-s 117bb4000 00:06 1508                      /dev/dri/card0
7f002e398000-7f002e3f8000 rw-s 117b54000 00:06 1508                      /dev/dri/card0
7f002e3f8000-7f002e458000 rw-s 117af4000 00:06 1508                      /dev/dri/card0
7f002e458000-7f002e4b8000 rw-s 117a94000 00:06 1508                      /dev/dri/card0
7f002e4b8000-7f002e518000 rw-s 117a34000 00:06 1508                      /dev/dri/card0
7f002e518000-7f002e578000 rw-s 1179d4000 00:06 1508                      /dev/dri/card0
7f002e578000-7f002e5d8000 rw-s 117974000 00:06 1508                      /dev/dri/card0
7f002e5d8000-7f002e638000 rw-s 117914000 00:06 1508                      /dev/dri/card0
7f002e638000-7f002e698000 rw-s 1178b4000 00:06 1508                      /dev/dri/card0
7f002e698000-7f002e6f8000 rw-s 117854000 00:06 1508                      /dev/dri/card0
7f002e6f8000-7f002e758000 rw-s 1177f4000 00:06 1508                      /dev/dri/card0
7f002e758000-7f002e7b8000 rw-s 117794000 00:06 1508                      /dev/dri/card0
7f002e7b8000-7f002e818000 rw-s 117734000 00:06 1508                      /dev/dri/card0
7f002e818000-7f002e878000 rw-s 1176d4000 00:06 1508                      /dev/dri/card0
7f002e878000-7f002e8d8000 rw-s 117674000 00:06 1508                      /dev/dri/card0
7f002e8d8000-7f002e938000 rw-s 117614000 00:06 1508                      /dev/dri/card0
7f002e938000-7f002e998000 rw-s 1175b4000 00:06 1508                      /dev/dri/card0
7f002e998000-7f002e9f8000 rw-s 117554000 00:06 1508                      /dev/dri/card0
7f002e9f8000-7f002ea58000 rw-s 1174f4000 00:06 1508                      /dev/dri/card0
7f002ea58000-7f002eab8000 rw-s 108eed000 00:06 1508                      /dev/dri/card0
7f002eab8000-7f002eb18000 rw-s 108e8d000 00:06 1508                      /dev/dri/card0
7f002eb18000-7f002eb78000 rw-s 112207000 00:06 1508                      /dev/dri/card0
7f002eb78000-7f002ebd8000 rw-s 1291c8000 00:06 1508                      /dev/dri/card0
7f002ebd8000-7f002ec38000 rw-s 112947000 00:06 1508                      /dev/dri/card0
7f002ec38000-7f002ec98000 rw-s 129620000 00:06 1508                      /dev/dri/card0
7f002ec98000-7f002ecf8000 rw-s 1295c0000 00:06 1508                      /dev/dri/card0
7f002ecf8000-7f002ed58000 rw-s 114160000 00:06 1508                      /dev/dri/card0
7f002ed58000-7f002edb8000 rw-s 114100000 00:06 1508                      /dev/dri/card0
7f002edb8000-7f002ee18000 rw-s 1140a0000 00:06 1508                      /dev/dri/card0
7f002ee18000-7f002ee78000 rw-s 112b07000 00:06 1508                      /dev/dri/card0
7f002ee78000-7f002eed8000 rw-s 1126a7000 00:06 1508                      /dev/dri/card0
7f002eed8000-7f002ef38000 rw-s 112647000 00:06 1508                      /dev/dri/card0
7f002ef38000-7f002ef98000 rw-s 112847000 00:06 1508                      /dev/dri/card0
7f002ef98000-7f002eff8000 rw-s 108bcf000 00:06 1508                      /dev/dri/card0
7f002eff8000-7f002f058000 rw-s 108def000 00:06 1508                      /dev/dri/card0
7f002f058000-7f002f0b8000 rw-s 113c3b000 00:06 1508                      /dev/dri/card0
7f002f0b8000-7f002f0bb000 ---p 00000000 00:00 0 
7f002f0bb000-7f002f1b9000 rw-p 00000000 00:00 0 
7f002f1b9000-7f002f219000 rw-s 113bdb000 00:06 1508                      /dev/dri/card0
7f002f219000-7f002f279000 rw-s 113b7b000 00:06 1508                      /dev/dri/card0
7f002f279000-7f002f2d9000 rw-s 111db2000 00:06 1508                      /dev/dri/card0
7f002f2d9000-7f002f339000 rw-s 114bd8000 00:06 1508                      /dev/dri/card0
7f002f339000-7f002f399000 rw-s 114b78000 00:06 1508                      /dev/dri/card0
7f002f399000-7f002f3f9000 rw-s 114b18000 00:06 1508                      /dev/dri/card0
7f002f3f9000-7f002f459000 rw-s 114ab8000 00:06 1508                      /dev/dri/card0
7f002f459000-7f002f4b9000 rw-s 113fa0000 00:06 1508                      /dev/dri/card0
7f002f4b9000-7f002f519000 rw-s 113f40000 00:06 1508                      /dev/dri/card0
7f002f519000-7f002f51c000 ---p 00000000 00:00 0 
7f002f51c000-7f002f61a000 rw-p 00000000 00:00 0 
7f002f61a000-7f002f61d000 ---p 00000000 00:00 0 
7f002f61d000-7f002f71b000 rw-p 00000000 00:00 0 
7f002f71b000-7f002f71e000 ---p 00000000 00:00 0 
7f002f71e000-7f002f81c000 rw-p 00000000 00:00 0 
7f002f81c000-7f002f833000 r-xp 00000000 08:01 1753285                    /lib/x86_64-linux-gnu/libresolv-2.19.so
7f002f833000-7f002fa33000 ---p 00017000 08:01 1753285                    /lib/x86_64-linux-gnu/libresolv-2.19.so
7f002fa33000-7f002fa34000 r--p 00017000 08:01 1753285                    /lib/x86_64-linux-gnu/libresolv-2.19.so
7f002fa34000-7f002fa35000 rw-p 00018000 08:01 1753285                    /lib/x86_64-linux-gnu/libresolv-2.19.so
7f002fa35000-7f002fa37000 rw-p 00000000 00:00 0 
7f002fa37000-7f002fa3c000 r-xp 00000000 08:01 1753300                    /lib/x86_64-linux-gnu/libnss_dns-2.19.so
7f002fa3c000-7f002fc3b000 ---p 00005000 08:01 1753300                    /lib/x86_64-linux-gnu/libnss_dns-2.19.so
7f002fc3b000-7f002fc3c000 r--p 00004000 08:01 1753300                    /lib/x86_64-linux-gnu/libnss_dns-2.19.so
7f002fc3c000-7f002fc3d000 rw-p 00005000 08:01 1753300                    /lib/x86_64-linux-gnu/libnss_dns-2.19.so
7f002fc3d000-7f002fc3f000 r-xp 00000000 08:01 1755960                    /lib/x86_64-linux-gnu/libnss_mdns4_minimal.so.2
7f002fc3f000-7f002fe3e000 ---p 00002000 08:01 1755960                    /lib/x86_64-linux-gnu/libnss_mdns4_minimal.so.2
7f002fe3e000-7f002fe3f000 r--p 00001000 08:01 1755960                    /lib/x86_64-linux-gnu/libnss_mdns4_minimal.so.2
7f002fe3f000-7f002fe40000 rw-p 00002000 08:01 1755960                    /lib/x86_64-linux-gnu/libnss_mdns4_minimal.so.2
7f002fe40000-7f0030000000 rw-s 113d20000 00:06 1508                      /dev/dri/card0
7f0030000000-7f0030021000 rw-p 00000000 00:00 0 
7f0030021000-7f0034000000 ---p 00000000 00:00 0 
7f0034000000-7f0034021000 rw-p 00000000 00:00 0 
7f0034021000-7f0038000000 ---p 00000000 00:00 0 
7f0038000000-7f0038021000 rw-p 00000000 00:00 0 
7f0038021000-7f003c000000 ---p 00000000 00:00 0 
7f003c000000-7f003e787000 rw-p 00000000 00:00 0 
7f003e787000-7f0040000000 ---p 00000000 00:00 0 
7f0040008000-7f004000b000 ---p 00000000 00:00 0 
7f004000b000-7f0040109000 rw-p 00000000 00:00 0 
7f0040109000-7f004010c000 ---p 00000000 00:00 0 
7f004010c000-7f004020a000 rw-p 00000000 00:00 0 
7f004020a000-7f004020d000 ---p 00000000 00:00 0 
7f004020d000-7f004030b000 rw-p 00000000 00:00 0 
7f004030b000-7f004030e000 ---p 00000000 00:00 0 
7f004030e000-7f004040c000 rw-p 00000000 00:00 0 
7f004040c000-7f004040f000 ---p 00000000 00:00 0 
7f004040f000-7f004050d000 rw-p 00000000 00:00 0 
7f004050d000-7f00406cd000 rw-s 1148e8000 00:06 1508                      /dev/dri/card0
7f00406cd000-7f00408cd000 rw-p 00000000 00:00 0 
7f00408cd000-7f0040b4d000 rw-s 114658000 00:06 1508                      /dev/dri/card0
7f0040b4d000-7f0040dcd000 rw-s 1143d8000 00:06 1508                      /dev/dri/card0
7f0040dcd000-7f0040e11000 r-xp 00000000 08:01 1755893                    /lib/x86_64-linux-gnu/libdbus-1.so.3.7.6
7f0040e11000-7f0041010000 ---p 00044000 08:01 1755893                    /lib/x86_64-linux-gnu/libdbus-1.so.3.7.6
7f0041010000-7f0041011000 r--p 00043000 08:01 1755893                    /lib/x86_64-linux-gnu/libdbus-1.so.3.7.6
7f0041011000-7f0041012000 rw-p 00044000 08:01 1755893                    /lib/x86_64-linux-gnu/libdbus-1.so.3.7.6
7f0041012000-7f004101a000 r-xp 00000000 08:01 1755941                    /lib/x86_64-linux-gnu/libnih-dbus.so.1.0.0
7f004101a000-7f004121a000 ---p 00008000 08:01 1755941                    /lib/x86_64-linux-gnu/libnih-dbus.so.1.0.0
7f004121a000-7f004121b000 r--p 00008000 08:01 1755941                    /lib/x86_64-linux-gnu/libnih-dbus.so.1.0.0
7f004121b000-7f004121c000 rw-p 00009000 08:01 1755941                    /lib/x86_64-linux-gnu/libnih-dbus.so.1.0.0
7f004121c000-7f0041233000 r-xp 00000000 08:01 1755943                    /lib/x86_64-linux-gnu/libnih.so.1.0.0
7f0041233000-7f0041432000 ---p 00017000 08:01 1755943                    /lib/x86_64-linux-gnu/libnih.so.1.0.0
7f0041432000-7f0041433000 r--p 00016000 08:01 1755943                    /lib/x86_64-linux-gnu/libnih.so.1.0.0
7f0041433000-7f0041434000 rw-p 00017000 08:01 1755943                    /lib/x86_64-linux-gnu/libnih.so.1.0.0
7f0041434000-7f004144d000 r-xp 00000000 08:01 1755884                    /lib/x86_64-linux-gnu/libcgmanager.so.0.0.0
7f004144d000-7f004164c000 ---p 00019000 08:01 1755884                    /lib/x86_64-linux-gnu/libcgmanager.so.0.0.0
7f004164c000-7f004164e000 r--p 00018000 08:01 1755884                    /lib/x86_64-linux-gnu/libcgmanager.so.0.0.0
7f004164e000-7f004164f000 rw-p 0001a000 08:01 1755884                    /lib/x86_64-linux-gnu/libcgmanager.so.0.0.0
7f004164f000-7f004165f000 r-xp 00000000 08:01 1753257                    /lib/x86_64-linux-gnu/libudev.so.1.3.5
7f004165f000-7f004185e000 ---p 00010000 08:01 1753257                    /lib/x86_64-linux-gnu/libudev.so.1.3.5
7f004185e000-7f004185f000 r--p 0000f000 08:01 1753257                    /lib/x86_64-linux-gnu/libudev.so.1.3.5
7f004185f000-7f0041860000 rw-p 00010000 08:01 1753257                    /lib/x86_64-linux-gnu/libudev.so.1.3.5
7f0041860000-7f0041862000 r-xp 00000000 08:01 2493247                    /usr/lib/x86_64-linux-gnu/libXinerama.so.1.0.0
7f0041862000-7f0041a61000 ---p 00002000 08:01 2493247                    /usr/lib/x86_64-linux-gnu/libXinerama.so.1.0.0
7f0041a61000-7f0041a62000 r--p 00001000 08:01 2493247                    /usr/lib/x86_64-linux-gnu/libXinerama.so.1.0.0
7f0041a62000-7f0041a63000 rw-p 00002000 08:01 2493247                    /usr/lib/x86_64-linux-gnu/libXinerama.so.1.0.0
7f0041a63000-7f0041a9a000 r-xp 00000000 08:01 2494122                    /usr/lib/x86_64-linux-gnu/libtxc_dxtn_s2tc.so.0.0.0
7f0041a9a000-7f0041c99000 ---p 00037000 08:01 2494122                    /usr/lib/x86_64-linux-gnu/libtxc_dxtn_s2tc.so.0.0.0
7f0041c99000-7f0041c9a000 r--p 00036000 08:01 2494122                    /usr/lib/x86_64-linux-gnu/libtxc_dxtn_s2tc.so.0.0.0
7f0041c9a000-7f0041c9b000 rw-p 00037000 08:01 2494122                    /usr/lib/x86_64-linux-gnu/libtxc_dxtn_s2tc.so.0.0.0
7f0041c9b000-7f0041cb3000 r-xp 00000000 08:01 1756041                    /lib/x86_64-linux-gnu/libz.so.1.2.8
7f0041cb3000-7f0041eb2000 ---p 00018000 08:01 1756041                    /lib/x86_64-linux-gnu/libz.so.1.2.8
7f0041eb2000-7f0041eb3000 r--p 00017000 08:01 1756041                    /lib/x86_64-linux-gnu/libz.so.1.2.8
7f0041eb3000-7f0041eb4000 rw-p 00018000 08:01 1756041                    /lib/x86_64-linux-gnu/libz.so.1.2.8
7f0041eb4000-7f0041ebc000 r-xp 00000000 08:01 2493931                    /usr/lib/x86_64-linux-gnu/libpciaccess.so.0.11.1
7f0041ebc000-7f00420bb000 ---p 00008000 08:01 2493931                    /usr/lib/x86_64-linux-gnu/libpciaccess.so.0.11.1
7f00420bb000-7f00420bc000 r--p 00007000 08:01 2493931                    /usr/lib/x86_64-linux-gnu/libpciaccess.so.0.11.1
7f00420bc000-7f00420bd000 rw-p 00008000 08:01 2493931                    /usr/lib/x86_64-linux-gnu/libpciaccess.so.0.11.1
7f00420bd000-7f00421a3000 r-xp 00000000 08:01 2493452                    /usr/lib/x86_64-linux-gnu/libstdc++.so.6.0.19
7f00421a3000-7f00423a2000 ---p 000e6000 08:01 2493452                    /usr/lib/x86_64-linux-gnu/libstdc++.so.6.0.19
7f00423a2000-7f00423aa000 r--p 000e5000 08:01 2493452                    /usr/lib/x86_64-linux-gnu/libstdc++.so.6.0.19
7f00423aa000-7f00423ac000 rw-p 000ed000 08:01 2493452                    /usr/lib/x86_64-linux-gnu/libstdc++.so.6.0.19
7f00423ac000-7f00423c1000 rw-p 00000000 00:00 0 
7f00423c1000-7f00423cc000 r-xp 00000000 08:01 2492337                    /usr/lib/x86_64-linux-gnu/libdrm_radeon.so.1.0.1
7f00423cc000-7f00425cb000 ---p 0000b000 08:01 2492337                    /usr/lib/x86_64-linux-gnu/libdrm_radeon.so.1.0.1
7f00425cb000-7f00425cc000 r--p 0000a000 08:01 2492337                    /usr/lib/x86_64-linux-gnu/libdrm_radeon.so.1.0.1
7f00425cc000-7f00425cd000 rw-p 0000b000 08:01 2492337                    /usr/lib/x86_64-linux-gnu/libdrm_radeon.so.1.0.1
7f00425cd000-7f00425d3000 r-xp 00000000 08:01 2492289                    /usr/lib/x86_64-linux-gnu/libdrm_nouveau.so.2.0.0
7f00425d3000-7f00427d2000 ---p 00006000 08:01 2492289                    /usr/lib/x86_64-linux-gnu/libdrm_nouveau.so.2.0.0
7f00427d2000-7f00427d3000 r--p 00005000 08:01 2492289                    /usr/lib/x86_64-linux-gnu/libdrm_nouveau.so.2.0.0
7f00427d3000-7f00427d4000 rw-p 00006000 08:01 2492289                    /usr/lib/x86_64-linux-gnu/libdrm_nouveau.so.2.0.0
7f00427d4000-7f00427f3000 r-xp 00000000 08:01 2492139                    /usr/lib/x86_64-linux-gnu/libdrm_intel.so.1.0.0
7f00427f3000-7f00429f2000 ---p 0001f000 08:01 2492139                    /usr/lib/x86_64-linux-gnu/libdrm_intel.so.1.0.0
7f00429f2000-7f00429f3000 r--p 0001e000 08:01 2492139                    /usr/lib/x86_64-linux-gnu/libdrm_intel.so.1.0.0
7f00429f3000-7f00429f4000 rw-p 0001f000 08:01 2492139                    /usr/lib/x86_64-linux-gnu/libdrm_intel.so.1.0.0
7f00429f4000-7f0042f48000 r-xp 00000000 08:01 2515248                    /usr/lib/x86_64-linux-gnu/dri/i965_dri.so
7f0042f48000-7f0043148000 ---p 00554000 08:01 2515248                    /usr/lib/x86_64-linux-gnu/dri/i965_dri.so
7f0043148000-7f0043169000 r--p 00554000 08:01 2515248                    /usr/lib/x86_64-linux-gnu/dri/i965_dri.so
7f0043169000-7f0043170000 rw-p 00575000 08:01 2515248                    /usr/lib/x86_64-linux-gnu/dri/i965_dri.so
7f0043170000-7f0043177000 rw-p 00000000 00:00 0 
7f0043177000-7f004317d000 r-xp 00000000 08:01 2516159                    /usr/lib/x86_64-linux-gnu/mesa-egl/libGLESv2.so.2.0.0
7f004317d000-7f004337c000 ---p 00006000 08:01 2516159                    /usr/lib/x86_64-linux-gnu/mesa-egl/libGLESv2.so.2.0.0
7f004337c000-7f004337d000 r--p 00005000 08:01 2516159                    /usr/lib/x86_64-linux-gnu/mesa-egl/libGLESv2.so.2.0.0
7f004337d000-7f004337e000 rw-p 00006000 08:01 2516159                    /usr/lib/x86_64-linux-gnu/mesa-egl/libGLESv2.so.2.0.0
7f004337e000-7f00433c3000 r-xp 00000000 08:01 454085                     /tmp/jogamp_0000/file_cache/jln4889116640240600788/jln2906695761325301852/libjogl_mobile.so
7f00433c3000-7f00435c3000 ---p 00045000 08:01 454085                     /tmp/jogamp_0000/file_cache/jln4889116640240600788/jln2906695761325301852/libjogl_mobile.so
7f00435c3000-7f00435c4000 rw-p 00045000 08:01 454085                     /tmp/jogamp_0000/file_cache/jln4889116640240600788/jln2906695761325301852/libjogl_mobile.so
7f00435c4000-7f00435cb000 r-xp 00000000 08:01 2493480                    /usr/lib/x86_64-linux-gnu/libffi.so.6.0.1
7f00435cb000-7f00437ca000 ---p 00007000 08:01 2493480                    /usr/lib/x86_64-linux-gnu/libffi.so.6.0.1
7f00437ca000-7f00437cb000 r--p 00006000 08:01 2493480                    /usr/lib/x86_64-linux-gnu/libffi.so.6.0.1
7f00437cb000-7f00437cc000 rw-p 00007000 08:01 2493480                    /usr/lib/x86_64-linux-gnu/libffi.so.6.0.1
7f00437cc000-7f00437d8000 r-xp 00000000 08:01 2493517                    /usr/lib/x86_64-linux-gnu/libgbm.so.1.0.0
7f00437d8000-7f00439d8000 ---p 0000c000 08:01 2493517                    /usr/lib/x86_64-linux-gnu/libgbm.so.1.0.0
7f00439d8000-7f00439d9000 r--p 0000c000 08:01 2493517                    /usr/lib/x86_64-linux-gnu/libgbm.so.1.0.0
7f00439d9000-7f00439da000 rw-p 0000d000 08:01 2493517                    /usr/lib/x86_64-linux-gnu/libgbm.so.1.0.0
7f00439da000-7f00439e9000 r-xp 00000000 08:01 2494175                    /usr/lib/x86_64-linux-gnu/libwayland-server.so.0.1.0
7f00439e9000-7f0043be8000 ---p 0000f000 08:01 2494175                    /usr/lib/x86_64-linux-gnu/libwayland-server.so.0.1.0
7f0043be8000-7f0043bea000 r--p 0000e000 08:01 2494175                    /usr/lib/x86_64-linux-gnu/libwayland-server.so.0.1.0
7f0043bea000-7f0043beb000 rw-p 00010000 08:01 2494175                    /usr/lib/x86_64-linux-gnu/libwayland-server.so.0.1.0
7f0043beb000-7f0043bf6000 r-xp 00000000 08:01 2494169                    /usr/lib/x86_64-linux-gnu/libwayland-client.so.0.3.0
7f0043bf6000-7f0043df6000 ---p 0000b000 08:01 2494169                    /usr/lib/x86_64-linux-gnu/libwayland-client.so.0.3.0
7f0043df6000-7f0043df8000 r--p 0000b000 08:01 2494169                    /usr/lib/x86_64-linux-gnu/libwayland-client.so.0.3.0
7f0043df8000-7f0043df9000 rw-p 0000d000 08:01 2494169                    /usr/lib/x86_64-linux-gnu/libwayland-client.so.0.3.0
7f0043df9000-7f0043dfe000 r-xp 00000000 08:01 2494214                    /usr/lib/x86_64-linux-gnu/libxcb-xfixes.so.0.0.0
7f0043dfe000-7f0043ffe000 ---p 00005000 08:01 2494214                    /usr/lib/x86_64-linux-gnu/libxcb-xfixes.so.0.0.0
7f0043ffe000-7f0043fff000 r--p 00005000 08:01 2494214                    /usr/lib/x86_64-linux-gnu/libxcb-xfixes.so.0.0.0
7f0043fff000-7f0044000000 rw-p 00006000 08:01 2494214                    /usr/lib/x86_64-linux-gnu/libxcb-xfixes.so.0.0.0
7f0044000000-7f0044825000 rw-p 00000000 00:00 0 
7f0044825000-7f0048000000 ---p 00000000 00:00 0 
7f0048000000-7f0048021000 rw-p 00000000 00:00 0 
7f0048021000-7f004c000000 ---p 00000000 00:00 0 
7f004c000000-7f004c021000 rw-p 00000000 00:00 0 
7f004c021000-7f0050000000 ---p 00000000 00:00 0 
7f0050000000-7f00528ed000 rw-p 00000000 00:00 0 
7f00528ed000-7f0054000000 ---p 00000000 00:00 0 
7f0054000000-7f0054021000 rw-p 00000000 00:00 0 
7f0054021000-7f0058000000 ---p 00000000 00:00 0 
7f0058000000-7f0058021000 rw-p 00000000 00:00 0 
7f0058021000-7f005c000000 ---p 00000000 00:00 0 
7f005c000000-7f005c02d000 rw-p 00000000 00:00 0 
7f005c02d000-7f0060000000 ---p 00000000 00:00 0 
7f0060046000-7f006006e000 r-xp 00000000 08:01 2516155                    /usr/lib/x86_64-linux-gnu/mesa-egl/libEGL.so.1.0.0
7f006006e000-7f006026e000 ---p 00028000 08:01 2516155                    /usr/lib/x86_64-linux-gnu/mesa-egl/libEGL.so.1.0.0
7f006026e000-7f006026f000 r--p 00028000 08:01 2516155                    /usr/lib/x86_64-linux-gnu/mesa-egl/libEGL.so.1.0.0
7f006026f000-7f0060270000 rw-p 00029000 08:01 2516155                    /usr/lib/x86_64-linux-gnu/mesa-egl/libEGL.so.1.0.0
7f0060270000-7f0060271000 rw-p 00000000 00:00 0 
7f0060271000-7f0060316000 r-xp 00000000 08:01 454084                     /tmp/jogamp_0000/file_cache/jln4889116640240600788/jln2906695761325301852/libjogl_desktop.so
7f0060316000-7f0060516000 ---p 000a5000 08:01 454084                     /tmp/jogamp_0000/file_cache/jln4889116640240600788/jln2906695761325301852/libjogl_desktop.so
7f0060516000-7f0060517000 rw-p 000a5000 08:01 454084                     /tmp/jogamp_0000/file_cache/jln4889116640240600788/jln2906695761325301852/libjogl_desktop.so
7f0060517000-7f0060523000 r-xp 00000000 08:01 2492133                    /usr/lib/x86_64-linux-gnu/libdrm.so.2.4.0
7f0060523000-7f0060722000 ---p 0000c000 08:01 2492133                    /usr/lib/x86_64-linux-gnu/libdrm.so.2.4.0
7f0060722000-7f0060723000 r--p 0000b000 08:01 2492133                    /usr/lib/x86_64-linux-gnu/libdrm.so.2.4.0
7f0060723000-7f0060724000 rw-p 0000c000 08:01 2492133                    /usr/lib/x86_64-linux-gnu/libdrm.so.2.4.0
7f0060724000-7f0060725000 r-xp 00000000 08:01 2494224                    /usr/lib/x86_64-linux-gnu/libxshmfence.so.1.0.0
7f0060725000-7f0060924000 ---p 00001000 08:01 2494224                    /usr/lib/x86_64-linux-gnu/libxshmfence.so.1.0.0
7f0060924000-7f0060925000 r--p 00000000 08:01 2494224                    /usr/lib/x86_64-linux-gnu/libxshmfence.so.1.0.0
7f0060925000-7f0060926000 rw-p 00001000 08:01 2494224                    /usr/lib/x86_64-linux-gnu/libxshmfence.so.1.0.0
7f0060926000-7f006092b000 r-xp 00000000 08:01 2494210                    /usr/lib/x86_64-linux-gnu/libxcb-sync.so.1.0.0
7f006092b000-7f0060b2a000 ---p 00005000 08:01 2494210                    /usr/lib/x86_64-linux-gnu/libxcb-sync.so.1.0.0
7f0060b2a000-7f0060b2b000 r--p 00004000 08:01 2494210                    /usr/lib/x86_64-linux-gnu/libxcb-sync.so.1.0.0
7f0060b2b000-7f0060b2c000 rw-p 00005000 08:01 2494210                    /usr/lib/x86_64-linux-gnu/libxcb-sync.so.1.0.0
7f0060b2c000-7f0060b2e000 r-xp 00000000 08:01 2494202                    /usr/lib/x86_64-linux-gnu/libxcb-present.so.0.0.0
7f0060b2e000-7f0060d2d000 ---p 00002000 08:01 2494202                    /usr/lib/x86_64-linux-gnu/libxcb-present.so.0.0.0
7f0060d2d000-7f0060d2e000 r--p 00001000 08:01 2494202                    /usr/lib/x86_64-linux-gnu/libxcb-present.so.0.0.0
7f0060d2e000-7f0060d2f000 rw-p 00002000 08:01 2494202                    /usr/lib/x86_64-linux-gnu/libxcb-present.so.0.0.0
7f0060d2f000-7f0060d31000 r-xp 00000000 08:01 2494198                    /usr/lib/x86_64-linux-gnu/libxcb-dri3.so.0.0.0
7f0060d31000-7f0060f30000 ---p 00002000 08:01 2494198                    /usr/lib/x86_64-linux-gnu/libxcb-dri3.so.0.0.0
7f0060f30000-7f0060f31000 r--p 00001000 08:01 2494198                    /usr/lib/x86_64-linux-gnu/libxcb-dri3.so.0.0.0
7f0060f31000-7f0060f32000 rw-p 00002000 08:01 2494198                    /usr/lib/x86_64-linux-gnu/libxcb-dri3.so.0.0.0
7f0060f32000-7f0060f35000 r-xp 00000000 08:01 2494196                    /usr/lib/x86_64-linux-gnu/libxcb-dri2.so.0.0.0
7f0060f35000-7f0061135000 ---p 00003000 08:01 2494196                    /usr/lib/x86_64-linux-gnu/libxcb-dri2.so.0.0.0
7f0061135000-7f0061136000 r--p 00003000 08:01 2494196                    /usr/lib/x86_64-linux-gnu/libxcb-dri2.so.0.0.0
7f0061136000-7f0061137000 rw-p 00004000 08:01 2494196                    /usr/lib/x86_64-linux-gnu/libxcb-dri2.so.0.0.0
7f0061137000-7f006114c000 r-xp 00000000 08:01 2494200                    /usr/lib/x86_64-linux-gnu/libxcb-glx.so.0.0.0
7f006114c000-7f006134b000 ---p 00015000 08:01 2494200                    /usr/lib/x86_64-linux-gnu/libxcb-glx.so.0.0.0
7f006134b000-7f006134d000 r--p 00014000 08:01 2494200                    /usr/lib/x86_64-linux-gnu/libxcb-glx.so.0.0.0
7f006134d000-7f006134e000 rw-p 00016000 08:01 2494200                    /usr/lib/x86_64-linux-gnu/libxcb-glx.so.0.0.0
7f006134e000-7f006134f000 r-xp 00000000 08:01 2493218                    /usr/lib/x86_64-linux-gnu/libX11-xcb.so.1.0.0
7f006134f000-7f006154e000 ---p 00001000 08:01 2493218                    /usr/lib/x86_64-linux-gnu/libX11-xcb.so.1.0.0
7f006154e000-7f006154f000 r--p 00000000 08:01 2493218                    /usr/lib/x86_64-linux-gnu/libX11-xcb.so.1.0.0
7f006154f000-7f0061550000 rw-p 00001000 08:01 2493218                    /usr/lib/x86_64-linux-gnu/libX11-xcb.so.1.0.0
7f0061550000-7f0061552000 r-xp 00000000 08:01 2493233                    /usr/lib/x86_64-linux-gnu/libXdamage.so.1.1.0
7f0061552000-7f0061751000 ---p 00002000 08:01 2493233                    /usr/lib/x86_64-linux-gnu/libXdamage.so.1.1.0
7f0061751000-7f0061752000 r--p 00001000 08:01 2493233                    /usr/lib/x86_64-linux-gnu/libXdamage.so.1.1.0
7f0061752000-7f0061753000 rw-p 00002000 08:01 2493233                    /usr/lib/x86_64-linux-gnu/libXdamage.so.1.1.0
7f0061753000-7f0061778000 r-xp 00000000 08:01 2493563                    /usr/lib/x86_64-linux-gnu/libglapi.so.0.0.0
7f0061778000-7f0061978000 ---p 00025000 08:01 2493563                    /usr/lib/x86_64-linux-gnu/libglapi.so.0.0.0
7f0061978000-7f006197b000 r--p 00025000 08:01 2493563                    /usr/lib/x86_64-linux-gnu/libglapi.so.0.0.0
7f006197b000-7f006197c000 rw-p 00028000 08:01 2493563                    /usr/lib/x86_64-linux-gnu/libglapi.so.0.0.0
7f006197c000-7f006197d000 rw-p 00000000 00:00 0 
7f006197d000-7f00619a4000 r-xp 00000000 08:01 1753317                    /lib/x86_64-linux-gnu/libexpat.so.1.6.0
7f00619a4000-7f0061ba4000 ---p 00027000 08:01 1753317                    /lib/x86_64-linux-gnu/libexpat.so.1.6.0
7f0061ba4000-7f0061ba6000 r--p 00027000 08:01 1753317                    /lib/x86_64-linux-gnu/libexpat.so.1.6.0
7f0061ba6000-7f0061ba7000 rw-p 00029000 08:01 1753317                    /lib/x86_64-linux-gnu/libexpat.so.1.6.0
7f0061ba7000-7f0061c35000 r-xp 00000000 08:01 2516152                    /usr/lib/x86_64-linux-gnu/mesa/libGL.so.1.2.0
7f0061c35000-7f0061e34000 ---p 0008e000 08:01 2516152                    /usr/lib/x86_64-linux-gnu/mesa/libGL.so.1.2.0
7f0061e34000-7f0061e37000 r--p 0008d000 08:01 2516152                    /usr/lib/x86_64-linux-gnu/mesa/libGL.so.1.2.0
7f0061e37000-7f0061e38000 rw-p 00090000 08:01 2516152                    /usr/lib/x86_64-linux-gnu/mesa/libGL.so.1.2.0
7f0061e38000-7f0062039000 rw-p 00000000 00:00 0 
7f0062039000-7f0062239000 rw-p 00000000 00:00 0 
7f0062239000-7f0062240000 r-xp 00000000 08:01 454087                     /tmp/jogamp_0000/file_cache/jln4889116640240600788/jln2906695761325301852/libnativewindow_x11.so
7f0062240000-7f006243f000 ---p 00007000 08:01 454087                     /tmp/jogamp_0000/file_cache/jln4889116640240600788/jln2906695761325301852/libnativewindow_x11.so
7f006243f000-7f0062440000 rw-p 00006000 08:01 454087                     /tmp/jogamp_0000/file_cache/jln4889116640240600788/jln2906695761325301852/libnativewindow_x11.so
7f0062440000-7f0062444000 r-xp 00000000 08:01 2493273                    /usr/lib/x86_64-linux-gnu/libXxf86vm.so.1.0.0
7f0062444000-7f0062644000 ---p 00004000 08:01 2493273                    /usr/lib/x86_64-linux-gnu/libXxf86vm.so.1.0.0
7f0062644000-7f0062645000 r--p 00004000 08:01 2493273                    /usr/lib/x86_64-linux-gnu/libXxf86vm.so.1.0.0
7f0062645000-7f0062646000 rw-p 00005000 08:01 2493273                    /usr/lib/x86_64-linux-gnu/libXxf86vm.so.1.0.0
7f0062646000-7f0062648000 r-xp 00000000 08:01 454086                     /tmp/jogamp_0000/file_cache/jln4889116640240600788/jln2906695761325301852/libnativewindow_awt.so
7f0062648000-7f0062847000 ---p 00002000 08:01 454086                     /tmp/jogamp_0000/file_cache/jln4889116640240600788/jln2906695761325301852/libnativewindow_awt.so
7f0062847000-7f0062848000 rw-p 00001000 08:01 454086                     /tmp/jogamp_0000/file_cache/jln4889116640240600788/jln2906695761325301852/libnativewindow_awt.so
7f0062848000-7f0062849000 r-xp 00000000 08:01 419715                     /usr/local/java/jdk1.8.0_72/jre/lib/amd64/libjawt.so
7f0062849000-7f0062a48000 ---p 00001000 08:01 419715                     /usr/local/java/jdk1.8.0_72/jre/lib/amd64/libjawt.so
7f0062a48000-7f0062a49000 rw-p 00000000 08:01 419715                     /usr/local/java/jdk1.8.0_72/jre/lib/amd64/libjawt.so
7f0062a49000-7f0062a4b000 r-xp 00000000 08:01 454083                     /tmp/jogamp_0000/file_cache/jln4889116640240600788/jln2906695761325301852/libgluegen-rt.so
7f0062a4b000-7f0062c4a000 ---p 00002000 08:01 454083                     /tmp/jogamp_0000/file_cache/jln4889116640240600788/jln2906695761325301852/libgluegen-rt.so
7f0062c4a000-7f0062c4b000 rw-p 00001000 08:01 454083                     /tmp/jogamp_0000/file_cache/jln4889116640240600788/jln2906695761325301852/libgluegen-rt.so
7f0062c4b000-7f0062c4e000 ---p 00000000 00:00 0 
7f0062c4e000-7f0062f4c000 rw-p 00000000 00:00 0 
7f0062f4c000-7f0062f4f000 ---p 00000000 00:00 0 
7f0062f4f000-7f006324d000 rw-p 00000000 00:00 0 
7f006324d000-7f0063250000 ---p 00000000 00:00 0 
7f0063250000-7f006334e000 rw-p 00000000 00:00 0 
7f006334e000-7f00633b7000 r-xp 00000000 08:01 419733                     /usr/local/java/jdk1.8.0_72/jre/lib/amd64/libt2k.so
7f00633b7000-7f00635b7000 ---p 00069000 08:01 419733                     /usr/local/java/jdk1.8.0_72/jre/lib/amd64/libt2k.so
7f00635b7000-7f00635be000 rw-p 00069000 08:01 419733                     /usr/local/java/jdk1.8.0_72/jre/lib/amd64/libt2k.so
7f00635be000-7f00635ce000 rw-p 00000000 00:00 0 
7f00635ce000-7f00635df000 r-xp 00000000 08:01 419753                     /usr/local/java/jdk1.8.0_72/jre/lib/amd64/libnio.so
7f00635df000-7f00637de000 ---p 00011000 08:01 419753                     /usr/local/java/jdk1.8.0_72/jre/lib/amd64/libnio.so
7f00637de000-7f00637df000 rw-p 00010000 08:01 419753                     /usr/local/java/jdk1.8.0_72/jre/lib/amd64/libnio.so
7f00637df000-7f00637f5000 r-xp 00000000 08:01 419730                     /usr/local/java/jdk1.8.0_72/jre/lib/amd64/libnet.so
7f00637f5000-7f00639f5000 ---p 00016000 08:01 419730                     /usr/local/java/jdk1.8.0_72/jre/lib/amd64/libnet.so
7f00639f5000-7f00639f6000 rw-p 00016000 08:01 419730                     /usr/local/java/jdk1.8.0_72/jre/lib/amd64/libnet.so
7f00639f6000-7f00639f9000 ---p 00000000 00:00 0 
7f00639f9000-7f0063af7000 rw-p 00000000 00:00 0 
7f0063af7000-7f0063afa000 ---p 00000000 00:00 0 
7f0063afa000-7f0063bf8000 rw-p 00000000 00:00 0 
7f0063bf8000-7f0063bfb000 ---p 00000000 00:00 0 
7f0063bfb000-7f0063cf9000 rw-p 00000000 00:00 0 
7f0063cf9000-7f0063cfc000 ---p 00000000 00:00 0 
7f0063cfc000-7f0063dfa000 rw-p 00000000 00:00 0 
7f0063dfa000-7f0063dff000 r-xp 00000000 08:01 2493239                    /usr/lib/x86_64-linux-gnu/libXfixes.so.3.1.0
7f0063dff000-7f0063ffe000 ---p 00005000 08:01 2493239                    /usr/lib/x86_64-linux-gnu/libXfixes.so.3.1.0
7f0063ffe000-7f0063fff000 r--p 00004000 08:01 2493239                    /usr/lib/x86_64-linux-gnu/libXfixes.so.3.1.0
7f0063fff000-7f0064000000 rw-p 00005000 08:01 2493239                    /usr/lib/x86_64-linux-gnu/libXfixes.so.3.1.0
7f0064000000-7f0064021000 rw-p 00000000 00:00 0 
7f0064021000-7f0068000000 ---p 00000000 00:00 0 
7f0068000000-7f0068021000 rw-p 00000000 00:00 0 
7f0068021000-7f006c000000 ---p 00000000 00:00 0 
7f006c000000-7f006c6d5000 rw-p 00000000 00:00 0 
7f006c6d5000-7f0070000000 ---p 00000000 00:00 0 
7f0070000000-7f0070021000 rw-p 00000000 00:00 0 
7f0070021000-7f0074000000 ---p 00000000 00:00 0 
7f0074000000-7f00751bf000 rw-p 00000000 00:00 0 
7f00751bf000-7f0078000000 ---p 00000000 00:00 0 
7f0078000000-7f00787d0000 rw-p 00000000 00:00 0 
7f00787d0000-7f007c000000 ---p 00000000 00:00 0 
7f007c000000-7f007c021000 rw-p 00000000 00:00 0 
7f007c021000-7f0080000000 ---p 00000000 00:00 0 
7f0080000000-7f0080021000 rw-p 00000000 00:00 0 
7f0080021000-7f0084000000 ---p 00000000 00:00 0 
7f0084000000-7f0084021000 rw-p 00000000 00:00 0 
7f0084021000-7f0088000000 ---p 00000000 00:00 0 
7f008802a000-7f0088033000 r-xp 00000000 08:01 2493231                    /usr/lib/x86_64-linux-gnu/libXcursor.so.1.0.2
7f0088033000-7f0088232000 ---p 00009000 08:01 2493231                    /usr/lib/x86_64-linux-gnu/libXcursor.so.1.0.2
7f0088232000-7f0088233000 r--p 00008000 08:01 2493231                    /usr/lib/x86_64-linux-gnu/libXcursor.so.1.0.2
7f0088233000-7f0088234000 rw-p 00009000 08:01 2493231                    /usr/lib/x86_64-linux-gnu/libXcursor.so.1.0.2
7f0088234000-7f0088237000 ---p 00000000 00:00 0 
7f0088237000-7f0088335000 rw-p 00000000 00:00 0 
7f0088335000-7f008834b000 r-xp 00000000 08:01 1756157                    /lib/x86_64-linux-gnu/libgcc_s.so.1
7f008834b000-7f008854a000 ---p 00016000 08:01 1756157                    /lib/x86_64-linux-gnu/libgcc_s.so.1
7f008854a000-7f008854b000 rw-p 00015000 08:01 1756157                    /lib/x86_64-linux-gnu/libgcc_s.so.1
7f008854b000-7f00885b0000 r-xp 00000000 08:01 419734                     /usr/local/java/jdk1.8.0_72/jre/lib/amd64/libfontmanager.so
7f00885b0000-7f00887af000 ---p 00065000 08:01 419734                     /usr/local/java/jdk1.8.0_72/jre/lib/amd64/libfontmanager.so
7f00887af000-7f00887b4000 rw-p 00064000 08:01 419734                     /usr/local/java/jdk1.8.0_72/jre/lib/amd64/libfontmanager.so
7f00887b4000-7f00887c4000 rw-p 00000000 00:00 0 
7f00887c4000-7f00887c9000 r-xp 00000000 08:01 2493235                    /usr/lib/x86_64-linux-gnu/libXdmcp.so.6.0.0
7f00887c9000-7f00889c8000 ---p 00005000 08:01 2493235                    /usr/lib/x86_64-linux-gnu/libXdmcp.so.6.0.0
7f00889c8000-7f00889c9000 r--p 00004000 08:01 2493235                    /usr/lib/x86_64-linux-gnu/libXdmcp.so.6.0.0
7f00889c9000-7f00889ca000 rw-p 00005000 08:01 2493235                    /usr/lib/x86_64-linux-gnu/libXdmcp.so.6.0.0
7f00889ca000-7f00889cc000 r-xp 00000000 08:01 2493224                    /usr/lib/x86_64-linux-gnu/libXau.so.6.0.0
7f00889cc000-7f0088bcc000 ---p 00002000 08:01 2493224                    /usr/lib/x86_64-linux-gnu/libXau.so.6.0.0
7f0088bcc000-7f0088bcd000 r--p 00002000 08:01 2493224                    /usr/lib/x86_64-linux-gnu/libXau.so.6.0.0
7f0088bcd000-7f0088bce000 rw-p 00003000 08:01 2493224                    /usr/lib/x86_64-linux-gnu/libXau.so.6.0.0
7f0088bce000-7f0088beb000 r-xp 00000000 08:01 2494216                    /usr/lib/x86_64-linux-gnu/libxcb.so.1.1.0
7f0088beb000-7f0088deb000 ---p 0001d000 08:01 2494216                    /usr/lib/x86_64-linux-gnu/libxcb.so.1.1.0
7f0088deb000-7f0088dec000 r--p 0001d000 08:01 2494216                    /usr/lib/x86_64-linux-gnu/libxcb.so.1.1.0
7f0088dec000-7f0088ded000 rw-p 0001e000 08:01 2494216                    /usr/lib/x86_64-linux-gnu/libxcb.so.1.1.0
7f0088ded000-7f0088dfc000 r-xp 00000000 08:01 2493245                    /usr/lib/x86_64-linux-gnu/libXi.so.6.1.0
7f0088dfc000-7f0088ffb000 ---p 0000f000 08:01 2493245                    /usr/lib/x86_64-linux-gnu/libXi.so.6.1.0
7f0088ffb000-7f0088ffc000 r--p 0000e000 08:01 2493245                    /usr/lib/x86_64-linux-gnu/libXi.so.6.1.0
7f0088ffc000-7f0088ffd000 rw-p 0000f000 08:01 2493245                    /usr/lib/x86_64-linux-gnu/libXi.so.6.1.0
7f0088ffd000-7f0089002000 r-xp 00000000 08:01 2493263                    /usr/lib/x86_64-linux-gnu/libXtst.so.6.1.0
7f0089002000-7f0089201000 ---p 00005000 08:01 2493263                    /usr/lib/x86_64-linux-gnu/libXtst.so.6.1.0
7f0089201000-7f0089202000 r--p 00004000 08:01 2493263                    /usr/lib/x86_64-linux-gnu/libXtst.so.6.1.0
7f0089202000-7f0089203000 rw-p 00005000 08:01 2493263                    /usr/lib/x86_64-linux-gnu/libXtst.so.6.1.0
7f0089203000-7f008920c000 r-xp 00000000 08:01 2493257                    /usr/lib/x86_64-linux-gnu/libXrender.so.1.3.0
7f008920c000-7f008940b000 ---p 00009000 08:01 2493257                    /usr/lib/x86_64-linux-gnu/libXrender.so.1.3.0
7f008940b000-7f008940c000 r--p 00008000 08:01 2493257                    /usr/lib/x86_64-linux-gnu/libXrender.so.1.3.0
7f008940c000-7f008940d000 rw-p 00009000 08:01 2493257                    /usr/lib/x86_64-linux-gnu/libXrender.so.1.3.0
7f008940d000-7f008953d000 r-xp 00000000 08:01 2493220                    /usr/lib/x86_64-linux-gnu/libX11.so.6.3.0
7f008953d000-7f008973d000 ---p 00130000 08:01 2493220                    /usr/lib/x86_64-linux-gnu/libX11.so.6.3.0
7f008973d000-7f008973e000 r--p 00130000 08:01 2493220                    /usr/lib/x86_64-linux-gnu/libX11.so.6.3.0
7f008973e000-7f0089742000 rw-p 00131000 08:01 2493220                    /usr/lib/x86_64-linux-gnu/libX11.so.6.3.0
7f0089742000-7f0089753000 r-xp 00000000 08:01 2493237                    /usr/lib/x86_64-linux-gnu/libXext.so.6.4.0
7f0089753000-7f0089952000 ---p 00011000 08:01 2493237                    /usr/lib/x86_64-linux-gnu/libXext.so.6.4.0
7f0089952000-7f0089953000 r--p 00010000 08:01 2493237                    /usr/lib/x86_64-linux-gnu/libXext.so.6.4.0
7f0089953000-7f0089954000 rw-p 00011000 08:01 2493237                    /usr/lib/x86_64-linux-gnu/libXext.so.6.4.0
7f0089954000-7f00899a8000 r-xp 00000000 08:01 419740                     /usr/local/java/jdk1.8.0_72/jre/lib/amd64/libawt_xawt.so
7f00899a8000-7f0089ba8000 ---p 00054000 08:01 419740                     /usr/local/java/jdk1.8.0_72/jre/lib/amd64/libawt_xawt.so
7f0089ba8000-7f0089bac000 rw-p 00054000 08:01 419740                     /usr/local/java/jdk1.8.0_72/jre/lib/amd64/libawt_xawt.so
7f0089bac000-7f0089bad000 rw-p 00000000 00:00 0 
7f0089bad000-7f0089c4f000 r-xp 00000000 08:01 419747                     /usr/local/java/jdk1.8.0_72/jre/lib/amd64/libawt.so
7f0089c4f000-7f0089e4f000 ---p 000a2000 08:01 419747                     /usr/local/java/jdk1.8.0_72/jre/lib/amd64/libawt.so
7f0089e4f000-7f0089e5b000 rw-p 000a2000 08:01 419747                     /usr/local/java/jdk1.8.0_72/jre/lib/amd64/libawt.so
7f0089e5b000-7f0089e7f000 rw-p 00000000 00:00 0 
7f0089e7f000-7f0089e80000 ---p 00000000 00:00 0 
7f0089e80000-7f0089f80000 rw-p 00000000 00:00 0 
7f0089f80000-7f0089f83000 ---p 00000000 00:00 0 
7f0089f83000-7f008a081000 rw-p 00000000 00:00 0 
7f008a081000-7f008a084000 ---p 00000000 00:00 0 
7f008a084000-7f008a182000 rw-p 00000000 00:00 0 
7f008a182000-7f008a185000 ---p 00000000 00:00 0 
7f008a185000-7f008a283000 rw-p 00000000 00:00 0 
7f008a283000-7f008a286000 ---p 00000000 00:00 0 
7f008a286000-7f008a384000 rw-p 00000000 00:00 0 
7f008a384000-7f008a387000 ---p 00000000 00:00 0 
7f008a387000-7f008a485000 rw-p 00000000 00:00 0 
7f008a485000-7f008bdfe000 r--p 00000000 08:01 2492291                    /usr/lib/locale/locale-archive
7f008bdfe000-7f008be01000 ---p 00000000 00:00 0 
7f008be01000-7f008beff000 rw-p 00000000 00:00 0 
7f008beff000-7f008bf02000 ---p 00000000 00:00 0 
7f008bf02000-7f008c000000 rw-p 00000000 00:00 0 
7f008c000000-7f008c021000 rw-p 00000000 00:00 0 
7f008c021000-7f0090000000 ---p 00000000 00:00 0 
7f0090000000-7f0090089000 rw-p 00000000 00:00 0 
7f0090089000-7f0094000000 ---p 00000000 00:00 0 
7f0094000000-7f0094021000 rw-p 00000000 00:00 0 
7f0094021000-7f0098000000 ---p 00000000 00:00 0 
7f0098000000-7f0098021000 rw-p 00000000 00:00 0 
7f0098021000-7f009c000000 ---p 00000000 00:00 0 
7f009c000000-7f009c021000 rw-p 00000000 00:00 0 
7f009c021000-7f00a0000000 ---p 00000000 00:00 0 
7f00a0016000-7f00a001a000 rw-s 00000000 00:05 87100                      /drm mm object (deleted)
7f00a001a000-7f00a007a000 rw-s 113ee0000 00:06 1508                      /dev/dri/card0
7f00a007e000-7f00a008e000 rw-s 114aa8000 00:06 1508                      /dev/dri/card0
7f00a008e000-7f00a009e000 rw-s 1148d8000 00:06 1508                      /dev/dri/card0
7f00a009e000-7f00a00a1000 ---p 00000000 00:00 0 
7f00a00a1000-7f00a00d7000 rw-p 00000000 00:00 0 
7f00a00d7000-7f00a00fa000 r--s 002ec000 08:09 1813107                    /home/opu/workspace/CourseraJavaAssignment/lib/jogl-all.jar
7f00a00fa000-7f00a00fb000 ---p 00000000 00:00 0 
7f00a00fb000-7f00a11bc000 rw-p 00000000 00:00 0 
7f00a11bc000-7f00a1394000 r--s 03d1d000 08:01 183084                     /usr/local/java/jdk1.8.0_72/jre/lib/rt.jar
7f00a1394000-7f00a4bfc000 rw-p 00000000 00:00 0 
7f00a4bfc000-7f00a4bfd000 ---p 00000000 00:00 0 
7f00a4bfd000-7f00a4cfd000 rw-p 00000000 00:00 0 
7f00a4cfd000-7f00a4cfe000 ---p 00000000 00:00 0 
7f00a4cfe000-7f00a4dfe000 rw-p 00000000 00:00 0 
7f00a4dfe000-7f00a4dff000 ---p 00000000 00:00 0 
7f00a4dff000-7f00a4eff000 rw-p 00000000 00:00 0 
7f00a4eff000-7f00a4f00000 ---p 00000000 00:00 0 
7f00a4f00000-7f00a5000000 rw-p 00000000 00:00 0 
7f00a5000000-7f00a5880000 rwxp 00000000 00:00 0 
7f00a5880000-7f00b4000000 ---p 00000000 00:00 0 
7f00b4000000-7f00b4566000 rw-p 00000000 00:00 0 
7f00b4566000-7f00b8000000 ---p 00000000 00:00 0 
7f00b8006000-7f00b8007000 rw-p 00000000 00:00 0 
7f00b8007000-7f00b8008000 rw-s 00000000 00:05 84589                      /drm mm object (deleted)
7f00b8008000-7f00b8009000 rwxp 00000000 00:00 0 
7f00b8009000-7f00b800a000 r--p 00000000 00:00 0 
7f00b800a000-7f00b800e000 r--s 00097000 08:01 183087                     /usr/local/java/jdk1.8.0_72/jre/lib/jsse.jar
7f00b800e000-7f00b804e000 rw-p 00000000 00:00 0 
7f00b804e000-7f00b8211000 ---p 00000000 00:00 0 
7f00b8211000-7f00b8230000 rw-p 00000000 00:00 0 
7f00b8230000-7f00b83f2000 ---p 00000000 00:00 0 
7f00b83f2000-7f00b845b000 rw-p 00000000 00:00 0 
7f00b845b000-7f00b84e3000 ---p 00000000 00:00 0 
7f00b84e3000-7f00b8506000 rw-p 00000000 00:00 0 
7f00b8506000-7f00b88a4000 ---p 00000000 00:00 0 
7f00b88a4000-7f00b88be000 r-xp 00000000 08:01 419725                     /usr/local/java/jdk1.8.0_72/jre/lib/amd64/libzip.so
7f00b88be000-7f00b8abe000 ---p 0001a000 08:01 419725                     /usr/local/java/jdk1.8.0_72/jre/lib/amd64/libzip.so
7f00b8abe000-7f00b8abf000 rw-p 0001a000 08:01 419725                     /usr/local/java/jdk1.8.0_72/jre/lib/amd64/libzip.so
7f00b8abf000-7f00b8ac9000 r-xp 00000000 08:01 1753306                    /lib/x86_64-linux-gnu/libnss_files-2.19.so
7f00b8ac9000-7f00b8cc8000 ---p 0000a000 08:01 1753306                    /lib/x86_64-linux-gnu/libnss_files-2.19.so
7f00b8cc8000-7f00b8cc9000 r--p 00009000 08:01 1753306                    /lib/x86_64-linux-gnu/libnss_files-2.19.so
7f00b8cc9000-7f00b8cca000 rw-p 0000a000 08:01 1753306                    /lib/x86_64-linux-gnu/libnss_files-2.19.so
7f00b8cca000-7f00b8cd5000 r-xp 00000000 08:01 1753298                    /lib/x86_64-linux-gnu/libnss_nis-2.19.so
7f00b8cd5000-7f00b8ed4000 ---p 0000b000 08:01 1753298                    /lib/x86_64-linux-gnu/libnss_nis-2.19.so
7f00b8ed4000-7f00b8ed5000 r--p 0000a000 08:01 1753298                    /lib/x86_64-linux-gnu/libnss_nis-2.19.so
7f00b8ed5000-7f00b8ed6000 rw-p 0000b000 08:01 1753298                    /lib/x86_64-linux-gnu/libnss_nis-2.19.so
7f00b8ed6000-7f00b8eed000 r-xp 00000000 08:01 1753294                    /lib/x86_64-linux-gnu/libnsl-2.19.so
7f00b8eed000-7f00b90ec000 ---p 00017000 08:01 1753294                    /lib/x86_64-linux-gnu/libnsl-2.19.so
7f00b90ec000-7f00b90ed000 r--p 00016000 08:01 1753294                    /lib/x86_64-linux-gnu/libnsl-2.19.so
7f00b90ed000-7f00b90ee000 rw-p 00017000 08:01 1753294                    /lib/x86_64-linux-gnu/libnsl-2.19.so
7f00b90ee000-7f00b90f0000 rw-p 00000000 00:00 0 
7f00b90f0000-7f00b90f9000 r-xp 00000000 08:01 1753293                    /lib/x86_64-linux-gnu/libnss_compat-2.19.so
7f00b90f9000-7f00b92f8000 ---p 00009000 08:01 1753293                    /lib/x86_64-linux-gnu/libnss_compat-2.19.so
7f00b92f8000-7f00b92f9000 r--p 00008000 08:01 1753293                    /lib/x86_64-linux-gnu/libnss_compat-2.19.so
7f00b92f9000-7f00b92fa000 rw-p 00009000 08:01 1753293                    /lib/x86_64-linux-gnu/libnss_compat-2.19.so
7f00b92fa000-7f00b9324000 r-xp 00000000 08:01 419703                     /usr/local/java/jdk1.8.0_72/jre/lib/amd64/libjava.so
7f00b9324000-7f00b9524000 ---p 0002a000 08:01 419703                     /usr/local/java/jdk1.8.0_72/jre/lib/amd64/libjava.so
7f00b9524000-7f00b9526000 rw-p 0002a000 08:01 419703                     /usr/local/java/jdk1.8.0_72/jre/lib/amd64/libjava.so
7f00b9526000-7f00b9533000 r-xp 00000000 08:01 419719                     /usr/local/java/jdk1.8.0_72/jre/lib/amd64/libverify.so
7f00b9533000-7f00b9733000 ---p 0000d000 08:01 419719                     /usr/local/java/jdk1.8.0_72/jre/lib/amd64/libverify.so
7f00b9733000-7f00b9735000 rw-p 0000d000 08:01 419719                     /usr/local/java/jdk1.8.0_72/jre/lib/amd64/libverify.so
7f00b9735000-7f00b973c000 r-xp 00000000 08:01 1753302                    /lib/x86_64-linux-gnu/librt-2.19.so
7f00b973c000-7f00b993b000 ---p 00007000 08:01 1753302                    /lib/x86_64-linux-gnu/librt-2.19.so
7f00b993b000-7f00b993c000 r--p 00006000 08:01 1753302                    /lib/x86_64-linux-gnu/librt-2.19.so
7f00b993c000-7f00b993d000 rw-p 00007000 08:01 1753302                    /lib/x86_64-linux-gnu/librt-2.19.so
7f00b993d000-7f00b9a42000 r-xp 00000000 08:01 1753288                    /lib/x86_64-linux-gnu/libm-2.19.so
7f00b9a42000-7f00b9c41000 ---p 00105000 08:01 1753288                    /lib/x86_64-linux-gnu/libm-2.19.so
7f00b9c41000-7f00b9c42000 r--p 00104000 08:01 1753288                    /lib/x86_64-linux-gnu/libm-2.19.so
7f00b9c42000-7f00b9c43000 rw-p 00105000 08:01 1753288                    /lib/x86_64-linux-gnu/libm-2.19.so
7f00b9c43000-7f00ba902000 r-xp 00000000 08:01 435637                     /usr/local/java/jdk1.8.0_72/jre/lib/amd64/server/libjvm.so
7f00ba902000-7f00bab01000 ---p 00cbf000 08:01 435637                     /usr/local/java/jdk1.8.0_72/jre/lib/amd64/server/libjvm.so
7f00bab01000-7f00babda000 rw-p 00cbe000 08:01 435637                     /usr/local/java/jdk1.8.0_72/jre/lib/amd64/server/libjvm.so
7f00babda000-7f00bac23000 rw-p 00000000 00:00 0 
7f00bac23000-7f00baddd000 r-xp 00000000 08:01 1753303                    /lib/x86_64-linux-gnu/libc-2.19.so
7f00baddd000-7f00bafdd000 ---p 001ba000 08:01 1753303                    /lib/x86_64-linux-gnu/libc-2.19.so
7f00bafdd000-7f00bafe1000 r--p 001ba000 08:01 1753303                    /lib/x86_64-linux-gnu/libc-2.19.so
7f00bafe1000-7f00bafe3000 rw-p 001be000 08:01 1753303                    /lib/x86_64-linux-gnu/libc-2.19.so
7f00bafe3000-7f00bafe8000 rw-p 00000000 00:00 0 
7f00bafe8000-7f00bafeb000 r-xp 00000000 08:01 1753290                    /lib/x86_64-linux-gnu/libdl-2.19.so
7f00bafeb000-7f00bb1ea000 ---p 00003000 08:01 1753290                    /lib/x86_64-linux-gnu/libdl-2.19.so
7f00bb1ea000-7f00bb1eb000 r--p 00002000 08:01 1753290                    /lib/x86_64-linux-gnu/libdl-2.19.so
7f00bb1eb000-7f00bb1ec000 rw-p 00003000 08:01 1753290                    /lib/x86_64-linux-gnu/libdl-2.19.so
7f00bb1ec000-7f00bb201000 r-xp 00000000 08:01 125710                     /usr/local/java/jdk1.8.0_72/lib/amd64/jli/libjli.so
7f00bb201000-7f00bb401000 ---p 00015000 08:01 125710                     /usr/local/java/jdk1.8.0_72/lib/amd64/jli/libjli.so
7f00bb401000-7f00bb402000 rw-p 00015000 08:01 125710                     /usr/local/java/jdk1.8.0_72/lib/amd64/jli/libjli.so
7f00bb402000-7f00bb41b000 r-xp 00000000 08:01 1753295                    /lib/x86_64-linux-gnu/libpthread-2.19.so
7f00bb41b000-7f00bb61a000 ---p 00019000 08:01 1753295                    /lib/x86_64-linux-gnu/libpthread-2.19.so
7f00bb61a000-7f00bb61b000 r--p 00018000 08:01 1753295                    /lib/x86_64-linux-gnu/libpthread-2.19.so
7f00bb61b000-7f00bb61c000 rw-p 00019000 08:01 1753295                    /lib/x86_64-linux-gnu/libpthread-2.19.so
7f00bb61c000-7f00bb620000 rw-p 00000000 00:00 0 
7f00bb620000-7f00bb643000 r-xp 00000000 08:01 1753296                    /lib/x86_64-linux-gnu/ld-2.19.so
7f00bb643000-7f00bb644000 r--s 0002d000 08:09 1813117                    /home/opu/workspace/CourseraJavaAssignment/lib/jogl-all-natives-windows-i586.jar
7f00bb644000-7f00bb646000 r--s 00034000 08:09 1813109                    /home/opu/workspace/CourseraJavaAssignment/lib/jogl-all-natives-windows-amd64.jar
7f00bb646000-7f00bb647000 r--s 00064000 08:09 1813112                    /home/opu/workspace/CourseraJavaAssignment/lib/jogl-all-natives-macosx-universal.jar
7f00bb647000-7f00bb648000 r--s 00001000 08:09 1813116                    /home/opu/workspace/CourseraJavaAssignment/lib/gluegen-rt-natives-windows-i586.jar
7f00bb648000-7f00bb649000 r--s 00001000 08:09 1813106                    /home/opu/workspace/CourseraJavaAssignment/lib/gluegen-rt-natives-windows-amd64.jar
7f00bb649000-7f00bb64a000 r--s 00001000 08:09 1813102                    /home/opu/workspace/CourseraJavaAssignment/lib/gluegen-rt-natives-macosx-universal.jar
7f00bb64a000-7f00bb64b000 r--s 0002d000 08:09 1813110                    /home/opu/workspace/CourseraJavaAssignment/lib/jogl-all-natives-linux-i586.jar
7f00bb64b000-7f00bb64c000 r--s 00023000 08:09 1813119                    /home/opu/workspace/CourseraJavaAssignment/lib/jogl-all-natives-linux-armv6hf.jar
7f00bb64c000-7f00bb64d000 r--s 00005000 08:09 1813105                    /home/opu/workspace/CourseraJavaAssignment/lib/libTUIO.jar
7f00bb64d000-7f00bb654000 r--s 00059000 08:09 1813114                    /home/opu/workspace/CourseraJavaAssignment/lib/log4j-1.2.15.jar
7f00bb654000-7f00bb655000 r--s 0002f000 08:09 1813115                    /home/opu/workspace/CourseraJavaAssignment/lib/jogl-all-natives-linux-amd64.jar
7f00bb655000-7f00bb656000 r--s 00007000 08:09 1813104                    /home/opu/workspace/CourseraJavaAssignment/lib/json4processing.jar
7f00bb656000-7f00bb65c000 r--s 00041000 08:09 1813108                    /home/opu/workspace/CourseraJavaAssignment/lib/gluegen-rt.jar
7f00bb65c000-7f00bb65e000 r--s 00000000 08:09 1813103                    /home/opu/workspace/CourseraJavaAssignment/lib/gluegen-rt-natives-linux-i586.jar
7f00bb65e000-7f00bb660000 r--s 00000000 08:09 1813113                    /home/opu/workspace/CourseraJavaAssignment/lib/gluegen-rt-natives-linux-amd64.jar
7f00bb660000-7f00bb721000 rw-p 00000000 00:00 0 
7f00bb721000-7f00bb724000 ---p 00000000 00:00 0 
7f00bb724000-7f00bb826000 rw-p 00000000 00:00 0 
7f00bb826000-7f00bb827000 r--s 00000000 08:09 1813120                    /home/opu/workspace/CourseraJavaAssignment/lib/gluegen-rt-natives-linux-armv6hf.jar
7f00bb827000-7f00bb82c000 r--s 00309000 08:09 1813118                    /home/opu/workspace/CourseraJavaAssignment/lib/sqlite-jdbc-3.7.2.jar
7f00bb82c000-7f00bb832000 r--s 00033000 08:09 1813111                    /home/opu/workspace/CourseraJavaAssignment/lib/unfolding.0.9.7-uscd.jar
7f00bb832000-7f00bb836000 r--s 0009a000 08:09 1813121                    /home/opu/workspace/CourseraJavaAssignment/lib/core.jar
7f00bb836000-7f00bb83e000 rw-s 00000000 08:01 286775                     /tmp/hsperfdata_opu/6528
7f00bb83e000-7f00bb83f000 rw-p 00000000 00:00 0 
7f00bb83f000-7f00bb840000 r--p 00000000 00:00 0 
7f00bb840000-7f00bb842000 rw-p 00000000 00:00 0 
7f00bb842000-7f00bb843000 r--p 00022000 08:01 1753296                    /lib/x86_64-linux-gnu/ld-2.19.so
7f00bb843000-7f00bb844000 rw-p 00023000 08:01 1753296                    /lib/x86_64-linux-gnu/ld-2.19.so
7f00bb844000-7f00bb845000 rw-p 00000000 00:00 0 
7ffeae6c5000-7ffeae6e7000 rw-p 00000000 00:00 0                          [stack]
7ffeae763000-7ffeae765000 r--p 00000000 00:00 0                          [vvar]
7ffeae765000-7ffeae767000 r-xp 00000000 00:00 0                          [vdso]
ffffffffff600000-ffffffffff601000 r-xp 00000000 00:00 0                  [vsyscall]

VM Arguments:
jvm_args: -Djava.security.policy=java.policy.applet -Dfile.encoding=UTF-8 
java_command: sun.applet.AppletViewer assignment.VisitedPlace1465548705729.html
java_class_path (initial): /home/opu/workspace/CourseraJavaAssignment/bin:/home/opu/workspace/CourseraJavaAssignment/lib/core.jar:/home/opu/workspace/CourseraJavaAssignment/lib/unfolding.0.9.7-uscd.jar:/home/opu/workspace/CourseraJavaAssignment/lib/sqlite-jdbc-3.7.2.jar:/home/opu/workspace/CourseraJavaAssignment/lib/gluegen-rt-natives-linux-amd64.jar:/home/opu/workspace/CourseraJavaAssignment/lib/gluegen-rt-natives-linux-armv6hf.jar:/home/opu/workspace/CourseraJavaAssignment/lib/gluegen-rt-natives-linux-i586.jar:/home/opu/workspace/CourseraJavaAssignment/lib/gluegen-rt.jar:/home/opu/workspace/CourseraJavaAssignment/lib/json4processing.jar:/home/opu/workspace/CourseraJavaAssignment/lib/jogl-all-natives-linux-amd64.jar:/home/opu/workspace/CourseraJavaAssignment/lib/log4j-1.2.15.jar:/home/opu/workspace/CourseraJavaAssignment/lib/libTUIO.jar:/home/opu/workspace/CourseraJavaAssignment/lib/jogl-all-natives-linux-armv6hf.jar:/home/opu/workspace/CourseraJavaAssignment/lib/jogl-all-natives-linux-i586.jar:/home/opu/workspace/CourseraJavaAssignment/lib/jogl-all.jar:/home/opu/workspace/CourseraJavaAssignment/lib/gluegen-rt-natives-macosx-universal.jar:/home/opu/workspace/CourseraJavaAssignment/lib/gluegen-rt-natives-windows-amd64.jar:/home/opu/workspace/CourseraJavaAssignment/lib/gluegen-rt-natives-windows-i586.jar:/home/opu/workspace/CourseraJavaAssignment/lib/jogl-all-natives-macosx-universal.jar:/home/opu/workspace/CourseraJavaAssignment/lib/jogl-all-natives-windows-amd64.jar:/home/opu/workspace/CourseraJavaAssignment/lib/jogl-all-natives-windows-i586.jar
Launcher Type: SUN_STANDARD

Environment Variables:
JAVA_HOME=/usr/local/java/jdk1.8.0_72
JRE_HOME=/usr/local/java/jdk1.8.0_72/jre
PATH=/usr/local/heroku/bin:/usr/local/sbin:/usr/local/bin:/usr/sbin:/usr/bin:/sbin:/bin:/usr/games:/usr/local/games:/usr/local/java/jdk1.8.0_72/bin:/usr/local/java/jdk1.8.0_72/jre/bin:/home/opu/adt/eclipse
SHELL=/bin/bash
DISPLAY=:0

Signal Handlers:
SIGSEGV: [libjvm.so+0xabb070], sa_mask[0]=11111111011111111101111111111110, sa_flags=SA_RESTART|SA_SIGINFO
SIGBUS: [libjvm.so+0xabb070], sa_mask[0]=11111111011111111101111111111110, sa_flags=SA_RESTART|SA_SIGINFO
SIGFPE: [libjvm.so+0x918480], sa_mask[0]=11111111011111111101111111111110, sa_flags=SA_RESTART|SA_SIGINFO
SIGPIPE: [libjvm.so+0x918480], sa_mask[0]=11111111011111111101111111111110, sa_flags=SA_RESTART|SA_SIGINFO
SIGXFSZ: [libjvm.so+0x918480], sa_mask[0]=11111111011111111101111111111110, sa_flags=SA_RESTART|SA_SIGINFO
SIGILL: [libjvm.so+0x918480], sa_mask[0]=11111111011111111101111111111110, sa_flags=SA_RESTART|SA_SIGINFO
SIGUSR1: SIG_DFL, sa_mask[0]=00000000000000000000000000000000, sa_flags=none
SIGUSR2: [libjvm.so+0x919ab0], sa_mask[0]=00100000000000000000000000000000, sa_flags=SA_RESTART|SA_SIGINFO
SIGHUP: [libjvm.so+0x91aeb0], sa_mask[0]=11111111011111111101111111111110, sa_flags=SA_RESTART|SA_SIGINFO
SIGINT: [libjvm.so+0x91aeb0], sa_mask[0]=11111111011111111101111111111110, sa_flags=SA_RESTART|SA_SIGINFO
SIGTERM: [libjvm.so+0x91aeb0], sa_mask[0]=11111111011111111101111111111110, sa_flags=SA_RESTART|SA_SIGINFO
SIGQUIT: [libjvm.so+0x91aeb0], sa_mask[0]=11111111011111111101111111111110, sa_flags=SA_RESTART|SA_SIGINFO


---------------  S Y S T E M  ---------------

OS:DISTRIB_ID="elementary OS"
DISTRIB_RELEASE=0.3.2
DISTRIB_CODENAME=freya
DISTRIB_DESCRIPTION="elementary OS Freya"

uname:Linux 3.19.0-59-generic #66~14.04.1-Ubuntu SMP Fri May 13 17:27:10 UTC 2016 x86_64
libc:glibc 2.19 NPTL 2.19 
rlimit: STACK 8192k, CORE 0k, NPROC 22954, NOFILE 4096, AS infinity
load average:0.65 0.51 0.38

/proc/meminfo:
MemTotal:        5908236 kB
MemFree:          236204 kB
MemAvailable:    1639120 kB
Buffers:          319156 kB
Cached:          1895440 kB
SwapCached:            0 kB
Active:          3543960 kB
Inactive:        1693704 kB
Active(anon):    2845900 kB
Inactive(anon):  1018192 kB
Active(file):     698060 kB
Inactive(file):   675512 kB
Unevictable:          32 kB
Mlocked:              32 kB
SwapTotal:       6249468 kB
SwapFree:        6249112 kB
Dirty:              4692 kB
Writeback:             0 kB
AnonPages:       3023116 kB
Mapped:           655716 kB
Shmem:            841024 kB
Slab:             318564 kB
SReclaimable:     282748 kB
SUnreclaim:        35816 kB
KernelStack:       10784 kB
PageTables:        49108 kB
NFS_Unstable:          0 kB
Bounce:                0 kB
WritebackTmp:          0 kB
CommitLimit:     9203584 kB
Committed_AS:    9500772 kB
VmallocTotal:   34359738367 kB
VmallocUsed:      366736 kB
VmallocChunk:   34359365204 kB
HardwareCorrupted:     0 kB
AnonHugePages:   1302528 kB
CmaTotal:              0 kB
CmaFree:               0 kB
HugePages_Total:       0
HugePages_Free:        0
HugePages_Rsvd:        0
HugePages_Surp:        0
Hugepagesize:       2048 kB
DirectMap4k:      176000 kB
DirectMap2M:     5910528 kB


CPU:total 4 (2 cores per cpu, 2 threads per core) family 6 model 37 stepping 2, cmov, cx8, fxsr, mmx, sse, sse2, sse3, ssse3, sse4.1, sse4.2, popcnt, ht, tsc, tscinvbit

/proc/cpuinfo:
processor	: 0
vendor_id	: GenuineIntel
cpu family	: 6
model		: 37
model name	: Intel(R) Core(TM) i3 CPU         530  @ 2.93GHz
stepping	: 2
microcode	: 0x9
cpu MHz		: 1330.000
cache size	: 4096 KB
physical id	: 0
siblings	: 4
core id		: 0
cpu cores	: 2
apicid		: 0
initial apicid	: 0
fpu		: yes
fpu_exception	: yes
cpuid level	: 11
wp		: yes
flags		: fpu vme de pse tsc msr pae mce cx8 apic sep mtrr pge mca cmov pat pse36 clflush dts acpi mmx fxsr sse sse2 ss ht tm pbe syscall nx rdtscp lm constant_tsc arch_perfmon pebs bts rep_good nopl xtopology nonstop_tsc aperfmperf pni dtes64 monitor ds_cpl vmx est tm2 ssse3 cx16 xtpr pdcm sse4_1 sse4_2 popcnt lahf_lm arat dtherm tpr_shadow vnmi flexpriority ept vpid
bugs		:
bogomips	: 5866.36
clflush size	: 64
cache_alignment	: 64
address sizes	: 36 bits physical, 48 bits virtual
power management:

processor	: 1
vendor_id	: GenuineIntel
cpu family	: 6
model		: 37
model name	: Intel(R) Core(TM) i3 CPU         530  @ 2.93GHz
stepping	: 2
microcode	: 0x9
cpu MHz		: 1463.000
cache size	: 4096 KB
physical id	: 0
siblings	: 4
core id		: 2
cpu cores	: 2
apicid		: 4
initial apicid	: 4
fpu		: yes
fpu_exception	: yes
cpuid level	: 11
wp		: yes
flags		: fpu vme de pse tsc msr pae mce cx8 apic sep mtrr pge mca cmov pat pse36 clflush dts acpi mmx fxsr sse sse2 ss ht tm pbe syscall nx rdtscp lm constant_tsc arch_perfmon pebs bts rep_good nopl xtopology nonstop_tsc aperfmperf pni dtes64 monitor ds_cpl vmx est tm2 ssse3 cx16 xtpr pdcm sse4_1 sse4_2 popcnt lahf_lm arat dtherm tpr_shadow vnmi flexpriority ept vpid
bugs		:
bogomips	: 5866.36
clflush size	: 64
cache_alignment	: 64
address sizes	: 36 bits physical, 48 bits virtual
power management:

processor	: 2
vendor_id	: GenuineIntel
cpu family	: 6
model		: 37
model name	: Intel(R) Core(TM) i3 CPU         530  @ 2.93GHz
stepping	: 2
microcode	: 0x9
cpu MHz		: 2926.000
cache size	: 4096 KB
physical id	: 0
siblings	: 4
core id		: 0
cpu cores	: 2
apicid		: 1
initial apicid	: 1
fpu		: yes
fpu_exception	: yes
cpuid level	: 11
wp		: yes
flags		: fpu vme de pse tsc msr pae mce cx8 apic sep mtrr pge mca cmov pat pse36 clflush dts acpi mmx fxsr sse sse2 ss ht tm pbe syscall nx rdtscp lm constant_tsc arch_perfmon pebs bts rep_good nopl xtopology nonstop_tsc aperfmperf pni dtes64 monitor ds_cpl vmx est tm2 ssse3 cx16 xtpr pdcm sse4_1 sse4_2 popcnt lahf_lm arat dtherm tpr_shadow vnmi flexpriority ept vpid
bugs		:
bogomips	: 5866.36
clflush size	: 64
cache_alignment	: 64
address sizes	: 36 bits physical, 48 bits virtual
power management:

processor	: 3
vendor_id	: GenuineIntel
cpu family	: 6
model		: 37
model name	: Intel(R) Core(TM) i3 CPU         530  @ 2.93GHz
stepping	: 2
microcode	: 0x9
cpu MHz		: 1330.000
cache size	: 4096 KB
physical id	: 0
siblings	: 4
core id		: 2
cpu cores	: 2
apicid		: 5
initial apicid	: 5
fpu		: yes
fpu_exception	: yes
cpuid level	: 11
wp		: yes
flags		: fpu vme de pse tsc msr pae mce cx8 apic sep mtrr pge mca cmov pat pse36 clflush dts acpi mmx fxsr sse sse2 ss ht tm pbe syscall nx rdtscp lm constant_tsc arch_perfmon pebs bts rep_good nopl xtopology nonstop_tsc aperfmperf pni dtes64 monitor ds_cpl vmx est tm2 ssse3 cx16 xtpr pdcm sse4_1 sse4_2 popcnt lahf_lm arat dtherm tpr_shadow vnmi flexpriority ept vpid
bugs		:
bogomips	: 5866.36
clflush size	: 64
cache_alignment	: 64
address sizes	: 36 bits physical, 48 bits virtual
power management:



Memory: 4k page, physical 5908236k(236204k free), swap 6249468k(6249112k free)

vm_info: Java HotSpot(TM) 64-Bit Server VM (25.72-b15) for linux-amd64 JRE (1.8.0_72-b15), built on Dec 22 2015 22:00:07 by "java_re" with gcc 4.3.0 20080428 (Red Hat 4.3.0-8)

time: Fri Jun 10 14:52:24 2016
elapsed time: 38 seconds (0d 0h 0m 38s)

