#
# A fatal error has been detected by the Java Runtime Environment:
#
#  SIGSEGV (0xb) at pc=0x00007f447fa40040, pid=6150, tid=139933391697664
#
# JRE version: Java(TM) SE Runtime Environment (8.0_72-b15) (build 1.8.0_72-b15)
# Java VM: Java HotSpot(TM) 64-Bit Server VM (25.72-b15 mixed mode linux-amd64 compressed oops)
# Problematic frame:
# C  [i965_dri.so+0x3ca040]
#
# Failed to write core dump. Core dumps have been disabled. To enable core dumping, try "ulimit -c unlimited" before starting Java again
#
# If you would like to submit a bug report, please visit:
#   http://bugreport.java.com/bugreport/crash.jsp
# The crash happened outside the Java Virtual Machine in native code.
# See problematic frame for where to report the bug.
#

---------------  T H R E A D  ---------------

Current thread (0x00007f4498003000):  JavaThread "AWT-EventQueue-1" [_thread_in_native, id=6177, stack(0x00007f44c80ab000,0x00007f44c81ac000)]

siginfo: si_signo: 11 (SIGSEGV), si_code: 1 (SEGV_MAPERR), si_addr: 0x000000000000c548

Registers:
RAX=0x00007f447fa40030, RBX=0x000000000000c000, RCX=0x0000000000000000, RDX=0x0000000000000001
RSP=0x00007f44c81a94b0, RBP=0x00007f4488550280, RSI=0x00007f44953e6720, RDI=0x0000000100000000
R8 =0x0000000000000000, R9 =0x00007f448e99cfc0, R10=0x00007f44e572a747, R11=0x00000000a6aaa7e8
R12=0x00007f4488550100, R13=0x0000000000000000, R14=0x00007f44885618c0, R15=0x0000000000000000
RIP=0x00007f447fa40040, EFLAGS=0x0000000000010206, CSGSFS=0x0000000000000033, ERR=0x0000000000000004
  TRAPNO=0x000000000000000e

Top of Stack: (sp=0x00007f44c81a94b0)
0x00007f44c81a94b0:   00007f44c81a95a0 0000000000000000
0x00007f44c81a94c0:   00007f4494fde620 00007f4488550280
0x00007f44c81a94d0:   00007f4488550100 00007f448e99d04e
0x00007f44c81a94e0:   00007f44c81a9518 00007f448ebea660
0x00007f44c81a94f0:   00007f44885cd6c0 00007f4400000000
0x00007f44c81a9500:   0000000000000000 0000000000000000
0x00007f44c81a9510:   00007f4498003000 00007f4494fde620
0x00007f44c81a9520:   000000000380005c 00007f448e976ab0
0x00007f44c81a9530:   00007f44c81a95a0 0000000000000000
0x00007f44c81a9540:   00000000a6aaa7e8 00007f44c81a95e0
0x00007f44c81a9550:   00007f4498003000 00007f448d0b0849
0x00007f44c81a9560:   0000003000000018 00007f448e976ab0
0x00007f44c81a9570:   000000000380005c 00007f44885cd6c0
0x00007f44c81a9580:   00007f44c81a95e0 00007f44980031f8
0x00007f44c81a9590:   0000001800000000 00007f448e976ab0
0x00007f44c81a95a0:   00007f44c81a95f0 00007f44e572a7bd
0x00007f44c81a95b0:   0000000000000030 00000000a682bae8
0x00007f44c81a95c0:   0000000000000000 00007f4400000000
0x00007f44c81a95d0:   00007f44c81a9610 00007f44fb12b5c5
0x00007f44c81a95e0:   00000000a6aff688 00007f44980031f8
0x00007f44c81a95f0:   00007f44c81a9848 00007f44e5739914
0x00007f44c81a9600:   00007f44c81a9630 00007f44fb12f102
0x00007f44c81a9610:   00007f44c81a9630 00000000a6ab6bd0
0x00007f44c81a9620:   0000000000000000 00000000a6aaa7e8
0x00007f44c81a9630:   00007f44c81a9680 00007f448f3f9e40
0x00007f44c81a9640:   00007f44c81a9680 00007f44c81a9698
0x00007f44c81a9650:   00007f44c81a9690 00007f44980031f8
0x00007f44c81a9660:   00007f44c81a9690 00007f4495b8ca50
0x00007f44c81a9670:   00007f4495b8ca50 00000000a6ab6bd0
0x00007f44c81a9680:   00007f44c81a96d0 00007f44e5728e3c
0x00007f44c81a9690:   00000000e2ac7d08 00000000e2ac7cc8
0x00007f44c81a96a0:   00000000a682bae8 00000000a6b03630 

Instructions: (pc=0x00007f447fa40040)
0x00007f447fa40020:   48 83 c4 10 5b 5d 41 5c c3 0f 1f 80 00 00 00 00
0x00007f447fa40030:   41 54 55 53 48 83 ec 10 48 8b 1f 48 85 db 74 3d
0x00007f447fa40040:   f6 83 48 05 00 00 01 49 89 f4 89 cd 75 72 83 e2
0x00007f447fa40050:   01 75 5d 83 e5 fd 74 38 48 8d 35 71 24 0f 00 ba 

Register to memory mapping:

RAX=0x00007f447fa40030: <offset 0x3ca030> in /usr/lib/x86_64-linux-gnu/dri/i965_dri.so at 0x00007f447f676000
RBX=0x000000000000c000 is an unknown value
RCX=0x0000000000000000 is an unknown value
RDX=0x0000000000000001 is an unknown value
RSP=0x00007f44c81a94b0 is pointing into the stack for thread: 0x00007f4498003000
RBP=0x00007f4488550280 is an unknown value
RSI=0x00007f44953e6720 is an unknown value
RDI=0x0000000100000000 is pointing into metadata
R8 =0x0000000000000000 is an unknown value
R9 =0x00007f448e99cfc0: <offset 0x42fc0> in /usr/lib/x86_64-linux-gnu/mesa/libGL.so.1 at 0x00007f448e95a000
R10=0x00007f44e572a747 is at entry_point+71 in (nmethod*)0x00007f44e572a590
R11=0x00000000a6aaa7e8 is an oop
jogamp.nativewindow.jawt.x11.X11JAWTWindow 
 - klass: 'jogamp/nativewindow/jawt/x11/X11JAWTWindow'
R12=0x00007f4488550100 is an unknown value
R13=0x0000000000000000 is an unknown value
R14=0x00007f44885618c0 is an unknown value
R15=0x0000000000000000 is an unknown value


Stack: [0x00007f44c80ab000,0x00007f44c81ac000],  sp=0x00007f44c81a94b0,  free space=1017k
Native frames: (J=compiled Java code, j=interpreted, Vv=VM code, C=native code)
C  [i965_dri.so+0x3ca040]

Java frames: (J=compiled Java code, j=interpreted, Vv=VM code)
J 2019  jogamp.opengl.x11.glx.GLX.dispatch_glXSwapBuffers0(JJJ)V (0 bytes) @ 0x00007f44e572a747 [0x00007f44e572a700+0x47]
J 2018 C1 jogamp.opengl.x11.glx.GLX.glXSwapBuffers(JJ)V (45 bytes) @ 0x00007f44e5739914 [0x00007f44e5738f60+0x9b4]
J 2017 C1 jogamp.opengl.x11.glx.X11GLXDrawable.swapBuffersImpl(Z)V (21 bytes) @ 0x00007f44e57333c4 [0x00007f44e5733120+0x2a4]
J 2016 C1 jogamp.opengl.GLDrawableImpl.swapBuffers()V (138 bytes) @ 0x00007f44e5737ad4 [0x00007f44e5737420+0x6b4]
j  javax.media.opengl.awt.GLCanvas$12.run()V+45
J 1740 C1 java.awt.event.InvocationEvent.dispatch()V (69 bytes) @ 0x00007f44e564cbcc [0x00007f44e564ca80+0x14c]
J 1839 C1 java.awt.EventQueue.dispatchEventImpl(Ljava/awt/AWTEvent;Ljava/lang/Object;)V (149 bytes) @ 0x00007f44e568bfbc [0x00007f44e568a440+0x1b7c]
J 1837 C1 java.awt.EventQueue$3.run()Ljava/lang/Void; (60 bytes) @ 0x00007f44e5689c04 [0x00007f44e5689a00+0x204]
j  java.awt.EventQueue$3.run()Ljava/lang/Object;+1
v  ~StubRoutines::call_stub
J 493  java.security.AccessController.doPrivileged(Ljava/security/PrivilegedAction;Ljava/security/AccessControlContext;)Ljava/lang/Object; (0 bytes) @ 0x00007f44e5229763 [0x00007f44e5229700+0x63]
J 2273 C1 java.awt.EventQueue.dispatchEvent(Ljava/awt/AWTEvent;)V (80 bytes) @ 0x00007f44e51a7ab4 [0x00007f44e51a7140+0x974]
J 2267 C1 java.awt.EventDispatchThread.pumpOneEventForFilters(I)V (295 bytes) @ 0x00007f44e54cd14c [0x00007f44e54cb680+0x1acc]
j  java.awt.EventDispatchThread.pumpEventsForFilter(ILjava/awt/Conditional;Ljava/awt/EventFilter;)V+35
j  java.awt.EventDispatchThread.pumpEventsForHierarchy(ILjava/awt/Conditional;Ljava/awt/Component;)V+11
j  java.awt.EventDispatchThread.pumpEvents(ILjava/awt/Conditional;)V+4
j  java.awt.EventDispatchThread.pumpEvents(Ljava/awt/Conditional;)V+3
j  java.awt.EventDispatchThread.run()V+9
v  ~StubRoutines::call_stub

---------------  P R O C E S S  ---------------

Java Threads: ( => current thread )
  0x00007f4495bc5800 JavaThread "Thread-122" [_thread_blocked, id=6340, stack(0x00007f447c2a4000,0x00007f447c3a5000)]
  0x00007f44950c9800 JavaThread "Thread-119" [_thread_in_native, id=6337, stack(0x00007f447c3a5000,0x00007f447c4a6000)]
  0x00007f446c006800 JavaThread "Keep-Alive-Timer" daemon [_thread_blocked, id=6316, stack(0x00007f448c076000,0x00007f448c177000)]
  0x00007f4458065800 JavaThread "Image Fetcher 3" daemon [_thread_blocked, id=6272, stack(0x00007f447c5a7000,0x00007f447c6a8000)]
  0x00007f446007a800 JavaThread "Image Fetcher 2" daemon [_thread_blocked, id=6271, stack(0x00007f447ce8c000,0x00007f447cf8d000)]
  0x00007f4480002000 JavaThread "Image Fetcher 1" daemon [_thread_blocked, id=6229, stack(0x00007f447d08e000,0x00007f447d18f000)]
  0x00007f4460079800 JavaThread "Image Fetcher 0" daemon [_thread_blocked, id=6223, stack(0x00007f447cf8d000,0x00007f447d08e000)]
  0x00007f448810a000 JavaThread "Animation Thread-SharedResourceRunner" daemon [_thread_blocked, id=6189, stack(0x00007f448f9fe000,0x00007f448faff000)]
=>0x00007f4498003000 JavaThread "AWT-EventQueue-1" [_thread_in_native, id=6177, stack(0x00007f44c80ab000,0x00007f44c81ac000)]
  0x00007f44f400a000 JavaThread "DestroyJavaVM" [_thread_blocked, id=6156, stack(0x00007f44fc52c000,0x00007f44fc62d000)]
  0x00007f44f42c5000 JavaThread "AWT-EventQueue-0" [_thread_blocked, id=6175, stack(0x00007f44c8854000,0x00007f44c8955000)]
  0x00007f44f42c1000 JavaThread "AWT-Shutdown" [_thread_blocked, id=6174, stack(0x00007f44c8955000,0x00007f44c8a56000)]
  0x00007f44f42ad800 JavaThread "thread applet-assignment.VisitedPlace.class" [_thread_blocked, id=6173, stack(0x00007f44c8a56000,0x00007f44c8b57000)]
  0x00007f44f42a0800 JavaThread "AWT-XAWT" daemon [_thread_blocked, id=6171, stack(0x00007f44c8b57000,0x00007f44c8c58000)]
  0x00007f44f427c800 JavaThread "Java2D Disposer" daemon [_thread_blocked, id=6170, stack(0x00007f44e00a0000,0x00007f44e01a1000)]
  0x00007f44f40c1800 JavaThread "Service Thread" daemon [_thread_blocked, id=6168, stack(0x00007f44e07cd000,0x00007f44e08ce000)]
  0x00007f44f40be000 JavaThread "C1 CompilerThread2" daemon [_thread_blocked, id=6167, stack(0x00007f44e08ce000,0x00007f44e09cf000)]
  0x00007f44f40bc800 JavaThread "C2 CompilerThread1" daemon [_thread_blocked, id=6166, stack(0x00007f44e09cf000,0x00007f44e0ad0000)]
  0x00007f44f40b9800 JavaThread "C2 CompilerThread0" daemon [_thread_blocked, id=6165, stack(0x00007f44e0ad0000,0x00007f44e0bd1000)]
  0x00007f44f40b8000 JavaThread "Signal Dispatcher" daemon [_thread_blocked, id=6164, stack(0x00007f44e0bd1000,0x00007f44e0cd2000)]
  0x00007f44f4084000 JavaThread "Finalizer" daemon [_thread_blocked, id=6163, stack(0x00007f44e0cd2000,0x00007f44e0dd3000)]
  0x00007f44f407f800 JavaThread "Reference Handler" daemon [_thread_blocked, id=6162, stack(0x00007f44e0dd3000,0x00007f44e0ed4000)]

Other Threads:
  0x00007f44f4078000 VMThread [stack: 0x00007f44e0ed4000,0x00007f44e0fd5000] [id=6161]
  0x00007f44f40c4000 WatcherThread [stack: 0x00007f44e06cc000,0x00007f44e07cd000] [id=6169]

VM state:not at safepoint (normal execution)

VM Mutex/Monitor currently owned by a thread: None

Heap:
 PSYoungGen      total 35840K, used 18700K [0x00000000e1f00000, 0x00000000e4c80000, 0x0000000100000000)
  eden space 26112K, 49% used [0x00000000e1f00000,0x00000000e2b81c48,0x00000000e3880000)
  from space 9728K, 60% used [0x00000000e3900000,0x00000000e3ec13d8,0x00000000e4280000)
  to   space 10240K, 0% used [0x00000000e4280000,0x00000000e4280000,0x00000000e4c80000)
 ParOldGen       total 62976K, used 35595K [0x00000000a5c00000, 0x00000000a9980000, 0x00000000e1f00000)
  object space 62976K, 56% used [0x00000000a5c00000,0x00000000a7ec2eb0,0x00000000a9980000)
 Metaspace       used 19986K, capacity 20193K, committed 20480K, reserved 1067008K
  class space    used 1859K, capacity 1924K, committed 2048K, reserved 1048576K

Card table byte_map: [0x00007f44f901c000,0x00007f44f92ef000] byte_map_base: 0x00007f44f8aee000

Marking Bits: (ParMarkBitMap*) 0x00007f44fba03100
 Begin Bits: [0x00007f44e22e0000, 0x00007f44e3970000)
 End Bits:   [0x00007f44e3970000, 0x00007f44e5000000)

Polling page: 0x00007f44fc64a000

CodeCache: size=245760Kb used=7579Kb max_used=8432Kb free=238180Kb
 bounds [0x00007f44e5000000, 0x00007f44e5850000, 0x00007f44f4000000]
 total_blobs=3080 nmethods=2109 adapters=885
 compilation: enabled

Compilation events (10 events):
Event: 273.335 Thread 0x00007f44f40be000 2634       3       java.security.AccessController::doPrivilegedWithCombiner (59 bytes)
Event: 273.336 Thread 0x00007f44f40be000 nmethod 2634 0x00007f44e5607a50 code [0x00007f44e5607c40, 0x00007f44e56083b8]
Event: 273.342 Thread 0x00007f44f40be000 2635       3       java.awt.Component::isEnabled (5 bytes)
Event: 273.342 Thread 0x00007f44f40be000 nmethod 2635 0x00007f44e5673d10 code [0x00007f44e5673e80, 0x00007f44e5674070]
Event: 273.366 Thread 0x00007f44f40be000 2636       3       sun.awt.X11.XComponentPeer::handleEvent (245 bytes)
Event: 273.368 Thread 0x00007f44f40be000 nmethod 2636 0x00007f44e56f3650 code [0x00007f44e56f38e0, 0x00007f44e56f5508]
Event: 273.371 Thread 0x00007f44f40b9800 2637       4       java.lang.CharacterDataLatin1::digit (91 bytes)
Event: 273.373 Thread 0x00007f44f40b9800 nmethod 2637 0x00007f44e5673910 code [0x00007f44e5673a60, 0x00007f44e5673b98]
Event: 273.925 Thread 0x00007f44f40be000 2638       3       sun.java2d.xr.GrowableEltArray::getCharCnt (13 bytes)
Event: 273.925 Thread 0x00007f44f40be000 nmethod 2638 0x00007f44e5670dd0 code [0x00007f44e5670f40, 0x00007f44e5671190]

GC Heap History (10 events):
Event: 268.675 GC heap before
{Heap before GC invocations=27 (full 0):
 PSYoungGen      total 34816K, used 32624K [0x00000000e1f00000, 0x00000000e4780000, 0x0000000100000000)
  eden space 29184K, 100% used [0x00000000e1f00000,0x00000000e3b80000,0x00000000e3b80000)
  from space 5632K, 61% used [0x00000000e4180000,0x00000000e44dc100,0x00000000e4700000)
  to   space 6144K, 0% used [0x00000000e3b80000,0x00000000e3b80000,0x00000000e4180000)
 ParOldGen       total 62976K, used 15834K [0x00000000a5c00000, 0x00000000a9980000, 0x00000000e1f00000)
  object space 62976K, 25% used [0x00000000a5c00000,0x00000000a6b76930,0x00000000a9980000)
 Metaspace       used 19737K, capacity 19937K, committed 20224K, reserved 1067008K
  class space    used 1858K, capacity 1924K, committed 2048K, reserved 1048576K
Event: 268.687 GC heap after
Heap after GC invocations=27 (full 0):
 PSYoungGen      total 34816K, used 5376K [0x00000000e1f00000, 0x00000000e4a00000, 0x0000000100000000)
  eden space 28672K, 0% used [0x00000000e1f00000,0x00000000e1f00000,0x00000000e3b00000)
  from space 6144K, 87% used [0x00000000e3b80000,0x00000000e40c0140,0x00000000e4180000)
  to   space 7680K, 0% used [0x00000000e4280000,0x00000000e4280000,0x00000000e4a00000)
 ParOldGen       total 62976K, used 18042K [0x00000000a5c00000, 0x00000000a9980000, 0x00000000e1f00000)
  object space 62976K, 28% used [0x00000000a5c00000,0x00000000a6d9ea70,0x00000000a9980000)
 Metaspace       used 19737K, capacity 19937K, committed 20224K, reserved 1067008K
  class space    used 1858K, capacity 1924K, committed 2048K, reserved 1048576K
}
Event: 269.745 GC heap before
{Heap before GC invocations=28 (full 0):
 PSYoungGen      total 34816K, used 34048K [0x00000000e1f00000, 0x00000000e4a00000, 0x0000000100000000)
  eden space 28672K, 100% used [0x00000000e1f00000,0x00000000e3b00000,0x00000000e3b00000)
  from space 6144K, 87% used [0x00000000e3b80000,0x00000000e40c0140,0x00000000e4180000)
  to   space 7680K, 0% used [0x00000000e4280000,0x00000000e4280000,0x00000000e4a00000)
 ParOldGen       total 62976K, used 18042K [0x00000000a5c00000, 0x00000000a9980000, 0x00000000e1f00000)
  object space 62976K, 28% used [0x00000000a5c00000,0x00000000a6d9ea70,0x00000000a9980000)
 Metaspace       used 19829K, capacity 20001K, committed 20480K, reserved 1067008K
  class space    used 1858K, capacity 1924K, committed 2048K, reserved 1048576K
Event: 269.755 GC heap after
Heap after GC invocations=28 (full 0):
 PSYoungGen      total 35328K, used 6160K [0x00000000e1f00000, 0x00000000e4b80000, 0x0000000100000000)
  eden space 27648K, 0% used [0x00000000e1f00000,0x00000000e1f00000,0x00000000e3a00000)
  from space 7680K, 80% used [0x00000000e4280000,0x00000000e4884190,0x00000000e4a00000)
  to   space 8704K, 0% used [0x00000000e3a00000,0x00000000e3a00000,0x00000000e4280000)
 ParOldGen       total 62976K, used 22162K [0x00000000a5c00000, 0x00000000a9980000, 0x00000000e1f00000)
  object space 62976K, 35% used [0x00000000a5c00000,0x00000000a71a4b70,0x00000000a9980000)
 Metaspace       used 19829K, capacity 20001K, committed 20480K, reserved 1067008K
  class space    used 1858K, capacity 1924K, committed 2048K, reserved 1048576K
}
Event: 270.834 GC heap before
{Heap before GC invocations=29 (full 0):
 PSYoungGen      total 35328K, used 33808K [0x00000000e1f00000, 0x00000000e4b80000, 0x0000000100000000)
  eden space 27648K, 100% used [0x00000000e1f00000,0x00000000e3a00000,0x00000000e3a00000)
  from space 7680K, 80% used [0x00000000e4280000,0x00000000e4884190,0x00000000e4a00000)
  to   space 8704K, 0% used [0x00000000e3a00000,0x00000000e3a00000,0x00000000e4280000)
 ParOldGen       total 62976K, used 22162K [0x00000000a5c00000, 0x00000000a9980000, 0x00000000e1f00000)
  object space 62976K, 35% used [0x00000000a5c00000,0x00000000a71a4b70,0x00000000a9980000)
 Metaspace       used 19868K, capacity 20065K, committed 20480K, reserved 1067008K
  class space    used 1858K, capacity 1924K, committed 2048K, reserved 1048576K
Event: 270.858 GC heap after
Heap after GC invocations=29 (full 0):
 PSYoungGen      total 35840K, used 5312K [0x00000000e1f00000, 0x00000000e4b80000, 0x0000000100000000)
  eden space 27136K, 0% used [0x00000000e1f00000,0x00000000e1f00000,0x00000000e3980000)
  from space 8704K, 61% used [0x00000000e3a00000,0x00000000e3f30140,0x00000000e4280000)
  to   space 9216K, 0% used [0x00000000e4280000,0x00000000e4280000,0x00000000e4b80000)
 ParOldGen       total 62976K, used 27083K [0x00000000a5c00000, 0x00000000a9980000, 0x00000000e1f00000)
  object space 62976K, 43% used [0x00000000a5c00000,0x00000000a7672ca0,0x00000000a9980000)
 Metaspace       used 19868K, capacity 20065K, committed 20480K, reserved 1067008K
  class space    used 1858K, capacity 1924K, committed 2048K, reserved 1048576K
}
Event: 271.988 GC heap before
{Heap before GC invocations=30 (full 0):
 PSYoungGen      total 35840K, used 32448K [0x00000000e1f00000, 0x00000000e4b80000, 0x0000000100000000)
  eden space 27136K, 100% used [0x00000000e1f00000,0x00000000e3980000,0x00000000e3980000)
  from space 8704K, 61% used [0x00000000e3a00000,0x00000000e3f30140,0x00000000e4280000)
  to   space 9216K, 0% used [0x00000000e4280000,0x00000000e4280000,0x00000000e4b80000)
 ParOldGen       total 62976K, used 27083K [0x00000000a5c00000, 0x00000000a9980000, 0x00000000e1f00000)
  object space 62976K, 43% used [0x00000000a5c00000,0x00000000a7672ca0,0x00000000a9980000)
 Metaspace       used 19934K, capacity 20193K, committed 20480K, reserved 1067008K
  class space    used 1858K, capacity 1924K, committed 2048K, reserved 1048576K
Event: 271.996 GC heap after
Heap after GC invocations=30 (full 0):
 PSYoungGen      total 35840K, used 5536K [0x00000000e1f00000, 0x00000000e4c00000, 0x0000000100000000)
  eden space 26624K, 0% used [0x00000000e1f00000,0x00000000e1f00000,0x00000000e3900000)
  from space 9216K, 60% used [0x00000000e4280000,0x00000000e47e8150,0x00000000e4b80000)
  to   space 9728K, 0% used [0x00000000e3900000,0x00000000e3900000,0x00000000e4280000)
 ParOldGen       total 62976K, used 31211K [0x00000000a5c00000, 0x00000000a9980000, 0x00000000e1f00000)
  object space 62976K, 49% used [0x00000000a5c00000,0x00000000a7a7ada0,0x00000000a9980000)
 Metaspace       used 19934K, capacity 20193K, committed 20480K, reserved 1067008K
  class space    used 1858K, capacity 1924K, committed 2048K, reserved 1048576K
}
Event: 272.950 GC heap before
{Heap before GC invocations=31 (full 0):
 PSYoungGen      total 35840K, used 32002K [0x00000000e1f00000, 0x00000000e4c00000, 0x0000000100000000)
  eden space 26624K, 99% used [0x00000000e1f00000,0x00000000e38d89f8,0x00000000e3900000)
  from space 9216K, 60% used [0x00000000e4280000,0x00000000e47e8150,0x00000000e4b80000)
  to   space 9728K, 0% used [0x00000000e3900000,0x00000000e3900000,0x00000000e4280000)
 ParOldGen       total 62976K, used 31211K [0x00000000a5c00000, 0x00000000a9980000, 0x00000000e1f00000)
  object space 62976K, 49% used [0x00000000a5c00000,0x00000000a7a7ada0,0x00000000a9980000)
 Metaspace       used 19962K, capacity 20193K, committed 20480K, reserved 1067008K
  class space    used 1858K, capacity 1924K, committed 2048K, reserved 1048576K
Event: 272.958 GC heap after
Heap after GC invocations=31 (full 0):
 PSYoungGen      total 35840K, used 5892K [0x00000000e1f00000, 0x00000000e4c80000, 0x0000000100000000)
  eden space 26112K, 0% used [0x00000000e1f00000,0x00000000e1f00000,0x00000000e3880000)
  from space 9728K, 60% used [0x00000000e3900000,0x00000000e3ec13d8,0x00000000e4280000)
  to   space 10240K, 0% used [0x00000000e4280000,0x00000000e4280000,0x00000000e4c80000)
 ParOldGen       total 62976K, used 35595K [0x00000000a5c00000, 0x00000000a9980000, 0x00000000e1f00000)
  object space 62976K, 56% used [0x00000000a5c00000,0x00000000a7ec2eb0,0x00000000a9980000)
 Metaspace       used 19962K, capacity 20193K, committed 20480K, reserved 1067008K
  class space    used 1858K, capacity 1924K, committed 2048K, reserved 1048576K
}

Deoptimization events (10 events):
Event: 273.921 Thread 0x00007f4498003000 Uncommon trap: reason=class_check action=maybe_recompile pc=0x00007f44e53767b8 method=java.awt.EventQueue.dispatchEventImpl(Ljava/awt/AWTEvent;Ljava/lang/Object;)V @ 30
Event: 273.922 Thread 0x00007f44f42ad800 Uncommon trap: reason=unstable_if action=reinterpret pc=0x00007f44e5820540 method=java.awt.EventQueue.coalesceEvent(Ljava/awt/AWTEvent;I)Z @ 7
Event: 273.922 Thread 0x00007f4498003000 Uncommon trap: reason=class_check action=maybe_recompile pc=0x00007f44e5376474 method=java.awt.event.InvocationEvent.dispatch()V @ 11
Event: 273.923 Thread 0x00007f4498003000 Uncommon trap: reason=unstable_if action=reinterpret pc=0x00007f44e53515bc method=java.awt.EventQueue.eventToCacheIndex(Ljava/awt/AWTEvent;)I @ 71
Event: 273.923 Thread 0x00007f4498003000 Uncommon trap: reason=class_check action=maybe_recompile pc=0x00007f44e5376788 method=java.awt.EventQueue.setCurrentEventAndMostRecentTimeImpl(Ljava/awt/AWTEvent;)V @ 128
Event: 273.923 Thread 0x00007f44f42c5000 Uncommon trap: reason=class_check action=maybe_recompile pc=0x00007f44e53767b8 method=java.awt.EventQueue.dispatchEventImpl(Ljava/awt/AWTEvent;Ljava/lang/Object;)V @ 30
Event: 273.923 Thread 0x00007f44f42ad800 Uncommon trap: reason=class_check action=maybe_recompile pc=0x00007f44e51b7ac8 method=sun.java2d.xr.XRSurfaceData$XRWindowSurfaceData.getBounds()Ljava/awt/Rectangle; @ 4
Event: 273.923 Thread 0x00007f44f42ad800 Uncommon trap: reason=unstable_if action=reinterpret pc=0x00007f44e51bbbac method=sun.java2d.SunGraphics2D.validateCompClip()V @ 9
Event: 273.925 Thread 0x00007f44f42c5000 Uncommon trap: reason=class_check action=maybe_recompile pc=0x00007f44e51b6868 method=java.awt.Component.getGraphics()Ljava/awt/Graphics; @ 114
Event: 273.925 Thread 0x00007f44f42c5000 Uncommon trap: reason=class_check action=maybe_recompile pc=0x00007f44e51b7ac8 method=sun.java2d.xr.XRSurfaceData$XRWindowSurfaceData.getBounds()Ljava/awt/Rectangle; @ 4

Internal exceptions (10 events):
Event: 1.341 Thread 0x00007f4498003000 Exception <a 'java/lang/reflect/InvocationTargetException'> (0x00000000e31081f0) thrown at [/HUDSON/workspace/8-2-build-linux-amd64/jdk8u72/5732/hotspot/src/share/vm/runtime/reflection.cpp, line 1092]
Event: 1.342 Thread 0x00007f4498003000 Exception <a 'java/lang/reflect/InvocationTargetException'> (0x00000000e31089c8) thrown at [/HUDSON/workspace/8-2-build-linux-amd64/jdk8u72/5732/hotspot/src/share/vm/runtime/reflection.cpp, line 1092]
Event: 1.342 Thread 0x00007f4498003000 Exception <a 'java/lang/reflect/InvocationTargetException'> (0x00000000e3109640) thrown at [/HUDSON/workspace/8-2-build-linux-amd64/jdk8u72/5732/hotspot/src/share/vm/runtime/reflection.cpp, line 1092]
Event: 1.344 Thread 0x00007f4498009000 Exception <a 'java/lang/reflect/InvocationTargetException'> (0x00000000e2e85610) thrown at [/HUDSON/workspace/8-2-build-linux-amd64/jdk8u72/5732/hotspot/src/share/vm/runtime/reflection.cpp, line 1092]
Event: 1.345 Thread 0x00007f4498009000 Exception <a 'java/lang/reflect/InvocationTargetException'> (0x00000000e2e85be0) thrown at [/HUDSON/workspace/8-2-build-linux-amd64/jdk8u72/5732/hotspot/src/share/vm/runtime/reflection.cpp, line 1092]
Event: 1.345 Thread 0x00007f4498009000 Exception <a 'java/lang/reflect/InvocationTargetException'> (0x00000000e2e85ff8) thrown at [/HUDSON/workspace/8-2-build-linux-amd64/jdk8u72/5732/hotspot/src/share/vm/runtime/reflection.cpp, line 1092]
Event: 1.345 Thread 0x00007f4498009000 Exception <a 'java/lang/reflect/InvocationTargetException'> (0x00000000e2e86410) thrown at [/HUDSON/workspace/8-2-build-linux-amd64/jdk8u72/5732/hotspot/src/share/vm/runtime/reflection.cpp, line 1092]
Event: 1.355 Thread 0x00007f4498009000 Exception <a 'java/lang/reflect/InvocationTargetException'> (0x00000000e2e8e328) thrown at [/HUDSON/workspace/8-2-build-linux-amd64/jdk8u72/5732/hotspot/src/share/vm/runtime/reflection.cpp, line 1092]
Event: 1.362 Thread 0x00007f4498009000 Exception <a 'java/lang/reflect/InvocationTargetException'> (0x00000000e2e927c0) thrown at [/HUDSON/workspace/8-2-build-linux-amd64/jdk8u72/5732/hotspot/src/share/vm/runtime/reflection.cpp, line 1092]
Event: 91.147 Thread 0x00007f4498009000 Implicit null exception at 0x00007f44e5801df2 to 0x00007f44e5802ab9

Events (10 events):
Event: 273.923 Thread 0x00007f44f42ad800 DEOPT UNPACKING pc=0x00007f44e5005229 sp=0x00007f44c8b551b8 mode 2
Event: 273.923 Thread 0x00007f44f42ad800 Uncommon trap: trap_request=0xffffff65 fr.pc=0x00007f44e51bbbac
Event: 273.924 Thread 0x00007f44f42ad800 DEOPT PACKING pc=0x00007f44e51bbbac sp=0x00007f44c8b552a0
Event: 273.924 Thread 0x00007f44f42ad800 DEOPT UNPACKING pc=0x00007f44e5005229 sp=0x00007f44c8b55238 mode 2
Event: 273.925 Thread 0x00007f44f42c5000 Uncommon trap: trap_request=0xffffffde fr.pc=0x00007f44e51b6868
Event: 273.925 Thread 0x00007f44f42c5000 DEOPT PACKING pc=0x00007f44e51b6868 sp=0x00007f44c8951970
Event: 273.925 Thread 0x00007f44f42c5000 DEOPT UNPACKING pc=0x00007f44e5005229 sp=0x00007f44c8951950 mode 2
Event: 273.925 Thread 0x00007f44f42c5000 Uncommon trap: trap_request=0xffffffde fr.pc=0x00007f44e51b7ac8
Event: 273.925 Thread 0x00007f44f42c5000 DEOPT PACKING pc=0x00007f44e51b7ac8 sp=0x00007f44c8951900
Event: 273.925 Thread 0x00007f44f42c5000 DEOPT UNPACKING pc=0x00007f44e5005229 sp=0x00007f44c8951768 mode 2


Dynamic libraries:
00400000-00401000 r-xp 00000000 08:01 221703                             /usr/local/java/jdk1.8.0_72/bin/java
00600000-00601000 rw-p 00000000 08:01 221703                             /usr/local/java/jdk1.8.0_72/bin/java
00629000-0064a000 rw-p 00000000 00:00 0                                  [heap]
a5c00000-a9980000 rw-p 00000000 00:00 0 
a9980000-e1f00000 ---p 00000000 00:00 0 
e1f00000-e4c80000 rw-p 00000000 00:00 0 
e4c80000-100000000 ---p 00000000 00:00 0 
100000000-100200000 rw-p 00000000 00:00 0 
100200000-140000000 ---p 00000000 00:00 0 
7f4458000000-7f4458067000 rw-p 00000000 00:00 0 
7f4458067000-7f445c000000 ---p 00000000 00:00 0 
7f445da3f000-7f445da9f000 rw-s 114a83000 00:06 1508                      /dev/dri/card0
7f445da9f000-7f445daff000 rw-s 114a23000 00:06 1508                      /dev/dri/card0
7f445daff000-7f445db5f000 rw-s 1149c3000 00:06 1508                      /dev/dri/card0
7f445db5f000-7f445dbbf000 rw-s 114963000 00:06 1508                      /dev/dri/card0
7f445dbbf000-7f445dc1f000 rw-s 114903000 00:06 1508                      /dev/dri/card0
7f445dc1f000-7f445dc7f000 rw-s 1148a3000 00:06 1508                      /dev/dri/card0
7f445dc7f000-7f445dcdf000 rw-s 114843000 00:06 1508                      /dev/dri/card0
7f445dcdf000-7f445dd3f000 rw-s 1147e3000 00:06 1508                      /dev/dri/card0
7f445dd3f000-7f445dd9f000 rw-s 114783000 00:06 1508                      /dev/dri/card0
7f445dd9f000-7f445ddff000 rw-s 114723000 00:06 1508                      /dev/dri/card0
7f445ddff000-7f445de5f000 rw-s 1146c3000 00:06 1508                      /dev/dri/card0
7f445de5f000-7f445debf000 rw-s 114663000 00:06 1508                      /dev/dri/card0
7f445debf000-7f445df1f000 rw-s 114603000 00:06 1508                      /dev/dri/card0
7f445df1f000-7f445df7f000 rw-s 1145a3000 00:06 1508                      /dev/dri/card0
7f445df7f000-7f445dfdf000 rw-s 114543000 00:06 1508                      /dev/dri/card0
7f445dfdf000-7f445e03f000 rw-s 1144e3000 00:06 1508                      /dev/dri/card0
7f445e03f000-7f445e09f000 rw-s 114483000 00:06 1508                      /dev/dri/card0
7f445e09f000-7f445e0ff000 rw-s 114423000 00:06 1508                      /dev/dri/card0
7f445e0ff000-7f445e15f000 rw-s 1143c3000 00:06 1508                      /dev/dri/card0
7f445e15f000-7f445e1bf000 rw-s 114363000 00:06 1508                      /dev/dri/card0
7f445e1bf000-7f445e21f000 rw-s 114303000 00:06 1508                      /dev/dri/card0
7f445e21f000-7f445e27f000 rw-s 1142a3000 00:06 1508                      /dev/dri/card0
7f445e27f000-7f445e2df000 rw-s 114243000 00:06 1508                      /dev/dri/card0
7f445e2df000-7f445e33f000 rw-s 1141e3000 00:06 1508                      /dev/dri/card0
7f445e33f000-7f445e39f000 rw-s 114183000 00:06 1508                      /dev/dri/card0
7f445e39f000-7f445e3ff000 rw-s 114123000 00:06 1508                      /dev/dri/card0
7f445e3ff000-7f445e45f000 rw-s 1140c3000 00:06 1508                      /dev/dri/card0
7f445e45f000-7f445e4bf000 rw-s 114063000 00:06 1508                      /dev/dri/card0
7f445e4bf000-7f445e51f000 rw-s 114003000 00:06 1508                      /dev/dri/card0
7f445e51f000-7f445e57f000 rw-s 113fa3000 00:06 1508                      /dev/dri/card0
7f445e57f000-7f445e5df000 rw-s 113f43000 00:06 1508                      /dev/dri/card0
7f445e5df000-7f445e63f000 rw-s 113ee3000 00:06 1508                      /dev/dri/card0
7f445e63f000-7f445e69f000 rw-s 113e83000 00:06 1508                      /dev/dri/card0
7f445e69f000-7f445e6ff000 rw-s 113e23000 00:06 1508                      /dev/dri/card0
7f445e6ff000-7f445e75f000 rw-s 113dc3000 00:06 1508                      /dev/dri/card0
7f445e75f000-7f445e7bf000 rw-s 113d63000 00:06 1508                      /dev/dri/card0
7f445e7bf000-7f445e81f000 rw-s 113d03000 00:06 1508                      /dev/dri/card0
7f445e81f000-7f445e87f000 rw-s 113ca3000 00:06 1508                      /dev/dri/card0
7f445e87f000-7f445e8df000 rw-s 113c43000 00:06 1508                      /dev/dri/card0
7f445e8df000-7f445e93f000 rw-s 113be3000 00:06 1508                      /dev/dri/card0
7f445e93f000-7f445e99f000 rw-s 113b83000 00:06 1508                      /dev/dri/card0
7f445e99f000-7f445e9ff000 rw-s 113b23000 00:06 1508                      /dev/dri/card0
7f445e9ff000-7f445ea5f000 rw-s 113ac3000 00:06 1508                      /dev/dri/card0
7f445ea5f000-7f445eabf000 rw-s 113a63000 00:06 1508                      /dev/dri/card0
7f445eabf000-7f445eb1f000 rw-s 113a03000 00:06 1508                      /dev/dri/card0
7f445eb1f000-7f445eb7f000 rw-s 1139a3000 00:06 1508                      /dev/dri/card0
7f445eb7f000-7f445ebdf000 rw-s 113943000 00:06 1508                      /dev/dri/card0
7f445ebdf000-7f445ec3f000 rw-s 1138e3000 00:06 1508                      /dev/dri/card0
7f445ec3f000-7f445ec9f000 rw-s 113883000 00:06 1508                      /dev/dri/card0
7f445ec9f000-7f445ecff000 rw-s 113823000 00:06 1508                      /dev/dri/card0
7f445ecff000-7f445ed5f000 rw-s 1137c3000 00:06 1508                      /dev/dri/card0
7f445ed5f000-7f445edbf000 rw-s 113763000 00:06 1508                      /dev/dri/card0
7f445edbf000-7f445ee1f000 rw-s 113703000 00:06 1508                      /dev/dri/card0
7f445ee1f000-7f445ee7f000 rw-s 1136a3000 00:06 1508                      /dev/dri/card0
7f445ee7f000-7f445eedf000 rw-s 113643000 00:06 1508                      /dev/dri/card0
7f445eedf000-7f445ef3f000 rw-s 1135e3000 00:06 1508                      /dev/dri/card0
7f445ef3f000-7f445ef9f000 rw-s 113583000 00:06 1508                      /dev/dri/card0
7f445ef9f000-7f445efff000 rw-s 113523000 00:06 1508                      /dev/dri/card0
7f445efff000-7f445f05f000 rw-s 1134c3000 00:06 1508                      /dev/dri/card0
7f445f05f000-7f445f0bf000 rw-s 113463000 00:06 1508                      /dev/dri/card0
7f445f0bf000-7f445f0c2000 ---p 00000000 00:00 0 
7f445f0c2000-7f445f1c0000 rw-p 00000000 00:00 0 
7f445f1c0000-7f445f220000 rw-s 113403000 00:06 1508                      /dev/dri/card0
7f445f220000-7f445f280000 rw-s 1133a3000 00:06 1508                      /dev/dri/card0
7f445f280000-7f445f2e0000 rw-s 113343000 00:06 1508                      /dev/dri/card0
7f445f2e0000-7f445f340000 rw-s 1132e3000 00:06 1508                      /dev/dri/card0
7f445f340000-7f445f3a0000 rw-s 113283000 00:06 1508                      /dev/dri/card0
7f445f3a0000-7f445f400000 rw-s 113223000 00:06 1508                      /dev/dri/card0
7f445f400000-7f445f460000 rw-s 1131c3000 00:06 1508                      /dev/dri/card0
7f445f460000-7f445f4c0000 rw-s 113163000 00:06 1508                      /dev/dri/card0
7f445f4c0000-7f445f520000 rw-s 113103000 00:06 1508                      /dev/dri/card0
7f445f520000-7f445f580000 rw-s 1130a3000 00:06 1508                      /dev/dri/card0
7f445f580000-7f445f5e0000 rw-s 113043000 00:06 1508                      /dev/dri/card0
7f445f5e0000-7f445f640000 rw-s 112fe3000 00:06 1508                      /dev/dri/card0
7f445f640000-7f445f6a0000 rw-s 112f83000 00:06 1508                      /dev/dri/card0
7f445f6a0000-7f445f700000 rw-s 112f23000 00:06 1508                      /dev/dri/card0
7f445f700000-7f445f760000 rw-s 112ec3000 00:06 1508                      /dev/dri/card0
7f445f760000-7f445f7c0000 rw-s 112e63000 00:06 1508                      /dev/dri/card0
7f445f7c0000-7f445f820000 rw-s 112e03000 00:06 1508                      /dev/dri/card0
7f445f820000-7f445f880000 rw-s 112da3000 00:06 1508                      /dev/dri/card0
7f445f880000-7f445f8e0000 rw-s 112d43000 00:06 1508                      /dev/dri/card0
7f445f8e0000-7f445f940000 rw-s 112ce3000 00:06 1508                      /dev/dri/card0
7f445f940000-7f445f9a0000 rw-s 112c83000 00:06 1508                      /dev/dri/card0
7f445f9a0000-7f445fa00000 rw-s 112c23000 00:06 1508                      /dev/dri/card0
7f445fa00000-7f445fa60000 rw-s 112bc3000 00:06 1508                      /dev/dri/card0
7f445fa60000-7f445fac0000 rw-s 112b63000 00:06 1508                      /dev/dri/card0
7f445fac0000-7f445fb20000 rw-s 112b03000 00:06 1508                      /dev/dri/card0
7f445fb20000-7f445fb80000 rw-s 112aa3000 00:06 1508                      /dev/dri/card0
7f445fb80000-7f445fbe0000 rw-s 112a43000 00:06 1508                      /dev/dri/card0
7f445fbe0000-7f445fc40000 rw-s 1129e3000 00:06 1508                      /dev/dri/card0
7f445fc40000-7f445fca0000 rw-s 112983000 00:06 1508                      /dev/dri/card0
7f445fca0000-7f445fd00000 rw-s 112923000 00:06 1508                      /dev/dri/card0
7f445fd00000-7f445fd60000 rw-s 1128c3000 00:06 1508                      /dev/dri/card0
7f445fd60000-7f445fdc0000 rw-s 108eea000 00:06 1508                      /dev/dri/card0
7f445fdc0000-7f445fe20000 rw-s 108df4000 00:06 1508                      /dev/dri/card0
7f445fe20000-7f445fe80000 rw-s 111d7b000 00:06 1508                      /dev/dri/card0
7f445fe80000-7f445fee0000 rw-s 108c07000 00:06 1508                      /dev/dri/card0
7f445fee0000-7f445ff40000 rw-s 108ba7000 00:06 1508                      /dev/dri/card0
7f445ff40000-7f445ffa0000 rw-s 1118b9000 00:06 1508                      /dev/dri/card0
7f445ffa0000-7f4460000000 rw-s 111859000 00:06 1508                      /dev/dri/card0
7f4460000000-7f446007b000 rw-p 00000000 00:00 0 
7f446007b000-7f4464000000 ---p 00000000 00:00 0 
7f4464000000-7f4464066000 rw-p 00000000 00:00 0 
7f4464066000-7f4468000000 ---p 00000000 00:00 0 
7f4468000000-7f4468021000 rw-p 00000000 00:00 0 
7f4468021000-7f446c000000 ---p 00000000 00:00 0 
7f446c000000-7f446c021000 rw-p 00000000 00:00 0 
7f446c021000-7f4470000000 ---p 00000000 00:00 0 
7f4470000000-7f4470062000 rw-p 00000000 00:00 0 
7f4470062000-7f4474000000 ---p 00000000 00:00 0 
7f4474000000-7f44740ba000 rw-p 00000000 00:00 0 
7f44740ba000-7f4478000000 ---p 00000000 00:00 0 
7f4478000000-7f44780a4000 rw-p 00000000 00:00 0 
7f44780a4000-7f447c000000 ---p 00000000 00:00 0 
7f447c004000-7f447c064000 rw-s 10429a000 00:06 1508                      /dev/dri/card0
7f447c064000-7f447c0c4000 rw-s 10423a000 00:06 1508                      /dev/dri/card0
7f447c0c4000-7f447c124000 rw-s 1041da000 00:06 1508                      /dev/dri/card0
7f447c124000-7f447c184000 rw-s 10417a000 00:06 1508                      /dev/dri/card0
7f447c184000-7f447c1e4000 rw-s 10411a000 00:06 1508                      /dev/dri/card0
7f447c1e4000-7f447c244000 rw-s 1040ba000 00:06 1508                      /dev/dri/card0
7f447c244000-7f447c2a4000 rw-s 10405a000 00:06 1508                      /dev/dri/card0
7f447c2a4000-7f447c2a7000 ---p 00000000 00:00 0 
7f447c2a7000-7f447c3a5000 rw-p 00000000 00:00 0 
7f447c3a5000-7f447c3a8000 ---p 00000000 00:00 0 
7f447c3a8000-7f447c4a6000 rw-p 00000000 00:00 0 
7f447c4a6000-7f447c4a9000 ---p 00000000 00:00 0 
7f447c4a9000-7f447c5a7000 rw-p 00000000 00:00 0 
7f447c5a7000-7f447c5aa000 ---p 00000000 00:00 0 
7f447c5aa000-7f447c6a8000 rw-p 00000000 00:00 0 
7f447c6a8000-7f447c6bf000 r-xp 00000000 08:01 1753285                    /lib/x86_64-linux-gnu/libresolv-2.19.so
7f447c6bf000-7f447c8bf000 ---p 00017000 08:01 1753285                    /lib/x86_64-linux-gnu/libresolv-2.19.so
7f447c8bf000-7f447c8c0000 r--p 00017000 08:01 1753285                    /lib/x86_64-linux-gnu/libresolv-2.19.so
7f447c8c0000-7f447c8c1000 rw-p 00018000 08:01 1753285                    /lib/x86_64-linux-gnu/libresolv-2.19.so
7f447c8c1000-7f447c8c3000 rw-p 00000000 00:00 0 
7f447c8c3000-7f447c8c8000 r-xp 00000000 08:01 1753300                    /lib/x86_64-linux-gnu/libnss_dns-2.19.so
7f447c8c8000-7f447cac7000 ---p 00005000 08:01 1753300                    /lib/x86_64-linux-gnu/libnss_dns-2.19.so
7f447cac7000-7f447cac8000 r--p 00004000 08:01 1753300                    /lib/x86_64-linux-gnu/libnss_dns-2.19.so
7f447cac8000-7f447cac9000 rw-p 00005000 08:01 1753300                    /lib/x86_64-linux-gnu/libnss_dns-2.19.so
7f447cac9000-7f447cacb000 r-xp 00000000 08:01 1755960                    /lib/x86_64-linux-gnu/libnss_mdns4_minimal.so.2
7f447cacb000-7f447ccca000 ---p 00002000 08:01 1755960                    /lib/x86_64-linux-gnu/libnss_mdns4_minimal.so.2
7f447ccca000-7f447cccb000 r--p 00001000 08:01 1755960                    /lib/x86_64-linux-gnu/libnss_mdns4_minimal.so.2
7f447cccb000-7f447cccc000 rw-p 00002000 08:01 1755960                    /lib/x86_64-linux-gnu/libnss_mdns4_minimal.so.2
7f447cccc000-7f447ce8c000 rw-s 103dda000 00:06 1508                      /dev/dri/card0
7f447ce8c000-7f447ce8f000 ---p 00000000 00:00 0 
7f447ce8f000-7f447cf8d000 rw-p 00000000 00:00 0 
7f447cf8d000-7f447cf90000 ---p 00000000 00:00 0 
7f447cf90000-7f447d08e000 rw-p 00000000 00:00 0 
7f447d08e000-7f447d091000 ---p 00000000 00:00 0 
7f447d091000-7f447d18f000 rw-p 00000000 00:00 0 
7f447d18f000-7f447d34f000 rw-s 111689000 00:06 1508                      /dev/dri/card0
7f447d34f000-7f447d5cf000 rw-s 1113f9000 00:06 1508                      /dev/dri/card0
7f447d5cf000-7f447d84f000 rw-s 111179000 00:06 1508                      /dev/dri/card0
7f447d84f000-7f447da4f000 rw-p 00000000 00:00 0 
7f447da4f000-7f447da93000 r-xp 00000000 08:01 1755893                    /lib/x86_64-linux-gnu/libdbus-1.so.3.7.6
7f447da93000-7f447dc92000 ---p 00044000 08:01 1755893                    /lib/x86_64-linux-gnu/libdbus-1.so.3.7.6
7f447dc92000-7f447dc93000 r--p 00043000 08:01 1755893                    /lib/x86_64-linux-gnu/libdbus-1.so.3.7.6
7f447dc93000-7f447dc94000 rw-p 00044000 08:01 1755893                    /lib/x86_64-linux-gnu/libdbus-1.so.3.7.6
7f447dc94000-7f447dc9c000 r-xp 00000000 08:01 1755941                    /lib/x86_64-linux-gnu/libnih-dbus.so.1.0.0
7f447dc9c000-7f447de9c000 ---p 00008000 08:01 1755941                    /lib/x86_64-linux-gnu/libnih-dbus.so.1.0.0
7f447de9c000-7f447de9d000 r--p 00008000 08:01 1755941                    /lib/x86_64-linux-gnu/libnih-dbus.so.1.0.0
7f447de9d000-7f447de9e000 rw-p 00009000 08:01 1755941                    /lib/x86_64-linux-gnu/libnih-dbus.so.1.0.0
7f447de9e000-7f447deb5000 r-xp 00000000 08:01 1755943                    /lib/x86_64-linux-gnu/libnih.so.1.0.0
7f447deb5000-7f447e0b4000 ---p 00017000 08:01 1755943                    /lib/x86_64-linux-gnu/libnih.so.1.0.0
7f447e0b4000-7f447e0b5000 r--p 00016000 08:01 1755943                    /lib/x86_64-linux-gnu/libnih.so.1.0.0
7f447e0b5000-7f447e0b6000 rw-p 00017000 08:01 1755943                    /lib/x86_64-linux-gnu/libnih.so.1.0.0
7f447e0b6000-7f447e0cf000 r-xp 00000000 08:01 1755884                    /lib/x86_64-linux-gnu/libcgmanager.so.0.0.0
7f447e0cf000-7f447e2ce000 ---p 00019000 08:01 1755884                    /lib/x86_64-linux-gnu/libcgmanager.so.0.0.0
7f447e2ce000-7f447e2d0000 r--p 00018000 08:01 1755884                    /lib/x86_64-linux-gnu/libcgmanager.so.0.0.0
7f447e2d0000-7f447e2d1000 rw-p 0001a000 08:01 1755884                    /lib/x86_64-linux-gnu/libcgmanager.so.0.0.0
7f447e2d1000-7f447e2e1000 r-xp 00000000 08:01 1753257                    /lib/x86_64-linux-gnu/libudev.so.1.3.5
7f447e2e1000-7f447e4e0000 ---p 00010000 08:01 1753257                    /lib/x86_64-linux-gnu/libudev.so.1.3.5
7f447e4e0000-7f447e4e1000 r--p 0000f000 08:01 1753257                    /lib/x86_64-linux-gnu/libudev.so.1.3.5
7f447e4e1000-7f447e4e2000 rw-p 00010000 08:01 1753257                    /lib/x86_64-linux-gnu/libudev.so.1.3.5
7f447e4e2000-7f447e4e4000 r-xp 00000000 08:01 2493247                    /usr/lib/x86_64-linux-gnu/libXinerama.so.1.0.0
7f447e4e4000-7f447e6e3000 ---p 00002000 08:01 2493247                    /usr/lib/x86_64-linux-gnu/libXinerama.so.1.0.0
7f447e6e3000-7f447e6e4000 r--p 00001000 08:01 2493247                    /usr/lib/x86_64-linux-gnu/libXinerama.so.1.0.0
7f447e6e4000-7f447e6e5000 rw-p 00002000 08:01 2493247                    /usr/lib/x86_64-linux-gnu/libXinerama.so.1.0.0
7f447e6e5000-7f447e71c000 r-xp 00000000 08:01 2494122                    /usr/lib/x86_64-linux-gnu/libtxc_dxtn_s2tc.so.0.0.0
7f447e71c000-7f447e91b000 ---p 00037000 08:01 2494122                    /usr/lib/x86_64-linux-gnu/libtxc_dxtn_s2tc.so.0.0.0
7f447e91b000-7f447e91c000 r--p 00036000 08:01 2494122                    /usr/lib/x86_64-linux-gnu/libtxc_dxtn_s2tc.so.0.0.0
7f447e91c000-7f447e91d000 rw-p 00037000 08:01 2494122                    /usr/lib/x86_64-linux-gnu/libtxc_dxtn_s2tc.so.0.0.0
7f447e91d000-7f447e935000 r-xp 00000000 08:01 1756041                    /lib/x86_64-linux-gnu/libz.so.1.2.8
7f447e935000-7f447eb34000 ---p 00018000 08:01 1756041                    /lib/x86_64-linux-gnu/libz.so.1.2.8
7f447eb34000-7f447eb35000 r--p 00017000 08:01 1756041                    /lib/x86_64-linux-gnu/libz.so.1.2.8
7f447eb35000-7f447eb36000 rw-p 00018000 08:01 1756041                    /lib/x86_64-linux-gnu/libz.so.1.2.8
7f447eb36000-7f447eb3e000 r-xp 00000000 08:01 2493931                    /usr/lib/x86_64-linux-gnu/libpciaccess.so.0.11.1
7f447eb3e000-7f447ed3d000 ---p 00008000 08:01 2493931                    /usr/lib/x86_64-linux-gnu/libpciaccess.so.0.11.1
7f447ed3d000-7f447ed3e000 r--p 00007000 08:01 2493931                    /usr/lib/x86_64-linux-gnu/libpciaccess.so.0.11.1
7f447ed3e000-7f447ed3f000 rw-p 00008000 08:01 2493931                    /usr/lib/x86_64-linux-gnu/libpciaccess.so.0.11.1
7f447ed3f000-7f447ee25000 r-xp 00000000 08:01 2493452                    /usr/lib/x86_64-linux-gnu/libstdc++.so.6.0.19
7f447ee25000-7f447f024000 ---p 000e6000 08:01 2493452                    /usr/lib/x86_64-linux-gnu/libstdc++.so.6.0.19
7f447f024000-7f447f02c000 r--p 000e5000 08:01 2493452                    /usr/lib/x86_64-linux-gnu/libstdc++.so.6.0.19
7f447f02c000-7f447f02e000 rw-p 000ed000 08:01 2493452                    /usr/lib/x86_64-linux-gnu/libstdc++.so.6.0.19
7f447f02e000-7f447f043000 rw-p 00000000 00:00 0 
7f447f043000-7f447f04e000 r-xp 00000000 08:01 2492337                    /usr/lib/x86_64-linux-gnu/libdrm_radeon.so.1.0.1
7f447f04e000-7f447f24d000 ---p 0000b000 08:01 2492337                    /usr/lib/x86_64-linux-gnu/libdrm_radeon.so.1.0.1
7f447f24d000-7f447f24e000 r--p 0000a000 08:01 2492337                    /usr/lib/x86_64-linux-gnu/libdrm_radeon.so.1.0.1
7f447f24e000-7f447f24f000 rw-p 0000b000 08:01 2492337                    /usr/lib/x86_64-linux-gnu/libdrm_radeon.so.1.0.1
7f447f24f000-7f447f255000 r-xp 00000000 08:01 2492289                    /usr/lib/x86_64-linux-gnu/libdrm_nouveau.so.2.0.0
7f447f255000-7f447f454000 ---p 00006000 08:01 2492289                    /usr/lib/x86_64-linux-gnu/libdrm_nouveau.so.2.0.0
7f447f454000-7f447f455000 r--p 00005000 08:01 2492289                    /usr/lib/x86_64-linux-gnu/libdrm_nouveau.so.2.0.0
7f447f455000-7f447f456000 rw-p 00006000 08:01 2492289                    /usr/lib/x86_64-linux-gnu/libdrm_nouveau.so.2.0.0
7f447f456000-7f447f475000 r-xp 00000000 08:01 2492139                    /usr/lib/x86_64-linux-gnu/libdrm_intel.so.1.0.0
7f447f475000-7f447f674000 ---p 0001f000 08:01 2492139                    /usr/lib/x86_64-linux-gnu/libdrm_intel.so.1.0.0
7f447f674000-7f447f675000 r--p 0001e000 08:01 2492139                    /usr/lib/x86_64-linux-gnu/libdrm_intel.so.1.0.0
7f447f675000-7f447f676000 rw-p 0001f000 08:01 2492139                    /usr/lib/x86_64-linux-gnu/libdrm_intel.so.1.0.0
7f447f676000-7f447fbca000 r-xp 00000000 08:01 2515248                    /usr/lib/x86_64-linux-gnu/dri/i965_dri.so
7f447fbca000-7f447fdca000 ---p 00554000 08:01 2515248                    /usr/lib/x86_64-linux-gnu/dri/i965_dri.so
7f447fdca000-7f447fdeb000 r--p 00554000 08:01 2515248                    /usr/lib/x86_64-linux-gnu/dri/i965_dri.so
7f447fdeb000-7f447fdf2000 rw-p 00575000 08:01 2515248                    /usr/lib/x86_64-linux-gnu/dri/i965_dri.so
7f447fdf2000-7f447fdf9000 rw-p 00000000 00:00 0 
7f447fdf9000-7f447fdff000 r-xp 00000000 08:01 2516159                    /usr/lib/x86_64-linux-gnu/mesa-egl/libGLESv2.so.2.0.0
7f447fdff000-7f447fffe000 ---p 00006000 08:01 2516159                    /usr/lib/x86_64-linux-gnu/mesa-egl/libGLESv2.so.2.0.0
7f447fffe000-7f447ffff000 r--p 00005000 08:01 2516159                    /usr/lib/x86_64-linux-gnu/mesa-egl/libGLESv2.so.2.0.0
7f447ffff000-7f4480000000 rw-p 00006000 08:01 2516159                    /usr/lib/x86_64-linux-gnu/mesa-egl/libGLESv2.so.2.0.0
7f4480000000-7f448005b000 rw-p 00000000 00:00 0 
7f448005b000-7f4484000000 ---p 00000000 00:00 0 
7f4484000000-7f4486791000 rw-p 00000000 00:00 0 
7f4486791000-7f4488000000 ---p 00000000 00:00 0 
7f4488000000-7f448889f000 rw-p 00000000 00:00 0 
7f448889f000-7f448c000000 ---p 00000000 00:00 0 
7f448c016000-7f448c076000 rw-s 103ffa000 00:06 1508                      /dev/dri/card0
7f448c076000-7f448c079000 ---p 00000000 00:00 0 
7f448c079000-7f448c177000 rw-p 00000000 00:00 0 
7f448c177000-7f448c1bc000 r-xp 00000000 08:01 454085                     /tmp/jogamp_0000/file_cache/jln676522392656218118/jln7857928614493720819/libjogl_mobile.so
7f448c1bc000-7f448c3bc000 ---p 00045000 08:01 454085                     /tmp/jogamp_0000/file_cache/jln676522392656218118/jln7857928614493720819/libjogl_mobile.so
7f448c3bc000-7f448c3bd000 rw-p 00045000 08:01 454085                     /tmp/jogamp_0000/file_cache/jln676522392656218118/jln7857928614493720819/libjogl_mobile.so
7f448c3bd000-7f448c3c4000 r-xp 00000000 08:01 2493480                    /usr/lib/x86_64-linux-gnu/libffi.so.6.0.1
7f448c3c4000-7f448c5c3000 ---p 00007000 08:01 2493480                    /usr/lib/x86_64-linux-gnu/libffi.so.6.0.1
7f448c5c3000-7f448c5c4000 r--p 00006000 08:01 2493480                    /usr/lib/x86_64-linux-gnu/libffi.so.6.0.1
7f448c5c4000-7f448c5c5000 rw-p 00007000 08:01 2493480                    /usr/lib/x86_64-linux-gnu/libffi.so.6.0.1
7f448c5c5000-7f448c5d1000 r-xp 00000000 08:01 2493517                    /usr/lib/x86_64-linux-gnu/libgbm.so.1.0.0
7f448c5d1000-7f448c7d1000 ---p 0000c000 08:01 2493517                    /usr/lib/x86_64-linux-gnu/libgbm.so.1.0.0
7f448c7d1000-7f448c7d2000 r--p 0000c000 08:01 2493517                    /usr/lib/x86_64-linux-gnu/libgbm.so.1.0.0
7f448c7d2000-7f448c7d3000 rw-p 0000d000 08:01 2493517                    /usr/lib/x86_64-linux-gnu/libgbm.so.1.0.0
7f448c7d3000-7f448c7e2000 r-xp 00000000 08:01 2494175                    /usr/lib/x86_64-linux-gnu/libwayland-server.so.0.1.0
7f448c7e2000-7f448c9e1000 ---p 0000f000 08:01 2494175                    /usr/lib/x86_64-linux-gnu/libwayland-server.so.0.1.0
7f448c9e1000-7f448c9e3000 r--p 0000e000 08:01 2494175                    /usr/lib/x86_64-linux-gnu/libwayland-server.so.0.1.0
7f448c9e3000-7f448c9e4000 rw-p 00010000 08:01 2494175                    /usr/lib/x86_64-linux-gnu/libwayland-server.so.0.1.0
7f448c9e4000-7f448c9ef000 r-xp 00000000 08:01 2494169                    /usr/lib/x86_64-linux-gnu/libwayland-client.so.0.3.0
7f448c9ef000-7f448cbef000 ---p 0000b000 08:01 2494169                    /usr/lib/x86_64-linux-gnu/libwayland-client.so.0.3.0
7f448cbef000-7f448cbf1000 r--p 0000b000 08:01 2494169                    /usr/lib/x86_64-linux-gnu/libwayland-client.so.0.3.0
7f448cbf1000-7f448cbf2000 rw-p 0000d000 08:01 2494169                    /usr/lib/x86_64-linux-gnu/libwayland-client.so.0.3.0
7f448cbf2000-7f448cbf7000 r-xp 00000000 08:01 2494214                    /usr/lib/x86_64-linux-gnu/libxcb-xfixes.so.0.0.0
7f448cbf7000-7f448cdf7000 ---p 00005000 08:01 2494214                    /usr/lib/x86_64-linux-gnu/libxcb-xfixes.so.0.0.0
7f448cdf7000-7f448cdf8000 r--p 00005000 08:01 2494214                    /usr/lib/x86_64-linux-gnu/libxcb-xfixes.so.0.0.0
7f448cdf8000-7f448cdf9000 rw-p 00006000 08:01 2494214                    /usr/lib/x86_64-linux-gnu/libxcb-xfixes.so.0.0.0
7f448cdf9000-7f448ce21000 r-xp 00000000 08:01 2516155                    /usr/lib/x86_64-linux-gnu/mesa-egl/libEGL.so.1.0.0
7f448ce21000-7f448d021000 ---p 00028000 08:01 2516155                    /usr/lib/x86_64-linux-gnu/mesa-egl/libEGL.so.1.0.0
7f448d021000-7f448d022000 r--p 00028000 08:01 2516155                    /usr/lib/x86_64-linux-gnu/mesa-egl/libEGL.so.1.0.0
7f448d022000-7f448d023000 rw-p 00029000 08:01 2516155                    /usr/lib/x86_64-linux-gnu/mesa-egl/libEGL.so.1.0.0
7f448d023000-7f448d024000 rw-p 00000000 00:00 0 
7f448d024000-7f448d0c9000 r-xp 00000000 08:01 454084                     /tmp/jogamp_0000/file_cache/jln676522392656218118/jln7857928614493720819/libjogl_desktop.so
7f448d0c9000-7f448d2c9000 ---p 000a5000 08:01 454084                     /tmp/jogamp_0000/file_cache/jln676522392656218118/jln7857928614493720819/libjogl_desktop.so
7f448d2c9000-7f448d2ca000 rw-p 000a5000 08:01 454084                     /tmp/jogamp_0000/file_cache/jln676522392656218118/jln7857928614493720819/libjogl_desktop.so
7f448d2ca000-7f448d2d6000 r-xp 00000000 08:01 2492133                    /usr/lib/x86_64-linux-gnu/libdrm.so.2.4.0
7f448d2d6000-7f448d4d5000 ---p 0000c000 08:01 2492133                    /usr/lib/x86_64-linux-gnu/libdrm.so.2.4.0
7f448d4d5000-7f448d4d6000 r--p 0000b000 08:01 2492133                    /usr/lib/x86_64-linux-gnu/libdrm.so.2.4.0
7f448d4d6000-7f448d4d7000 rw-p 0000c000 08:01 2492133                    /usr/lib/x86_64-linux-gnu/libdrm.so.2.4.0
7f448d4d7000-7f448d4d8000 r-xp 00000000 08:01 2494224                    /usr/lib/x86_64-linux-gnu/libxshmfence.so.1.0.0
7f448d4d8000-7f448d6d7000 ---p 00001000 08:01 2494224                    /usr/lib/x86_64-linux-gnu/libxshmfence.so.1.0.0
7f448d6d7000-7f448d6d8000 r--p 00000000 08:01 2494224                    /usr/lib/x86_64-linux-gnu/libxshmfence.so.1.0.0
7f448d6d8000-7f448d6d9000 rw-p 00001000 08:01 2494224                    /usr/lib/x86_64-linux-gnu/libxshmfence.so.1.0.0
7f448d6d9000-7f448d6de000 r-xp 00000000 08:01 2494210                    /usr/lib/x86_64-linux-gnu/libxcb-sync.so.1.0.0
7f448d6de000-7f448d8dd000 ---p 00005000 08:01 2494210                    /usr/lib/x86_64-linux-gnu/libxcb-sync.so.1.0.0
7f448d8dd000-7f448d8de000 r--p 00004000 08:01 2494210                    /usr/lib/x86_64-linux-gnu/libxcb-sync.so.1.0.0
7f448d8de000-7f448d8df000 rw-p 00005000 08:01 2494210                    /usr/lib/x86_64-linux-gnu/libxcb-sync.so.1.0.0
7f448d8df000-7f448d8e1000 r-xp 00000000 08:01 2494202                    /usr/lib/x86_64-linux-gnu/libxcb-present.so.0.0.0
7f448d8e1000-7f448dae0000 ---p 00002000 08:01 2494202                    /usr/lib/x86_64-linux-gnu/libxcb-present.so.0.0.0
7f448dae0000-7f448dae1000 r--p 00001000 08:01 2494202                    /usr/lib/x86_64-linux-gnu/libxcb-present.so.0.0.0
7f448dae1000-7f448dae2000 rw-p 00002000 08:01 2494202                    /usr/lib/x86_64-linux-gnu/libxcb-present.so.0.0.0
7f448dae2000-7f448dae4000 r-xp 00000000 08:01 2494198                    /usr/lib/x86_64-linux-gnu/libxcb-dri3.so.0.0.0
7f448dae4000-7f448dce3000 ---p 00002000 08:01 2494198                    /usr/lib/x86_64-linux-gnu/libxcb-dri3.so.0.0.0
7f448dce3000-7f448dce4000 r--p 00001000 08:01 2494198                    /usr/lib/x86_64-linux-gnu/libxcb-dri3.so.0.0.0
7f448dce4000-7f448dce5000 rw-p 00002000 08:01 2494198                    /usr/lib/x86_64-linux-gnu/libxcb-dri3.so.0.0.0
7f448dce5000-7f448dce8000 r-xp 00000000 08:01 2494196                    /usr/lib/x86_64-linux-gnu/libxcb-dri2.so.0.0.0
7f448dce8000-7f448dee8000 ---p 00003000 08:01 2494196                    /usr/lib/x86_64-linux-gnu/libxcb-dri2.so.0.0.0
7f448dee8000-7f448dee9000 r--p 00003000 08:01 2494196                    /usr/lib/x86_64-linux-gnu/libxcb-dri2.so.0.0.0
7f448dee9000-7f448deea000 rw-p 00004000 08:01 2494196                    /usr/lib/x86_64-linux-gnu/libxcb-dri2.so.0.0.0
7f448deea000-7f448deff000 r-xp 00000000 08:01 2494200                    /usr/lib/x86_64-linux-gnu/libxcb-glx.so.0.0.0
7f448deff000-7f448e0fe000 ---p 00015000 08:01 2494200                    /usr/lib/x86_64-linux-gnu/libxcb-glx.so.0.0.0
7f448e0fe000-7f448e100000 r--p 00014000 08:01 2494200                    /usr/lib/x86_64-linux-gnu/libxcb-glx.so.0.0.0
7f448e100000-7f448e101000 rw-p 00016000 08:01 2494200                    /usr/lib/x86_64-linux-gnu/libxcb-glx.so.0.0.0
7f448e101000-7f448e102000 r-xp 00000000 08:01 2493218                    /usr/lib/x86_64-linux-gnu/libX11-xcb.so.1.0.0
7f448e102000-7f448e301000 ---p 00001000 08:01 2493218                    /usr/lib/x86_64-linux-gnu/libX11-xcb.so.1.0.0
7f448e301000-7f448e302000 r--p 00000000 08:01 2493218                    /usr/lib/x86_64-linux-gnu/libX11-xcb.so.1.0.0
7f448e302000-7f448e303000 rw-p 00001000 08:01 2493218                    /usr/lib/x86_64-linux-gnu/libX11-xcb.so.1.0.0
7f448e303000-7f448e305000 r-xp 00000000 08:01 2493233                    /usr/lib/x86_64-linux-gnu/libXdamage.so.1.1.0
7f448e305000-7f448e504000 ---p 00002000 08:01 2493233                    /usr/lib/x86_64-linux-gnu/libXdamage.so.1.1.0
7f448e504000-7f448e505000 r--p 00001000 08:01 2493233                    /usr/lib/x86_64-linux-gnu/libXdamage.so.1.1.0
7f448e505000-7f448e506000 rw-p 00002000 08:01 2493233                    /usr/lib/x86_64-linux-gnu/libXdamage.so.1.1.0
7f448e506000-7f448e52b000 r-xp 00000000 08:01 2493563                    /usr/lib/x86_64-linux-gnu/libglapi.so.0.0.0
7f448e52b000-7f448e72b000 ---p 00025000 08:01 2493563                    /usr/lib/x86_64-linux-gnu/libglapi.so.0.0.0
7f448e72b000-7f448e72e000 r--p 00025000 08:01 2493563                    /usr/lib/x86_64-linux-gnu/libglapi.so.0.0.0
7f448e72e000-7f448e72f000 rw-p 00028000 08:01 2493563                    /usr/lib/x86_64-linux-gnu/libglapi.so.0.0.0
7f448e72f000-7f448e730000 rw-p 00000000 00:00 0 
7f448e730000-7f448e757000 r-xp 00000000 08:01 1753317                    /lib/x86_64-linux-gnu/libexpat.so.1.6.0
7f448e757000-7f448e957000 ---p 00027000 08:01 1753317                    /lib/x86_64-linux-gnu/libexpat.so.1.6.0
7f448e957000-7f448e959000 r--p 00027000 08:01 1753317                    /lib/x86_64-linux-gnu/libexpat.so.1.6.0
7f448e959000-7f448e95a000 rw-p 00029000 08:01 1753317                    /lib/x86_64-linux-gnu/libexpat.so.1.6.0
7f448e95a000-7f448e9e8000 r-xp 00000000 08:01 2516152                    /usr/lib/x86_64-linux-gnu/mesa/libGL.so.1.2.0
7f448e9e8000-7f448ebe7000 ---p 0008e000 08:01 2516152                    /usr/lib/x86_64-linux-gnu/mesa/libGL.so.1.2.0
7f448ebe7000-7f448ebea000 r--p 0008d000 08:01 2516152                    /usr/lib/x86_64-linux-gnu/mesa/libGL.so.1.2.0
7f448ebea000-7f448ebeb000 rw-p 00090000 08:01 2516152                    /usr/lib/x86_64-linux-gnu/mesa/libGL.so.1.2.0
7f448ebeb000-7f448edec000 rw-p 00000000 00:00 0 
7f448edec000-7f448efec000 rw-p 00000000 00:00 0 
7f448efec000-7f448eff3000 r-xp 00000000 08:01 454087                     /tmp/jogamp_0000/file_cache/jln676522392656218118/jln7857928614493720819/libnativewindow_x11.so
7f448eff3000-7f448f1f2000 ---p 00007000 08:01 454087                     /tmp/jogamp_0000/file_cache/jln676522392656218118/jln7857928614493720819/libnativewindow_x11.so
7f448f1f2000-7f448f1f3000 rw-p 00006000 08:01 454087                     /tmp/jogamp_0000/file_cache/jln676522392656218118/jln7857928614493720819/libnativewindow_x11.so
7f448f1f3000-7f448f1f7000 r-xp 00000000 08:01 2493273                    /usr/lib/x86_64-linux-gnu/libXxf86vm.so.1.0.0
7f448f1f7000-7f448f3f7000 ---p 00004000 08:01 2493273                    /usr/lib/x86_64-linux-gnu/libXxf86vm.so.1.0.0
7f448f3f7000-7f448f3f8000 r--p 00004000 08:01 2493273                    /usr/lib/x86_64-linux-gnu/libXxf86vm.so.1.0.0
7f448f3f8000-7f448f3f9000 rw-p 00005000 08:01 2493273                    /usr/lib/x86_64-linux-gnu/libXxf86vm.so.1.0.0
7f448f3f9000-7f448f3fb000 r-xp 00000000 08:01 454086                     /tmp/jogamp_0000/file_cache/jln676522392656218118/jln7857928614493720819/libnativewindow_awt.so
7f448f3fb000-7f448f5fa000 ---p 00002000 08:01 454086                     /tmp/jogamp_0000/file_cache/jln676522392656218118/jln7857928614493720819/libnativewindow_awt.so
7f448f5fa000-7f448f5fb000 rw-p 00001000 08:01 454086                     /tmp/jogamp_0000/file_cache/jln676522392656218118/jln7857928614493720819/libnativewindow_awt.so
7f448f5fb000-7f448f5fc000 r-xp 00000000 08:01 419715                     /usr/local/java/jdk1.8.0_72/jre/lib/amd64/libjawt.so
7f448f5fc000-7f448f7fb000 ---p 00001000 08:01 419715                     /usr/local/java/jdk1.8.0_72/jre/lib/amd64/libjawt.so
7f448f7fb000-7f448f7fc000 rw-p 00000000 08:01 419715                     /usr/local/java/jdk1.8.0_72/jre/lib/amd64/libjawt.so
7f448f7fc000-7f448f7fe000 r-xp 00000000 08:01 454083                     /tmp/jogamp_0000/file_cache/jln676522392656218118/jln7857928614493720819/libgluegen-rt.so
7f448f7fe000-7f448f9fd000 ---p 00002000 08:01 454083                     /tmp/jogamp_0000/file_cache/jln676522392656218118/jln7857928614493720819/libgluegen-rt.so
7f448f9fd000-7f448f9fe000 rw-p 00001000 08:01 454083                     /tmp/jogamp_0000/file_cache/jln676522392656218118/jln7857928614493720819/libgluegen-rt.so
7f448f9fe000-7f448fa01000 ---p 00000000 00:00 0 
7f448fa01000-7f448fcff000 rw-p 00000000 00:00 0 
7f448fcff000-7f448fd02000 ---p 00000000 00:00 0 
7f448fd02000-7f4490000000 rw-p 00000000 00:00 0 
7f4490000000-7f449002b000 rw-p 00000000 00:00 0 
7f449002b000-7f4494000000 ---p 00000000 00:00 0 
7f4494000000-7f449621d000 rw-p 00000000 00:00 0 
7f449621d000-7f4498000000 ---p 00000000 00:00 0 
7f4498000000-7f4498021000 rw-p 00000000 00:00 0 
7f4498021000-7f449c000000 ---p 00000000 00:00 0 
7f449c000000-7f449c021000 rw-p 00000000 00:00 0 
7f449c021000-7f44a0000000 ---p 00000000 00:00 0 
7f44a0000000-7f44a0021000 rw-p 00000000 00:00 0 
7f44a0021000-7f44a4000000 ---p 00000000 00:00 0 
7f44a4000000-7f44a4028000 rw-p 00000000 00:00 0 
7f44a4028000-7f44a8000000 ---p 00000000 00:00 0 
7f44a8000000-7f44a8021000 rw-p 00000000 00:00 0 
7f44a8021000-7f44ac000000 ---p 00000000 00:00 0 
7f44ac000000-7f44ac021000 rw-p 00000000 00:00 0 
7f44ac021000-7f44b0000000 ---p 00000000 00:00 0 
7f44b0000000-7f44b0a25000 rw-p 00000000 00:00 0 
7f44b0a25000-7f44b4000000 ---p 00000000 00:00 0 
7f44b4000000-7f44b4658000 rw-p 00000000 00:00 0 
7f44b4658000-7f44b8000000 ---p 00000000 00:00 0 
7f44b8000000-7f44b8021000 rw-p 00000000 00:00 0 
7f44b8021000-7f44bc000000 ---p 00000000 00:00 0 
7f44bc000000-7f44bced3000 rw-p 00000000 00:00 0 
7f44bced3000-7f44c0000000 ---p 00000000 00:00 0 
7f44c0000000-7f44c0021000 rw-p 00000000 00:00 0 
7f44c0021000-7f44c4000000 ---p 00000000 00:00 0 
7f44c4000000-7f44c4021000 rw-p 00000000 00:00 0 
7f44c4021000-7f44c8000000 ---p 00000000 00:00 0 
7f44c804b000-7f44c80ab000 rw-s 103f9a000 00:06 1508                      /dev/dri/card0
7f44c80ab000-7f44c80ae000 ---p 00000000 00:00 0 
7f44c80ae000-7f44c81ac000 rw-p 00000000 00:00 0 
7f44c81ac000-7f44c8215000 r-xp 00000000 08:01 419733                     /usr/local/java/jdk1.8.0_72/jre/lib/amd64/libt2k.so
7f44c8215000-7f44c8415000 ---p 00069000 08:01 419733                     /usr/local/java/jdk1.8.0_72/jre/lib/amd64/libt2k.so
7f44c8415000-7f44c841c000 rw-p 00069000 08:01 419733                     /usr/local/java/jdk1.8.0_72/jre/lib/amd64/libt2k.so
7f44c841c000-7f44c842c000 rw-p 00000000 00:00 0 
7f44c842c000-7f44c843d000 r-xp 00000000 08:01 419753                     /usr/local/java/jdk1.8.0_72/jre/lib/amd64/libnio.so
7f44c843d000-7f44c863c000 ---p 00011000 08:01 419753                     /usr/local/java/jdk1.8.0_72/jre/lib/amd64/libnio.so
7f44c863c000-7f44c863d000 rw-p 00010000 08:01 419753                     /usr/local/java/jdk1.8.0_72/jre/lib/amd64/libnio.so
7f44c863d000-7f44c8653000 r-xp 00000000 08:01 419730                     /usr/local/java/jdk1.8.0_72/jre/lib/amd64/libnet.so
7f44c8653000-7f44c8853000 ---p 00016000 08:01 419730                     /usr/local/java/jdk1.8.0_72/jre/lib/amd64/libnet.so
7f44c8853000-7f44c8854000 rw-p 00016000 08:01 419730                     /usr/local/java/jdk1.8.0_72/jre/lib/amd64/libnet.so
7f44c8854000-7f44c8857000 ---p 00000000 00:00 0 
7f44c8857000-7f44c8955000 rw-p 00000000 00:00 0 
7f44c8955000-7f44c8958000 ---p 00000000 00:00 0 
7f44c8958000-7f44c8a56000 rw-p 00000000 00:00 0 
7f44c8a56000-7f44c8a59000 ---p 00000000 00:00 0 
7f44c8a59000-7f44c8b57000 rw-p 00000000 00:00 0 
7f44c8b57000-7f44c8b5a000 ---p 00000000 00:00 0 
7f44c8b5a000-7f44c8c58000 rw-p 00000000 00:00 0 
7f44c8c58000-7f44c8c5d000 r-xp 00000000 08:01 2493239                    /usr/lib/x86_64-linux-gnu/libXfixes.so.3.1.0
7f44c8c5d000-7f44c8e5c000 ---p 00005000 08:01 2493239                    /usr/lib/x86_64-linux-gnu/libXfixes.so.3.1.0
7f44c8e5c000-7f44c8e5d000 r--p 00004000 08:01 2493239                    /usr/lib/x86_64-linux-gnu/libXfixes.so.3.1.0
7f44c8e5d000-7f44c8e5e000 rw-p 00005000 08:01 2493239                    /usr/lib/x86_64-linux-gnu/libXfixes.so.3.1.0
7f44c8e5e000-7f44c8e67000 r-xp 00000000 08:01 2493231                    /usr/lib/x86_64-linux-gnu/libXcursor.so.1.0.2
7f44c8e67000-7f44c9066000 ---p 00009000 08:01 2493231                    /usr/lib/x86_64-linux-gnu/libXcursor.so.1.0.2
7f44c9066000-7f44c9067000 r--p 00008000 08:01 2493231                    /usr/lib/x86_64-linux-gnu/libXcursor.so.1.0.2
7f44c9067000-7f44c9068000 rw-p 00009000 08:01 2493231                    /usr/lib/x86_64-linux-gnu/libXcursor.so.1.0.2
7f44c9068000-7f44c907e000 r-xp 00000000 08:01 1756157                    /lib/x86_64-linux-gnu/libgcc_s.so.1
7f44c907e000-7f44c927d000 ---p 00016000 08:01 1756157                    /lib/x86_64-linux-gnu/libgcc_s.so.1
7f44c927d000-7f44c927e000 rw-p 00015000 08:01 1756157                    /lib/x86_64-linux-gnu/libgcc_s.so.1
7f44c927e000-7f44c92e3000 r-xp 00000000 08:01 419734                     /usr/local/java/jdk1.8.0_72/jre/lib/amd64/libfontmanager.so
7f44c92e3000-7f44c94e2000 ---p 00065000 08:01 419734                     /usr/local/java/jdk1.8.0_72/jre/lib/amd64/libfontmanager.so
7f44c94e2000-7f44c94e7000 rw-p 00064000 08:01 419734                     /usr/local/java/jdk1.8.0_72/jre/lib/amd64/libfontmanager.so
7f44c94e7000-7f44c94f7000 rw-p 00000000 00:00 0 
7f44c94f7000-7f44c94fc000 r-xp 00000000 08:01 2493235                    /usr/lib/x86_64-linux-gnu/libXdmcp.so.6.0.0
7f44c94fc000-7f44c96fb000 ---p 00005000 08:01 2493235                    /usr/lib/x86_64-linux-gnu/libXdmcp.so.6.0.0
7f44c96fb000-7f44c96fc000 r--p 00004000 08:01 2493235                    /usr/lib/x86_64-linux-gnu/libXdmcp.so.6.0.0
7f44c96fc000-7f44c96fd000 rw-p 00005000 08:01 2493235                    /usr/lib/x86_64-linux-gnu/libXdmcp.so.6.0.0
7f44c96fd000-7f44c96ff000 r-xp 00000000 08:01 2493224                    /usr/lib/x86_64-linux-gnu/libXau.so.6.0.0
7f44c96ff000-7f44c98ff000 ---p 00002000 08:01 2493224                    /usr/lib/x86_64-linux-gnu/libXau.so.6.0.0
7f44c98ff000-7f44c9900000 r--p 00002000 08:01 2493224                    /usr/lib/x86_64-linux-gnu/libXau.so.6.0.0
7f44c9900000-7f44c9901000 rw-p 00003000 08:01 2493224                    /usr/lib/x86_64-linux-gnu/libXau.so.6.0.0
7f44c9901000-7f44c991e000 r-xp 00000000 08:01 2494216                    /usr/lib/x86_64-linux-gnu/libxcb.so.1.1.0
7f44c991e000-7f44c9b1e000 ---p 0001d000 08:01 2494216                    /usr/lib/x86_64-linux-gnu/libxcb.so.1.1.0
7f44c9b1e000-7f44c9b1f000 r--p 0001d000 08:01 2494216                    /usr/lib/x86_64-linux-gnu/libxcb.so.1.1.0
7f44c9b1f000-7f44c9b20000 rw-p 0001e000 08:01 2494216                    /usr/lib/x86_64-linux-gnu/libxcb.so.1.1.0
7f44c9b20000-7f44c9b2f000 r-xp 00000000 08:01 2493245                    /usr/lib/x86_64-linux-gnu/libXi.so.6.1.0
7f44c9b2f000-7f44c9d2e000 ---p 0000f000 08:01 2493245                    /usr/lib/x86_64-linux-gnu/libXi.so.6.1.0
7f44c9d2e000-7f44c9d2f000 r--p 0000e000 08:01 2493245                    /usr/lib/x86_64-linux-gnu/libXi.so.6.1.0
7f44c9d2f000-7f44c9d30000 rw-p 0000f000 08:01 2493245                    /usr/lib/x86_64-linux-gnu/libXi.so.6.1.0
7f44c9d30000-7f44c9d35000 r-xp 00000000 08:01 2493263                    /usr/lib/x86_64-linux-gnu/libXtst.so.6.1.0
7f44c9d35000-7f44c9f34000 ---p 00005000 08:01 2493263                    /usr/lib/x86_64-linux-gnu/libXtst.so.6.1.0
7f44c9f34000-7f44c9f35000 r--p 00004000 08:01 2493263                    /usr/lib/x86_64-linux-gnu/libXtst.so.6.1.0
7f44c9f35000-7f44c9f36000 rw-p 00005000 08:01 2493263                    /usr/lib/x86_64-linux-gnu/libXtst.so.6.1.0
7f44c9f36000-7f44c9f3f000 r-xp 00000000 08:01 2493257                    /usr/lib/x86_64-linux-gnu/libXrender.so.1.3.0
7f44c9f3f000-7f44ca13e000 ---p 00009000 08:01 2493257                    /usr/lib/x86_64-linux-gnu/libXrender.so.1.3.0
7f44ca13e000-7f44ca13f000 r--p 00008000 08:01 2493257                    /usr/lib/x86_64-linux-gnu/libXrender.so.1.3.0
7f44ca13f000-7f44ca140000 rw-p 00009000 08:01 2493257                    /usr/lib/x86_64-linux-gnu/libXrender.so.1.3.0
7f44ca140000-7f44ca270000 r-xp 00000000 08:01 2493220                    /usr/lib/x86_64-linux-gnu/libX11.so.6.3.0
7f44ca270000-7f44ca470000 ---p 00130000 08:01 2493220                    /usr/lib/x86_64-linux-gnu/libX11.so.6.3.0
7f44ca470000-7f44ca471000 r--p 00130000 08:01 2493220                    /usr/lib/x86_64-linux-gnu/libX11.so.6.3.0
7f44ca471000-7f44ca475000 rw-p 00131000 08:01 2493220                    /usr/lib/x86_64-linux-gnu/libX11.so.6.3.0
7f44ca475000-7f44ca486000 r-xp 00000000 08:01 2493237                    /usr/lib/x86_64-linux-gnu/libXext.so.6.4.0
7f44ca486000-7f44ca685000 ---p 00011000 08:01 2493237                    /usr/lib/x86_64-linux-gnu/libXext.so.6.4.0
7f44ca685000-7f44ca686000 r--p 00010000 08:01 2493237                    /usr/lib/x86_64-linux-gnu/libXext.so.6.4.0
7f44ca686000-7f44ca687000 rw-p 00011000 08:01 2493237                    /usr/lib/x86_64-linux-gnu/libXext.so.6.4.0
7f44ca687000-7f44cc000000 r--p 00000000 08:01 2492291                    /usr/lib/locale/locale-archive
7f44cc000000-7f44cc021000 rw-p 00000000 00:00 0 
7f44cc021000-7f44d0000000 ---p 00000000 00:00 0 
7f44d0000000-7f44d0021000 rw-p 00000000 00:00 0 
7f44d0021000-7f44d4000000 ---p 00000000 00:00 0 
7f44d4000000-7f44d4021000 rw-p 00000000 00:00 0 
7f44d4021000-7f44d8000000 ---p 00000000 00:00 0 
7f44d8000000-7f44d8021000 rw-p 00000000 00:00 0 
7f44d8021000-7f44dc000000 ---p 00000000 00:00 0 
7f44dc000000-7f44dc021000 rw-p 00000000 00:00 0 
7f44dc021000-7f44e0000000 ---p 00000000 00:00 0 
7f44e0026000-7f44e0036000 rw-s 111849000 00:06 1508                      /dev/dri/card0
7f44e0036000-7f44e0039000 ---p 00000000 00:00 0 
7f44e0039000-7f44e00a0000 rw-p 00000000 00:00 0 
7f44e00a0000-7f44e00a3000 ---p 00000000 00:00 0 
7f44e00a3000-7f44e01a1000 rw-p 00000000 00:00 0 
7f44e01a1000-7f44e01f5000 r-xp 00000000 08:01 419740                     /usr/local/java/jdk1.8.0_72/jre/lib/amd64/libawt_xawt.so
7f44e01f5000-7f44e03f5000 ---p 00054000 08:01 419740                     /usr/local/java/jdk1.8.0_72/jre/lib/amd64/libawt_xawt.so
7f44e03f5000-7f44e03f9000 rw-p 00054000 08:01 419740                     /usr/local/java/jdk1.8.0_72/jre/lib/amd64/libawt_xawt.so
7f44e03f9000-7f44e03fa000 rw-p 00000000 00:00 0 
7f44e03fa000-7f44e049c000 r-xp 00000000 08:01 419747                     /usr/local/java/jdk1.8.0_72/jre/lib/amd64/libawt.so
7f44e049c000-7f44e069c000 ---p 000a2000 08:01 419747                     /usr/local/java/jdk1.8.0_72/jre/lib/amd64/libawt.so
7f44e069c000-7f44e06a8000 rw-p 000a2000 08:01 419747                     /usr/local/java/jdk1.8.0_72/jre/lib/amd64/libawt.so
7f44e06a8000-7f44e06cc000 rw-p 00000000 00:00 0 
7f44e06cc000-7f44e06cd000 ---p 00000000 00:00 0 
7f44e06cd000-7f44e07cd000 rw-p 00000000 00:00 0 
7f44e07cd000-7f44e07d0000 ---p 00000000 00:00 0 
7f44e07d0000-7f44e08ce000 rw-p 00000000 00:00 0 
7f44e08ce000-7f44e08d1000 ---p 00000000 00:00 0 
7f44e08d1000-7f44e09cf000 rw-p 00000000 00:00 0 
7f44e09cf000-7f44e09d2000 ---p 00000000 00:00 0 
7f44e09d2000-7f44e0ad0000 rw-p 00000000 00:00 0 
7f44e0ad0000-7f44e0ad3000 ---p 00000000 00:00 0 
7f44e0ad3000-7f44e0bd1000 rw-p 00000000 00:00 0 
7f44e0bd1000-7f44e0bd4000 ---p 00000000 00:00 0 
7f44e0bd4000-7f44e0cd2000 rw-p 00000000 00:00 0 
7f44e0cd2000-7f44e0cd5000 ---p 00000000 00:00 0 
7f44e0cd5000-7f44e0dd3000 rw-p 00000000 00:00 0 
7f44e0dd3000-7f44e0dd6000 ---p 00000000 00:00 0 
7f44e0dd6000-7f44e0ed4000 rw-p 00000000 00:00 0 
7f44e0ed4000-7f44e0ed5000 ---p 00000000 00:00 0 
7f44e0ed5000-7f44e5000000 rw-p 00000000 00:00 0 
7f44e5000000-7f44e5850000 rwxp 00000000 00:00 0 
7f44e5850000-7f44f4000000 ---p 00000000 00:00 0 
7f44f4000000-7f44f42f6000 rw-p 00000000 00:00 0 
7f44f42f6000-7f44f8000000 ---p 00000000 00:00 0 
7f44f8000000-7f44f8004000 rw-s 00000000 00:05 82799                      /drm mm object (deleted)
7f44f800c000-7f44f801c000 rw-s 111679000 00:06 1508                      /dev/dri/card0
7f44f801c000-7f44f803f000 r--s 002ec000 08:09 1813107                    /home/opu/workspace/CourseraJavaAssignment/lib/jogl-all.jar
7f44f803f000-7f44f8516000 rw-p 00000000 00:00 0 
7f44f8516000-7f44f86ee000 r--s 03d1d000 08:01 183084                     /usr/local/java/jdk1.8.0_72/jre/lib/rt.jar
7f44f86ee000-7f44f8a36000 rw-p 00000000 00:00 0 
7f44f8a36000-7f44f8a37000 ---p 00000000 00:00 0 
7f44f8a37000-7f44f8b37000 rw-p 00000000 00:00 0 
7f44f8b37000-7f44f8b38000 ---p 00000000 00:00 0 
7f44f8b38000-7f44f8c38000 rw-p 00000000 00:00 0 
7f44f8c38000-7f44f8c39000 ---p 00000000 00:00 0 
7f44f8c39000-7f44f8d39000 rw-p 00000000 00:00 0 
7f44f8d39000-7f44f8d3a000 ---p 00000000 00:00 0 
7f44f8d3a000-7f44f8e59000 rw-p 00000000 00:00 0 
7f44f8e59000-7f44f901c000 ---p 00000000 00:00 0 
7f44f901c000-7f44f903b000 rw-p 00000000 00:00 0 
7f44f903b000-7f44f91fd000 ---p 00000000 00:00 0 
7f44f91fd000-7f44f9215000 rw-p 00000000 00:00 0 
7f44f9215000-7f44f92ee000 ---p 00000000 00:00 0 
7f44f92ee000-7f44f9311000 rw-p 00000000 00:00 0 
7f44f9311000-7f44f96af000 ---p 00000000 00:00 0 
7f44f96af000-7f44f96c9000 r-xp 00000000 08:01 419725                     /usr/local/java/jdk1.8.0_72/jre/lib/amd64/libzip.so
7f44f96c9000-7f44f98c9000 ---p 0001a000 08:01 419725                     /usr/local/java/jdk1.8.0_72/jre/lib/amd64/libzip.so
7f44f98c9000-7f44f98ca000 rw-p 0001a000 08:01 419725                     /usr/local/java/jdk1.8.0_72/jre/lib/amd64/libzip.so
7f44f98ca000-7f44f98d4000 r-xp 00000000 08:01 1753306                    /lib/x86_64-linux-gnu/libnss_files-2.19.so
7f44f98d4000-7f44f9ad3000 ---p 0000a000 08:01 1753306                    /lib/x86_64-linux-gnu/libnss_files-2.19.so
7f44f9ad3000-7f44f9ad4000 r--p 00009000 08:01 1753306                    /lib/x86_64-linux-gnu/libnss_files-2.19.so
7f44f9ad4000-7f44f9ad5000 rw-p 0000a000 08:01 1753306                    /lib/x86_64-linux-gnu/libnss_files-2.19.so
7f44f9ad5000-7f44f9ae0000 r-xp 00000000 08:01 1753298                    /lib/x86_64-linux-gnu/libnss_nis-2.19.so
7f44f9ae0000-7f44f9cdf000 ---p 0000b000 08:01 1753298                    /lib/x86_64-linux-gnu/libnss_nis-2.19.so
7f44f9cdf000-7f44f9ce0000 r--p 0000a000 08:01 1753298                    /lib/x86_64-linux-gnu/libnss_nis-2.19.so
7f44f9ce0000-7f44f9ce1000 rw-p 0000b000 08:01 1753298                    /lib/x86_64-linux-gnu/libnss_nis-2.19.so
7f44f9ce1000-7f44f9cf8000 r-xp 00000000 08:01 1753294                    /lib/x86_64-linux-gnu/libnsl-2.19.so
7f44f9cf8000-7f44f9ef7000 ---p 00017000 08:01 1753294                    /lib/x86_64-linux-gnu/libnsl-2.19.so
7f44f9ef7000-7f44f9ef8000 r--p 00016000 08:01 1753294                    /lib/x86_64-linux-gnu/libnsl-2.19.so
7f44f9ef8000-7f44f9ef9000 rw-p 00017000 08:01 1753294                    /lib/x86_64-linux-gnu/libnsl-2.19.so
7f44f9ef9000-7f44f9efb000 rw-p 00000000 00:00 0 
7f44f9efb000-7f44f9f04000 r-xp 00000000 08:01 1753293                    /lib/x86_64-linux-gnu/libnss_compat-2.19.so
7f44f9f04000-7f44fa103000 ---p 00009000 08:01 1753293                    /lib/x86_64-linux-gnu/libnss_compat-2.19.so
7f44fa103000-7f44fa104000 r--p 00008000 08:01 1753293                    /lib/x86_64-linux-gnu/libnss_compat-2.19.so
7f44fa104000-7f44fa105000 rw-p 00009000 08:01 1753293                    /lib/x86_64-linux-gnu/libnss_compat-2.19.so
7f44fa105000-7f44fa12f000 r-xp 00000000 08:01 419703                     /usr/local/java/jdk1.8.0_72/jre/lib/amd64/libjava.so
7f44fa12f000-7f44fa32f000 ---p 0002a000 08:01 419703                     /usr/local/java/jdk1.8.0_72/jre/lib/amd64/libjava.so
7f44fa32f000-7f44fa331000 rw-p 0002a000 08:01 419703                     /usr/local/java/jdk1.8.0_72/jre/lib/amd64/libjava.so
7f44fa331000-7f44fa33e000 r-xp 00000000 08:01 419719                     /usr/local/java/jdk1.8.0_72/jre/lib/amd64/libverify.so
7f44fa33e000-7f44fa53e000 ---p 0000d000 08:01 419719                     /usr/local/java/jdk1.8.0_72/jre/lib/amd64/libverify.so
7f44fa53e000-7f44fa540000 rw-p 0000d000 08:01 419719                     /usr/local/java/jdk1.8.0_72/jre/lib/amd64/libverify.so
7f44fa540000-7f44fa547000 r-xp 00000000 08:01 1753302                    /lib/x86_64-linux-gnu/librt-2.19.so
7f44fa547000-7f44fa746000 ---p 00007000 08:01 1753302                    /lib/x86_64-linux-gnu/librt-2.19.so
7f44fa746000-7f44fa747000 r--p 00006000 08:01 1753302                    /lib/x86_64-linux-gnu/librt-2.19.so
7f44fa747000-7f44fa748000 rw-p 00007000 08:01 1753302                    /lib/x86_64-linux-gnu/librt-2.19.so
7f44fa748000-7f44fa84d000 r-xp 00000000 08:01 1753288                    /lib/x86_64-linux-gnu/libm-2.19.so
7f44fa84d000-7f44faa4c000 ---p 00105000 08:01 1753288                    /lib/x86_64-linux-gnu/libm-2.19.so
7f44faa4c000-7f44faa4d000 r--p 00104000 08:01 1753288                    /lib/x86_64-linux-gnu/libm-2.19.so
7f44faa4d000-7f44faa4e000 rw-p 00105000 08:01 1753288                    /lib/x86_64-linux-gnu/libm-2.19.so
7f44faa4e000-7f44fb70d000 r-xp 00000000 08:01 435637                     /usr/local/java/jdk1.8.0_72/jre/lib/amd64/server/libjvm.so
7f44fb70d000-7f44fb90c000 ---p 00cbf000 08:01 435637                     /usr/local/java/jdk1.8.0_72/jre/lib/amd64/server/libjvm.so
7f44fb90c000-7f44fb9e5000 rw-p 00cbe000 08:01 435637                     /usr/local/java/jdk1.8.0_72/jre/lib/amd64/server/libjvm.so
7f44fb9e5000-7f44fba2e000 rw-p 00000000 00:00 0 
7f44fba2e000-7f44fbbe8000 r-xp 00000000 08:01 1753303                    /lib/x86_64-linux-gnu/libc-2.19.so
7f44fbbe8000-7f44fbde8000 ---p 001ba000 08:01 1753303                    /lib/x86_64-linux-gnu/libc-2.19.so
7f44fbde8000-7f44fbdec000 r--p 001ba000 08:01 1753303                    /lib/x86_64-linux-gnu/libc-2.19.so
7f44fbdec000-7f44fbdee000 rw-p 001be000 08:01 1753303                    /lib/x86_64-linux-gnu/libc-2.19.so
7f44fbdee000-7f44fbdf3000 rw-p 00000000 00:00 0 
7f44fbdf3000-7f44fbdf6000 r-xp 00000000 08:01 1753290                    /lib/x86_64-linux-gnu/libdl-2.19.so
7f44fbdf6000-7f44fbff5000 ---p 00003000 08:01 1753290                    /lib/x86_64-linux-gnu/libdl-2.19.so
7f44fbff5000-7f44fbff6000 r--p 00002000 08:01 1753290                    /lib/x86_64-linux-gnu/libdl-2.19.so
7f44fbff6000-7f44fbff7000 rw-p 00003000 08:01 1753290                    /lib/x86_64-linux-gnu/libdl-2.19.so
7f44fbff7000-7f44fc00c000 r-xp 00000000 08:01 125710                     /usr/local/java/jdk1.8.0_72/lib/amd64/jli/libjli.so
7f44fc00c000-7f44fc20c000 ---p 00015000 08:01 125710                     /usr/local/java/jdk1.8.0_72/lib/amd64/jli/libjli.so
7f44fc20c000-7f44fc20d000 rw-p 00015000 08:01 125710                     /usr/local/java/jdk1.8.0_72/lib/amd64/jli/libjli.so
7f44fc20d000-7f44fc226000 r-xp 00000000 08:01 1753295                    /lib/x86_64-linux-gnu/libpthread-2.19.so
7f44fc226000-7f44fc425000 ---p 00019000 08:01 1753295                    /lib/x86_64-linux-gnu/libpthread-2.19.so
7f44fc425000-7f44fc426000 r--p 00018000 08:01 1753295                    /lib/x86_64-linux-gnu/libpthread-2.19.so
7f44fc426000-7f44fc427000 rw-p 00019000 08:01 1753295                    /lib/x86_64-linux-gnu/libpthread-2.19.so
7f44fc427000-7f44fc42b000 rw-p 00000000 00:00 0 
7f44fc42b000-7f44fc44e000 r-xp 00000000 08:01 1753296                    /lib/x86_64-linux-gnu/ld-2.19.so
7f44fc44e000-7f44fc44f000 rw-p 00000000 00:00 0 
7f44fc44f000-7f44fc450000 rwxp 00000000 00:00 0 
7f44fc450000-7f44fc451000 r--p 00000000 00:00 0 
7f44fc451000-7f44fc455000 r--s 00097000 08:01 183087                     /usr/local/java/jdk1.8.0_72/jre/lib/jsse.jar
7f44fc455000-7f44fc456000 r--s 0002d000 08:09 1813110                    /home/opu/workspace/CourseraJavaAssignment/lib/jogl-all-natives-linux-i586.jar
7f44fc456000-7f44fc457000 r--s 00023000 08:09 1813119                    /home/opu/workspace/CourseraJavaAssignment/lib/jogl-all-natives-linux-armv6hf.jar
7f44fc457000-7f44fc458000 r--s 00005000 08:09 1813105                    /home/opu/workspace/CourseraJavaAssignment/lib/libTUIO.jar
7f44fc458000-7f44fc45f000 r--s 00059000 08:09 1813114                    /home/opu/workspace/CourseraJavaAssignment/lib/log4j-1.2.15.jar
7f44fc45f000-7f44fc460000 r--s 0002f000 08:09 1813115                    /home/opu/workspace/CourseraJavaAssignment/lib/jogl-all-natives-linux-amd64.jar
7f44fc460000-7f44fc461000 r--s 00007000 08:09 1813104                    /home/opu/workspace/CourseraJavaAssignment/lib/json4processing.jar
7f44fc461000-7f44fc467000 r--s 00041000 08:09 1813108                    /home/opu/workspace/CourseraJavaAssignment/lib/gluegen-rt.jar
7f44fc467000-7f44fc469000 r--s 00000000 08:09 1813103                    /home/opu/workspace/CourseraJavaAssignment/lib/gluegen-rt-natives-linux-i586.jar
7f44fc469000-7f44fc46b000 r--s 00000000 08:09 1813113                    /home/opu/workspace/CourseraJavaAssignment/lib/gluegen-rt-natives-linux-amd64.jar
7f44fc46b000-7f44fc52c000 rw-p 00000000 00:00 0 
7f44fc52c000-7f44fc52f000 ---p 00000000 00:00 0 
7f44fc52f000-7f44fc631000 rw-p 00000000 00:00 0 
7f44fc631000-7f44fc632000 r--s 00000000 08:09 1813120                    /home/opu/workspace/CourseraJavaAssignment/lib/gluegen-rt-natives-linux-armv6hf.jar
7f44fc632000-7f44fc637000 r--s 00309000 08:09 1813118                    /home/opu/workspace/CourseraJavaAssignment/lib/sqlite-jdbc-3.7.2.jar
7f44fc637000-7f44fc63d000 r--s 00033000 08:09 1813111                    /home/opu/workspace/CourseraJavaAssignment/lib/unfolding.0.9.7-uscd.jar
7f44fc63d000-7f44fc641000 r--s 0009a000 08:09 1813121                    /home/opu/workspace/CourseraJavaAssignment/lib/core.jar
7f44fc641000-7f44fc649000 rw-s 00000000 08:01 286775                     /tmp/hsperfdata_opu/6150
7f44fc649000-7f44fc64a000 rw-p 00000000 00:00 0 
7f44fc64a000-7f44fc64b000 r--p 00000000 00:00 0 
7f44fc64b000-7f44fc64d000 rw-p 00000000 00:00 0 
7f44fc64d000-7f44fc64e000 r--p 00022000 08:01 1753296                    /lib/x86_64-linux-gnu/ld-2.19.so
7f44fc64e000-7f44fc64f000 rw-p 00023000 08:01 1753296                    /lib/x86_64-linux-gnu/ld-2.19.so
7f44fc64f000-7f44fc650000 rw-p 00000000 00:00 0 
7ffecd747000-7ffecd769000 rw-p 00000000 00:00 0                          [stack]
7ffecd7d6000-7ffecd7d8000 r--p 00000000 00:00 0                          [vvar]
7ffecd7d8000-7ffecd7da000 r-xp 00000000 00:00 0                          [vdso]
ffffffffff600000-ffffffffff601000 r-xp 00000000 00:00 0                  [vsyscall]

VM Arguments:
jvm_args: -Djava.security.policy=java.policy.applet -Dfile.encoding=UTF-8 
java_command: sun.applet.AppletViewer assignment.VisitedPlace1465548068237.html
java_class_path (initial): /home/opu/workspace/CourseraJavaAssignment/bin:/home/opu/workspace/CourseraJavaAssignment/lib/core.jar:/home/opu/workspace/CourseraJavaAssignment/lib/unfolding.0.9.7-uscd.jar:/home/opu/workspace/CourseraJavaAssignment/lib/sqlite-jdbc-3.7.2.jar:/home/opu/workspace/CourseraJavaAssignment/lib/gluegen-rt-natives-linux-amd64.jar:/home/opu/workspace/CourseraJavaAssignment/lib/gluegen-rt-natives-linux-armv6hf.jar:/home/opu/workspace/CourseraJavaAssignment/lib/gluegen-rt-natives-linux-i586.jar:/home/opu/workspace/CourseraJavaAssignment/lib/gluegen-rt.jar:/home/opu/workspace/CourseraJavaAssignment/lib/json4processing.jar:/home/opu/workspace/CourseraJavaAssignment/lib/jogl-all-natives-linux-amd64.jar:/home/opu/workspace/CourseraJavaAssignment/lib/log4j-1.2.15.jar:/home/opu/workspace/CourseraJavaAssignment/lib/libTUIO.jar:/home/opu/workspace/CourseraJavaAssignment/lib/jogl-all-natives-linux-armv6hf.jar:/home/opu/workspace/CourseraJavaAssignment/lib/jogl-all-natives-linux-i586.jar:/home/opu/workspace/CourseraJavaAssignment/lib/jogl-all.jar
Launcher Type: SUN_STANDARD

Environment Variables:
JAVA_HOME=/usr/local/java/jdk1.8.0_72
JRE_HOME=/usr/local/java/jdk1.8.0_72/jre
PATH=/usr/local/heroku/bin:/usr/local/sbin:/usr/local/bin:/usr/sbin:/usr/bin:/sbin:/bin:/usr/games:/usr/local/games:/usr/local/java/jdk1.8.0_72/bin:/usr/local/java/jdk1.8.0_72/jre/bin:/home/opu/adt/eclipse
SHELL=/bin/bash
DISPLAY=:0

Signal Handlers:
SIGSEGV: [libjvm.so+0xabb070], sa_mask[0]=11111111011111111101111111111110, sa_flags=SA_RESTART|SA_SIGINFO
SIGBUS: [libjvm.so+0xabb070], sa_mask[0]=11111111011111111101111111111110, sa_flags=SA_RESTART|SA_SIGINFO
SIGFPE: [libjvm.so+0x918480], sa_mask[0]=11111111011111111101111111111110, sa_flags=SA_RESTART|SA_SIGINFO
SIGPIPE: [libjvm.so+0x918480], sa_mask[0]=11111111011111111101111111111110, sa_flags=SA_RESTART|SA_SIGINFO
SIGXFSZ: [libjvm.so+0x918480], sa_mask[0]=11111111011111111101111111111110, sa_flags=SA_RESTART|SA_SIGINFO
SIGILL: [libjvm.so+0x918480], sa_mask[0]=11111111011111111101111111111110, sa_flags=SA_RESTART|SA_SIGINFO
SIGUSR1: SIG_DFL, sa_mask[0]=00000000000000000000000000000000, sa_flags=none
SIGUSR2: [libjvm.so+0x919ab0], sa_mask[0]=00100000000000000000000000000000, sa_flags=SA_RESTART|SA_SIGINFO
SIGHUP: [libjvm.so+0x91aeb0], sa_mask[0]=11111111011111111101111111111110, sa_flags=SA_RESTART|SA_SIGINFO
SIGINT: [libjvm.so+0x91aeb0], sa_mask[0]=11111111011111111101111111111110, sa_flags=SA_RESTART|SA_SIGINFO
SIGTERM: [libjvm.so+0x91aeb0], sa_mask[0]=11111111011111111101111111111110, sa_flags=SA_RESTART|SA_SIGINFO
SIGQUIT: [libjvm.so+0x91aeb0], sa_mask[0]=11111111011111111101111111111110, sa_flags=SA_RESTART|SA_SIGINFO


---------------  S Y S T E M  ---------------

OS:DISTRIB_ID="elementary OS"
DISTRIB_RELEASE=0.3.2
DISTRIB_CODENAME=freya
DISTRIB_DESCRIPTION="elementary OS Freya"

uname:Linux 3.19.0-59-generic #66~14.04.1-Ubuntu SMP Fri May 13 17:27:10 UTC 2016 x86_64
libc:glibc 2.19 NPTL 2.19 
rlimit: STACK 8192k, CORE 0k, NPROC 22954, NOFILE 4096, AS infinity
load average:0.36 0.28 0.24

/proc/meminfo:
MemTotal:        5908236 kB
MemFree:          202692 kB
MemAvailable:    1737836 kB
Buffers:          355728 kB
Cached:          1971016 kB
SwapCached:            0 kB
Active:          3532836 kB
Inactive:        1731624 kB
Active(anon):    2754540 kB
Inactive(anon):  1012284 kB
Active(file):     778296 kB
Inactive(file):   719340 kB
Unevictable:          32 kB
Mlocked:              32 kB
SwapTotal:       6249468 kB
SwapFree:        6249112 kB
Dirty:              2644 kB
Writeback:             0 kB
AnonPages:       2937764 kB
Mapped:           678744 kB
Shmem:            829108 kB
Slab:             326180 kB
SReclaimable:     290912 kB
SUnreclaim:        35268 kB
KernelStack:       10992 kB
PageTables:        48752 kB
NFS_Unstable:          0 kB
Bounce:                0 kB
WritebackTmp:          0 kB
CommitLimit:     9203584 kB
Committed_AS:    9302332 kB
VmallocTotal:   34359738367 kB
VmallocUsed:      366736 kB
VmallocChunk:   34359365204 kB
HardwareCorrupted:     0 kB
AnonHugePages:   1308672 kB
CmaTotal:              0 kB
CmaFree:               0 kB
HugePages_Total:       0
HugePages_Free:        0
HugePages_Rsvd:        0
HugePages_Surp:        0
Hugepagesize:       2048 kB
DirectMap4k:      176000 kB
DirectMap2M:     5910528 kB


CPU:total 4 (2 cores per cpu, 2 threads per core) family 6 model 37 stepping 2, cmov, cx8, fxsr, mmx, sse, sse2, sse3, ssse3, sse4.1, sse4.2, popcnt, ht, tsc, tscinvbit

/proc/cpuinfo:
processor	: 0
vendor_id	: GenuineIntel
cpu family	: 6
model		: 37
model name	: Intel(R) Core(TM) i3 CPU         530  @ 2.93GHz
stepping	: 2
microcode	: 0x9
cpu MHz		: 2261.000
cache size	: 4096 KB
physical id	: 0
siblings	: 4
core id		: 0
cpu cores	: 2
apicid		: 0
initial apicid	: 0
fpu		: yes
fpu_exception	: yes
cpuid level	: 11
wp		: yes
flags		: fpu vme de pse tsc msr pae mce cx8 apic sep mtrr pge mca cmov pat pse36 clflush dts acpi mmx fxsr sse sse2 ss ht tm pbe syscall nx rdtscp lm constant_tsc arch_perfmon pebs bts rep_good nopl xtopology nonstop_tsc aperfmperf pni dtes64 monitor ds_cpl vmx est tm2 ssse3 cx16 xtpr pdcm sse4_1 sse4_2 popcnt lahf_lm arat dtherm tpr_shadow vnmi flexpriority ept vpid
bugs		:
bogomips	: 5866.36
clflush size	: 64
cache_alignment	: 64
address sizes	: 36 bits physical, 48 bits virtual
power management:

processor	: 1
vendor_id	: GenuineIntel
cpu family	: 6
model		: 37
model name	: Intel(R) Core(TM) i3 CPU         530  @ 2.93GHz
stepping	: 2
microcode	: 0x9
cpu MHz		: 1596.000
cache size	: 4096 KB
physical id	: 0
siblings	: 4
core id		: 2
cpu cores	: 2
apicid		: 4
initial apicid	: 4
fpu		: yes
fpu_exception	: yes
cpuid level	: 11
wp		: yes
flags		: fpu vme de pse tsc msr pae mce cx8 apic sep mtrr pge mca cmov pat pse36 clflush dts acpi mmx fxsr sse sse2 ss ht tm pbe syscall nx rdtscp lm constant_tsc arch_perfmon pebs bts rep_good nopl xtopology nonstop_tsc aperfmperf pni dtes64 monitor ds_cpl vmx est tm2 ssse3 cx16 xtpr pdcm sse4_1 sse4_2 popcnt lahf_lm arat dtherm tpr_shadow vnmi flexpriority ept vpid
bugs		:
bogomips	: 5866.36
clflush size	: 64
cache_alignment	: 64
address sizes	: 36 bits physical, 48 bits virtual
power management:

processor	: 2
vendor_id	: GenuineIntel
cpu family	: 6
model		: 37
model name	: Intel(R) Core(TM) i3 CPU         530  @ 2.93GHz
stepping	: 2
microcode	: 0x9
cpu MHz		: 2394.000
cache size	: 4096 KB
physical id	: 0
siblings	: 4
core id		: 0
cpu cores	: 2
apicid		: 1
initial apicid	: 1
fpu		: yes
fpu_exception	: yes
cpuid level	: 11
wp		: yes
flags		: fpu vme de pse tsc msr pae mce cx8 apic sep mtrr pge mca cmov pat pse36 clflush dts acpi mmx fxsr sse sse2 ss ht tm pbe syscall nx rdtscp lm constant_tsc arch_perfmon pebs bts rep_good nopl xtopology nonstop_tsc aperfmperf pni dtes64 monitor ds_cpl vmx est tm2 ssse3 cx16 xtpr pdcm sse4_1 sse4_2 popcnt lahf_lm arat dtherm tpr_shadow vnmi flexpriority ept vpid
bugs		:
bogomips	: 5866.36
clflush size	: 64
cache_alignment	: 64
address sizes	: 36 bits physical, 48 bits virtual
power management:

processor	: 3
vendor_id	: GenuineIntel
cpu family	: 6
model		: 37
model name	: Intel(R) Core(TM) i3 CPU         530  @ 2.93GHz
stepping	: 2
microcode	: 0x9
cpu MHz		: 1330.000
cache size	: 4096 KB
physical id	: 0
siblings	: 4
core id		: 2
cpu cores	: 2
apicid		: 5
initial apicid	: 5
fpu		: yes
fpu_exception	: yes
cpuid level	: 11
wp		: yes
flags		: fpu vme de pse tsc msr pae mce cx8 apic sep mtrr pge mca cmov pat pse36 clflush dts acpi mmx fxsr sse sse2 ss ht tm pbe syscall nx rdtscp lm constant_tsc arch_perfmon pebs bts rep_good nopl xtopology nonstop_tsc aperfmperf pni dtes64 monitor ds_cpl vmx est tm2 ssse3 cx16 xtpr pdcm sse4_1 sse4_2 popcnt lahf_lm arat dtherm tpr_shadow vnmi flexpriority ept vpid
bugs		:
bogomips	: 5866.36
clflush size	: 64
cache_alignment	: 64
address sizes	: 36 bits physical, 48 bits virtual
power management:



Memory: 4k page, physical 5908236k(202692k free), swap 6249468k(6249112k free)

vm_info: Java HotSpot(TM) 64-Bit Server VM (25.72-b15) for linux-amd64 JRE (1.8.0_72-b15), built on Dec 22 2015 22:00:07 by "java_re" with gcc 4.3.0 20080428 (Red Hat 4.3.0-8)

time: Fri Jun 10 14:45:42 2016
elapsed time: 273 seconds (0d 0h 4m 33s)

