#
# A fatal error has been detected by the Java Runtime Environment:
#
#  SIGSEGV (0xb) at pc=0x00007f58f68ed040, pid=6353, tid=140020748048128
#
# JRE version: Java(TM) SE Runtime Environment (8.0_72-b15) (build 1.8.0_72-b15)
# Java VM: Java HotSpot(TM) 64-Bit Server VM (25.72-b15 mixed mode linux-amd64 compressed oops)
# Problematic frame:
# C  [i965_dri.so+0x3ca040]
#
# Failed to write core dump. Core dumps have been disabled. To enable core dumping, try "ulimit -c unlimited" before starting Java again
#
# If you would like to submit a bug report, please visit:
#   http://bugreport.java.com/bugreport/crash.jsp
# The crash happened outside the Java Virtual Machine in native code.
# See problematic frame for where to report the bug.
#

---------------  T H R E A D  ---------------

Current thread (0x00007f5914003000):  JavaThread "AWT-EventQueue-1" [_thread_in_native, id=6379, stack(0x00007f591ee2d000,0x00007f591ef2e000)]

siginfo: si_signo: 11 (SIGSEGV), si_code: 1 (SEGV_MAPERR), si_addr: 0x000000000000c548

Registers:
RAX=0x00007f58f68ed030, RBX=0x000000000000c000, RCX=0x0000000000000000, RDX=0x0000000000000001
RSP=0x00007f591ef2b350, RBP=0x00007f5904533640, RSI=0x00007f590166a0f0, RDI=0x0000000100000000
R8 =0x0000000000000000, R9 =0x00007f591d7c9fc0, R10=0x00007f595d7249c7, R11=0x00000000e8542de8
R12=0x00007f5904533580, R13=0x0000000000000000, R14=0x00007f590453f640, R15=0x0000000000000000
RIP=0x00007f58f68ed040, EFLAGS=0x0000000000010206, CSGSFS=0x0000000000000033, ERR=0x0000000000000004
  TRAPNO=0x000000000000000e

Top of Stack: (sp=0x00007f591ef2b350)
0x00007f591ef2b350:   00007f591ef2b440 0000000000000000
0x00007f591ef2b360:   00007f590166a010 00007f5904533640
0x00007f591ef2b370:   00007f5904533580 00007f591d7ca04e
0x00007f591ef2b380:   00007f591ef2b3b8 00007f591da17660
0x00007f591ef2b390:   00007f5904593220 00007f5900000000
0x00007f591ef2b3a0:   0000000000000000 0000000000000000
0x00007f591ef2b3b0:   00007f5914003000 00007f590166a010
0x00007f591ef2b3c0:   000000000380005c 00007f591d7a3ab0
0x00007f591ef2b3d0:   00007f591ef2b440 0000000000000000
0x00007f591ef2b3e0:   00000000e8542de8 00007f591ef2b480
0x00007f591ef2b3f0:   00007f5914003000 00007f58f7de6849
0x00007f591ef2b400:   0000003000000018 00007f591d7a3ab0
0x00007f591ef2b410:   000000000380005c 00007f5904593220
0x00007f591ef2b420:   00007f591ef2b480 00007f59140031f8
0x00007f591ef2b430:   0000001800000000 00007f591d7a3ab0
0x00007f591ef2b440:   00007f591ef2b490 00007f595d724a3d
0x00007f591ef2b450:   0000000000000030 00000000e8542bf8
0x00007f591ef2b460:   0000000000000000 00007f5900000000
0x00007f591ef2b470:   00000000a5c86d10 00007f595d6d44dc
0x00007f591ef2b480:   00000000a5d03080 00007f59140031f8
0x00007f591ef2b490:   00007f591ef2b6e8 00007f595d735754
0x00007f591ef2b4a0:   00007f591ef2b4d0 00007f5971f47102
0x00007f591ef2b4b0:   00007f591ef2b4d0 00000000e854e130
0x00007f591ef2b4c0:   0000000000000000 00000000e8542de8
0x00007f591ef2b4d0:   00007f591ef2b520 00007f591e226e40
0x00007f591ef2b4e0:   00007f591ef2b520 00007f591ef2b538
0x00007f591ef2b4f0:   00007f591ef2b530 00007f59140031f8
0x00007f591ef2b500:   00007f591ef2b530 00007f5901bbb0d0
0x00007f591ef2b510:   00007f5901bbb0d0 00000000e854e130
0x00007f591ef2b520:   00007f591ef2b570 00007f595d7220fc
0x00007f591ef2b530:   00000000e45a2160 00000000e45a2120
0x00007f591ef2b540:   00000000e45a2238 00000000e45a2228 

Instructions: (pc=0x00007f58f68ed040)
0x00007f58f68ed020:   48 83 c4 10 5b 5d 41 5c c3 0f 1f 80 00 00 00 00
0x00007f58f68ed030:   41 54 55 53 48 83 ec 10 48 8b 1f 48 85 db 74 3d
0x00007f58f68ed040:   f6 83 48 05 00 00 01 49 89 f4 89 cd 75 72 83 e2
0x00007f58f68ed050:   01 75 5d 83 e5 fd 74 38 48 8d 35 71 24 0f 00 ba 

Register to memory mapping:

RAX=0x00007f58f68ed030: <offset 0x3ca030> in /usr/lib/x86_64-linux-gnu/dri/i965_dri.so at 0x00007f58f6523000
RBX=0x000000000000c000 is an unknown value
RCX=0x0000000000000000 is an unknown value
RDX=0x0000000000000001 is an unknown value
RSP=0x00007f591ef2b350 is pointing into the stack for thread: 0x00007f5914003000
RBP=0x00007f5904533640 is an unknown value
RSI=0x00007f590166a0f0 is an unknown value
RDI=0x0000000100000000 is pointing into metadata
R8 =0x0000000000000000 is an unknown value
R9 =0x00007f591d7c9fc0: <offset 0x42fc0> in /usr/lib/x86_64-linux-gnu/mesa/libGL.so.1 at 0x00007f591d787000
R10=0x00007f595d7249c7 is at entry_point+71 in (nmethod*)0x00007f595d724810
R11=0x00000000e8542de8 is an oop
jogamp.nativewindow.jawt.x11.X11JAWTWindow 
 - klass: 'jogamp/nativewindow/jawt/x11/X11JAWTWindow'
R12=0x00007f5904533580 is an unknown value
R13=0x0000000000000000 is an unknown value
R14=0x00007f590453f640 is an unknown value
R15=0x0000000000000000 is an unknown value


Stack: [0x00007f591ee2d000,0x00007f591ef2e000],  sp=0x00007f591ef2b350,  free space=1016k
Native frames: (J=compiled Java code, j=interpreted, Vv=VM code, C=native code)
C  [i965_dri.so+0x3ca040]

Java frames: (J=compiled Java code, j=interpreted, Vv=VM code)
J 2028  jogamp.opengl.x11.glx.GLX.dispatch_glXSwapBuffers0(JJJ)V (0 bytes) @ 0x00007f595d7249c7 [0x00007f595d724980+0x47]
J 2027 C1 jogamp.opengl.x11.glx.GLX.glXSwapBuffers(JJ)V (45 bytes) @ 0x00007f595d735754 [0x00007f595d734da0+0x9b4]
J 2026 C1 jogamp.opengl.x11.glx.X11GLXDrawable.swapBuffersImpl(Z)V (21 bytes) @ 0x00007f595d7203c4 [0x00007f595d720120+0x2a4]
J 2025 C1 jogamp.opengl.GLDrawableImpl.swapBuffers()V (138 bytes) @ 0x00007f595d733914 [0x00007f595d733260+0x6b4]
j  javax.media.opengl.awt.GLCanvas$12.run()V+45
J 1764 C1 java.awt.event.InvocationEvent.dispatch()V (69 bytes) @ 0x00007f595d64eb8c [0x00007f595d64ea40+0x14c]
J 1933 C1 java.awt.EventQueue.dispatchEventImpl(Ljava/awt/AWTEvent;Ljava/lang/Object;)V (149 bytes) @ 0x00007f595d6ebd3c [0x00007f595d6ea1c0+0x1b7c]
J 1790 C1 java.awt.EventQueue$3.run()Ljava/lang/Void; (60 bytes) @ 0x00007f595d662dc4 [0x00007f595d662bc0+0x204]
J 1789 C1 java.awt.EventQueue$3.run()Ljava/lang/Object; (5 bytes) @ 0x00007f595d66284c [0x00007f595d6627c0+0x8c]
v  ~StubRoutines::call_stub
J 467  java.security.AccessController.doPrivileged(Ljava/security/PrivilegedAction;Ljava/security/AccessControlContext;)Ljava/lang/Object; (0 bytes) @ 0x00007f595d20f9e3 [0x00007f595d20f980+0x63]
J 1786 C1 java.awt.EventQueue.dispatchEvent(Ljava/awt/AWTEvent;)V (80 bytes) @ 0x00007f595d65f2f4 [0x00007f595d65e980+0x974]
J 1560 C1 java.awt.EventDispatchThread.pumpOneEventForFilters(I)V (295 bytes) @ 0x00007f595d5b0894 [0x00007f595d5aed40+0x1b54]
j  java.awt.EventDispatchThread.pumpEventsForFilter(ILjava/awt/Conditional;Ljava/awt/EventFilter;)V+35
j  java.awt.EventDispatchThread.pumpEventsForHierarchy(ILjava/awt/Conditional;Ljava/awt/Component;)V+11
j  java.awt.EventDispatchThread.pumpEvents(ILjava/awt/Conditional;)V+4
j  java.awt.EventDispatchThread.pumpEvents(Ljava/awt/Conditional;)V+3
j  java.awt.EventDispatchThread.run()V+9
v  ~StubRoutines::call_stub

---------------  P R O C E S S  ---------------

Java Threads: ( => current thread )
  0x00007f5901bba800 JavaThread "Thread-76" [_thread_blocked, id=6473, stack(0x00007f58f3d39000,0x00007f58f3e3a000)]
  0x00007f59010ea800 JavaThread "Thread-75" [_thread_in_native, id=6472, stack(0x00007f58f3151000,0x00007f58f3252000)]
  0x00007f5901450800 JavaThread "Thread-74" [_thread_in_native, id=6471, stack(0x00007f58f3353000,0x00007f58f3454000)]
  0x00007f5901132800 JavaThread "Thread-65" [_thread_in_native, id=6462, stack(0x00007f58f3f3b000,0x00007f58f403c000)]
  0x00007f59010e7800 JavaThread "Thread-62" [_thread_in_native, id=6459, stack(0x00007f58f3252000,0x00007f58f3353000)]
  0x00007f58d8028800 JavaThread "Image Fetcher 1" daemon [_thread_blocked, id=6420, stack(0x00007f58f3c38000,0x00007f58f3d39000)]
  0x00007f58e0002000 JavaThread "Image Fetcher 0" daemon [_thread_blocked, id=6418, stack(0x00007f58f3e3a000,0x00007f58f3f3b000)]
  0x00007f5904109800 JavaThread "Animation Thread-SharedResourceRunner" daemon [_thread_blocked, id=6391, stack(0x00007f591e82b000,0x00007f591e92c000)]
  0x00007f59040b4800 JavaThread "process reaper" daemon [_thread_blocked, id=6386, stack(0x00007f595409d000,0x00007f59540d6000)]
  0x00007f5914009000 JavaThread "Animation Thread" [_thread_blocked, id=6380, stack(0x00007f591eb2c000,0x00007f591ec2d000)]
=>0x00007f5914003000 JavaThread "AWT-EventQueue-1" [_thread_in_native, id=6379, stack(0x00007f591ee2d000,0x00007f591ef2e000)]
  0x00007f596c00a800 JavaThread "DestroyJavaVM" [_thread_blocked, id=6358, stack(0x00007f5973344000,0x00007f5973445000)]
  0x00007f596c301000 JavaThread "AWT-EventQueue-0" [_thread_blocked, id=6377, stack(0x00007f591f5d6000,0x00007f591f6d7000)]
  0x00007f596c2fd000 JavaThread "AWT-Shutdown" [_thread_blocked, id=6376, stack(0x00007f591f6d7000,0x00007f591f7d8000)]
  0x00007f596c2e9800 JavaThread "thread applet-assignment.VisitedPlace.class" [_thread_blocked, id=6375, stack(0x00007f591f7d8000,0x00007f591f8d9000)]
  0x00007f596c2dc800 JavaThread "AWT-XAWT" daemon [_thread_blocked, id=6373, stack(0x00007f591f8d9000,0x00007f591f9da000)]
  0x00007f596c2b8800 JavaThread "Java2D Disposer" daemon [_thread_blocked, id=6372, stack(0x00007f5944046000,0x00007f5944147000)]
  0x00007f596c0c1800 JavaThread "Service Thread" daemon [_thread_blocked, id=6370, stack(0x00007f5945b7c000,0x00007f5945c7d000)]
  0x00007f596c0be800 JavaThread "C1 CompilerThread2" daemon [_thread_blocked, id=6369, stack(0x00007f5945c7d000,0x00007f5945d7e000)]
  0x00007f596c0bc800 JavaThread "C2 CompilerThread1" daemon [_thread_blocked, id=6368, stack(0x00007f5945d7e000,0x00007f5945e7f000)]
  0x00007f596c0b9800 JavaThread "C2 CompilerThread0" daemon [_thread_blocked, id=6367, stack(0x00007f5945e7f000,0x00007f5945f80000)]
  0x00007f596c0b8000 JavaThread "Signal Dispatcher" daemon [_thread_blocked, id=6366, stack(0x00007f5945f80000,0x00007f5946081000)]
  0x00007f596c084800 JavaThread "Finalizer" daemon [_thread_blocked, id=6365, stack(0x00007f59479fa000,0x00007f5947afb000)]
  0x00007f596c080000 JavaThread "Reference Handler" daemon [_thread_blocked, id=6364, stack(0x00007f5947afb000,0x00007f5947bfc000)]

Other Threads:
  0x00007f596c078000 VMThread [stack: 0x00007f5947bfc000,0x00007f5947cfd000] [id=6363]
  0x00007f596c0c4800 WatcherThread [stack: 0x00007f5945a7b000,0x00007f5945b7c000] [id=6371]

VM state:not at safepoint (normal execution)

VM Mutex/Monitor currently owned by a thread: None

Heap:
 PSYoungGen      total 100864K, used 54168K [0x00000000e1f00000, 0x00000000e9200000, 0x0000000100000000)
  eden space 89088K, 47% used [0x00000000e1f00000,0x00000000e4888a78,0x00000000e7600000)
  from space 11776K, 98% used [0x00000000e8500000,0x00000000e905d680,0x00000000e9080000)
  to   space 14336K, 0% used [0x00000000e7600000,0x00000000e7600000,0x00000000e8400000)
 ParOldGen       total 62976K, used 14174K [0x00000000a5c00000, 0x00000000a9980000, 0x00000000e1f00000)
  object space 62976K, 22% used [0x00000000a5c00000,0x00000000a69d7880,0x00000000a9980000)
 Metaspace       used 19881K, capacity 20125K, committed 20480K, reserved 1067008K
  class space    used 1854K, capacity 1924K, committed 2048K, reserved 1048576K

Card table byte_map: [0x00007f595cd2d000,0x00007f595d000000] byte_map_base: 0x00007f595c7ff000

Marking Bits: (ParMarkBitMap*) 0x00007f597281b100
 Begin Bits: [0x00007f59552e0000, 0x00007f5956970000)
 End Bits:   [0x00007f5956970000, 0x00007f5958000000)

Polling page: 0x00007f5973462000

CodeCache: size=245760Kb used=7241Kb max_used=8448Kb free=238519Kb
 bounds [0x00007f595d000000, 0x00007f595d850000, 0x00007f596c000000]
 total_blobs=2990 nmethods=2019 adapters=885
 compilation: enabled

Compilation events (10 events):
Event: 57.227 Thread 0x00007f596c0be800 2436       3       java.awt.event.MouseEvent::<init> (250 bytes)
Event: 57.231 Thread 0x00007f596c0be800 nmethod 2436 0x00007f595d3c0610 code [0x00007f595d3c0a20, 0x00007f595d3c3118]
Event: 57.260 Thread 0x00007f596c0be800 2437       1       java.net.Proxy::address (5 bytes)
Event: 57.260 Thread 0x00007f596c0be800 nmethod 2437 0x00007f595d61e290 code [0x00007f595d61e3e0, 0x00007f595d61e4f0]
Event: 57.326 Thread 0x00007f596c0be800 2438       3       java.util.Properties::getProperty (16 bytes)
Event: 57.327 Thread 0x00007f596c0be800 nmethod 2438 0x00007f595d4f2c50 code [0x00007f595d4f2dc0, 0x00007f595d4f3028]
Event: 57.327 Thread 0x00007f596c0be800 2439       3       java.lang.System::getProperty (26 bytes)
Event: 57.328 Thread 0x00007f596c0be800 nmethod 2439 0x00007f595d47ac90 code [0x00007f595d47aee0, 0x00007f595d47ba78]
Event: 57.461 Thread 0x00007f596c0b9800 2440       4       java.util.HashMap$HashIterator::hasNext (13 bytes)
Event: 57.461 Thread 0x00007f596c0b9800 nmethod 2440 0x00007f595d371650 code [0x00007f595d3717a0, 0x00007f595d371818]

GC Heap History (10 events):
Event: 1.492 GC heap before
{Heap before GC invocations=2 (full 0):
 PSYoungGen      total 27648K, used 27629K [0x00000000e1f00000, 0x00000000e5500000, 0x0000000100000000)
  eden space 24064K, 100% used [0x00000000e1f00000,0x00000000e3680000,0x00000000e3680000)
  from space 3584K, 99% used [0x00000000e3680000,0x00000000e39fb488,0x00000000e3a00000)
  to   space 3584K, 0% used [0x00000000e5180000,0x00000000e5180000,0x00000000e5500000)
 ParOldGen       total 62976K, used 536K [0x00000000a5c00000, 0x00000000a9980000, 0x00000000e1f00000)
  object space 62976K, 0% used [0x00000000a5c00000,0x00000000a5c860c8,0x00000000a9980000)
 Metaspace       used 18430K, capacity 18565K, committed 18816K, reserved 1067008K
  class space    used 1800K, capacity 1856K, committed 1920K, reserved 1048576K
Event: 1.510 GC heap after
Heap after GC invocations=2 (full 0):
 PSYoungGen      total 51712K, used 3571K [0x00000000e1f00000, 0x00000000e5500000, 0x0000000100000000)
  eden space 48128K, 0% used [0x00000000e1f00000,0x00000000e1f00000,0x00000000e4e00000)
  from space 3584K, 99% used [0x00000000e5180000,0x00000000e54fcc70,0x00000000e5500000)
  to   space 3584K, 0% used [0x00000000e4e00000,0x00000000e4e00000,0x00000000e5180000)
 ParOldGen       total 62976K, used 8237K [0x00000000a5c00000, 0x00000000a9980000, 0x00000000e1f00000)
  object space 62976K, 13% used [0x00000000a5c00000,0x00000000a640b6f0,0x00000000a9980000)
 Metaspace       used 18430K, capacity 18565K, committed 18816K, reserved 1067008K
  class space    used 1800K, capacity 1856K, committed 1920K, reserved 1048576K
}
Event: 7.503 GC heap before
{Heap before GC invocations=3 (full 0):
 PSYoungGen      total 51712K, used 51699K [0x00000000e1f00000, 0x00000000e5500000, 0x0000000100000000)
  eden space 48128K, 100% used [0x00000000e1f00000,0x00000000e4e00000,0x00000000e4e00000)
  from space 3584K, 99% used [0x00000000e5180000,0x00000000e54fcc70,0x00000000e5500000)
  to   space 3584K, 0% used [0x00000000e4e00000,0x00000000e4e00000,0x00000000e5180000)
 ParOldGen       total 62976K, used 8237K [0x00000000a5c00000, 0x00000000a9980000, 0x00000000e1f00000)
  object space 62976K, 13% used [0x00000000a5c00000,0x00000000a640b6f0,0x00000000a9980000)
 Metaspace       used 19520K, capacity 19741K, committed 20224K, reserved 1067008K
  class space    used 1851K, capacity 1924K, committed 2048K, reserved 1048576K
Event: 7.516 GC heap after
Heap after GC invocations=3 (full 0):
 PSYoungGen      total 51712K, used 3557K [0x00000000e1f00000, 0x00000000e8400000, 0x0000000100000000)
  eden space 48128K, 0% used [0x00000000e1f00000,0x00000000e1f00000,0x00000000e4e00000)
  from space 3584K, 99% used [0x00000000e4e00000,0x00000000e5179480,0x00000000e5180000)
  to   space 3584K, 0% used [0x00000000e8080000,0x00000000e8080000,0x00000000e8400000)
 ParOldGen       total 62976K, used 12110K [0x00000000a5c00000, 0x00000000a9980000, 0x00000000e1f00000)
  object space 62976K, 19% used [0x00000000a5c00000,0x00000000a67d3800,0x00000000a9980000)
 Metaspace       used 19520K, capacity 19741K, committed 20224K, reserved 1067008K
  class space    used 1851K, capacity 1924K, committed 2048K, reserved 1048576K
}
Event: 21.453 GC heap before
{Heap before GC invocations=4 (full 0):
 PSYoungGen      total 51712K, used 51685K [0x00000000e1f00000, 0x00000000e8400000, 0x0000000100000000)
  eden space 48128K, 100% used [0x00000000e1f00000,0x00000000e4e00000,0x00000000e4e00000)
  from space 3584K, 99% used [0x00000000e4e00000,0x00000000e5179480,0x00000000e5180000)
  to   space 3584K, 0% used [0x00000000e8080000,0x00000000e8080000,0x00000000e8400000)
 ParOldGen       total 62976K, used 12110K [0x00000000a5c00000, 0x00000000a9980000, 0x00000000e1f00000)
  object space 62976K, 19% used [0x00000000a5c00000,0x00000000a67d3800,0x00000000a9980000)
 Metaspace       used 19613K, capacity 19805K, committed 20224K, reserved 1067008K
  class space    used 1851K, capacity 1924K, committed 2048K, reserved 1048576K
Event: 21.465 GC heap after
Heap after GC invocations=4 (full 0):
 PSYoungGen      total 99840K, used 3477K [0x00000000e1f00000, 0x00000000e8400000, 0x0000000100000000)
  eden space 96256K, 0% used [0x00000000e1f00000,0x00000000e1f00000,0x00000000e7d00000)
  from space 3584K, 97% used [0x00000000e8080000,0x00000000e83e5470,0x00000000e8400000)
  to   space 3584K, 0% used [0x00000000e7d00000,0x00000000e7d00000,0x00000000e8080000)
 ParOldGen       total 62976K, used 12110K [0x00000000a5c00000, 0x00000000a9980000, 0x00000000e1f00000)
  object space 62976K, 19% used [0x00000000a5c00000,0x00000000a67d3800,0x00000000a9980000)
 Metaspace       used 19613K, capacity 19805K, committed 20224K, reserved 1067008K
  class space    used 1851K, capacity 1924K, committed 2048K, reserved 1048576K
}
Event: 49.722 GC heap before
{Heap before GC invocations=5 (full 0):
 PSYoungGen      total 99840K, used 99733K [0x00000000e1f00000, 0x00000000e8400000, 0x0000000100000000)
  eden space 96256K, 100% used [0x00000000e1f00000,0x00000000e7d00000,0x00000000e7d00000)
  from space 3584K, 97% used [0x00000000e8080000,0x00000000e83e5470,0x00000000e8400000)
  to   space 3584K, 0% used [0x00000000e7d00000,0x00000000e7d00000,0x00000000e8080000)
 ParOldGen       total 62976K, used 12110K [0x00000000a5c00000, 0x00000000a9980000, 0x00000000e1f00000)
  object space 62976K, 19% used [0x00000000a5c00000,0x00000000a67d3800,0x00000000a9980000)
 Metaspace       used 19613K, capacity 19805K, committed 20224K, reserved 1067008K
  class space    used 1851K, capacity 1924K, committed 2048K, reserved 1048576K
Event: 49.732 GC heap after
Heap after GC invocations=5 (full 0):
 PSYoungGen      total 96256K, used 3507K [0x00000000e1f00000, 0x00000000e9080000, 0x0000000100000000)
  eden space 92672K, 0% used [0x00000000e1f00000,0x00000000e1f00000,0x00000000e7980000)
  from space 3584K, 97% used [0x00000000e7d00000,0x00000000e806cc40,0x00000000e8080000)
  to   space 11776K, 0% used [0x00000000e8500000,0x00000000e8500000,0x00000000e9080000)
 ParOldGen       total 62976K, used 12118K [0x00000000a5c00000, 0x00000000a9980000, 0x00000000e1f00000)
  object space 62976K, 19% used [0x00000000a5c00000,0x00000000a67d5800,0x00000000a9980000)
 Metaspace       used 19613K, capacity 19805K, committed 20224K, reserved 1067008K
  class space    used 1851K, capacity 1924K, committed 2048K, reserved 1048576K
}
Event: 55.822 GC heap before
{Heap before GC invocations=6 (full 0):
 PSYoungGen      total 96256K, used 96179K [0x00000000e1f00000, 0x00000000e9080000, 0x0000000100000000)
  eden space 92672K, 100% used [0x00000000e1f00000,0x00000000e7980000,0x00000000e7980000)
  from space 3584K, 97% used [0x00000000e7d00000,0x00000000e806cc40,0x00000000e8080000)
  to   space 11776K, 0% used [0x00000000e8500000,0x00000000e8500000,0x00000000e9080000)
 ParOldGen       total 62976K, used 12118K [0x00000000a5c00000, 0x00000000a9980000, 0x00000000e1f00000)
  object space 62976K, 19% used [0x00000000a5c00000,0x00000000a67d5800,0x00000000a9980000)
 Metaspace       used 19789K, capacity 19997K, committed 20480K, reserved 1067008K
  class space    used 1853K, capacity 1924K, committed 2048K, reserved 1048576K
Event: 55.869 GC heap after
Heap after GC invocations=6 (full 0):
 PSYoungGen      total 100864K, used 11637K [0x00000000e1f00000, 0x00000000e9200000, 0x0000000100000000)
  eden space 89088K, 0% used [0x00000000e1f00000,0x00000000e1f00000,0x00000000e7600000)
  from space 11776K, 98% used [0x00000000e8500000,0x00000000e905d680,0x00000000e9080000)
  to   space 14336K, 0% used [0x00000000e7600000,0x00000000e7600000,0x00000000e8400000)
 ParOldGen       total 62976K, used 14174K [0x00000000a5c00000, 0x00000000a9980000, 0x00000000e1f00000)
  object space 62976K, 22% used [0x00000000a5c00000,0x00000000a69d7880,0x00000000a9980000)
 Metaspace       used 19789K, capacity 19997K, committed 20480K, reserved 1067008K
  class space    used 1853K, capacity 1924K, committed 2048K, reserved 1048576K
}

Deoptimization events (10 events):
Event: 52.105 Thread 0x00007f5914003000 Uncommon trap: reason=unstable_if action=reinterpret pc=0x00007f595d7ba03c method=java.util.TimSort.sort([Ljava/lang/Object;IILjava/util/Comparator;[Ljava/lang/Object;II)V @ 53
Event: 52.105 Thread 0x00007f5914003000 Uncommon trap: reason=unstable_if action=reinterpret pc=0x00007f595d757304 method=de.fhpotsdam.unfolding.mapdisplay.AbstractMapDisplay$ZoomComparator.compare(Lde/fhpotsdam/unfolding/core/Coordinate;Lde/fhpotsdam/unfolding/core/Coordinate;)I @ 9
Event: 52.105 Thread 0x00007f5914003000 Uncommon trap: reason=unstable_if action=reinterpret pc=0x00007f595d670b90 method=de.fhpotsdam.unfolding.mapdisplay.AbstractMapDisplay$ZoomComparator.compare(Lde/fhpotsdam/unfolding/core/Coordinate;Lde/fhpotsdam/unfolding/core/Coordinate;)I @ 25
Event: 52.105 Thread 0x00007f5914003000 Uncommon trap: reason=unstable_if action=reinterpret pc=0x00007f595d4b2c80 method=de.fhpotsdam.unfolding.core.Coordinate.equals(Ljava/lang/Object;)Z @ 38
Event: 52.108 Thread 0x00007f5914003000 Uncommon trap: reason=unstable_if action=reinterpret pc=0x00007f595d764264 method=de.fhpotsdam.unfolding.mapdisplay.Java2DMapDisplay.draw()V @ 186
Event: 52.122 Thread 0x00007f5914003000 Uncommon trap: reason=unstable_if action=reinterpret pc=0x00007f595d48d2f0 method=sun.misc.FloatingDecimal$BinaryToASCIIBuffer.developLongDigits(IJI)V @ 104
Event: 52.122 Thread 0x00007f5914003000 Uncommon trap: reason=unstable_if action=reinterpret pc=0x00007f595d44a520 method=sun.misc.FloatingDecimal$BinaryToASCIIBuffer.getChars([C)I @ 94
Event: 52.122 Thread 0x00007f5914003000 Uncommon trap: reason=unstable_if action=reinterpret pc=0x00007f595d4476d0 method=java.text.DigitList.getDataChars(I)[C @ 13
Event: 52.122 Thread 0x00007f5914003000 Uncommon trap: reason=unstable_if action=reinterpret pc=0x00007f595d474d84 method=java.text.DecimalFormat.subformat(Ljava/lang/StringBuffer;Ljava/text/Format$FieldDelegate;ZZIIII)Ljava/lang/StringBuffer; @ 753
Event: 52.154 Thread 0x00007f5914003000 Uncommon trap: reason=unstable_if action=reinterpret pc=0x00007f595d469df4 method=java.lang.Long.numberOfTrailingZeros(J)I @ 44

Internal exceptions (10 events):
Event: 1.243 Thread 0x00007f5914003000 Implicit null exception at 0x00007f595d1ad275 to 0x00007f595d1ad5c1
Event: 1.287 Thread 0x00007f5914003000 Exception <a 'java/lang/reflect/InvocationTargetException'> (0x00000000e3099c30) thrown at [/HUDSON/workspace/8-2-build-linux-amd64/jdk8u72/5732/hotspot/src/share/vm/runtime/reflection.cpp, line 1092]
Event: 1.288 Thread 0x00007f5914003000 Exception <a 'java/lang/reflect/InvocationTargetException'> (0x00000000e309a470) thrown at [/HUDSON/workspace/8-2-build-linux-amd64/jdk8u72/5732/hotspot/src/share/vm/runtime/reflection.cpp, line 1092]
Event: 1.289 Thread 0x00007f5914003000 Exception <a 'java/lang/reflect/InvocationTargetException'> (0x00000000e309b0e8) thrown at [/HUDSON/workspace/8-2-build-linux-amd64/jdk8u72/5732/hotspot/src/share/vm/runtime/reflection.cpp, line 1092]
Event: 1.290 Thread 0x00007f5914009000 Exception <a 'java/lang/reflect/InvocationTargetException'> (0x00000000e2e34e28) thrown at [/HUDSON/workspace/8-2-build-linux-amd64/jdk8u72/5732/hotspot/src/share/vm/runtime/reflection.cpp, line 1092]
Event: 1.290 Thread 0x00007f5914009000 Exception <a 'java/lang/reflect/InvocationTargetException'> (0x00000000e2e353f8) thrown at [/HUDSON/workspace/8-2-build-linux-amd64/jdk8u72/5732/hotspot/src/share/vm/runtime/reflection.cpp, line 1092]
Event: 1.291 Thread 0x00007f5914009000 Exception <a 'java/lang/reflect/InvocationTargetException'> (0x00000000e2e35810) thrown at [/HUDSON/workspace/8-2-build-linux-amd64/jdk8u72/5732/hotspot/src/share/vm/runtime/reflection.cpp, line 1092]
Event: 1.291 Thread 0x00007f5914009000 Exception <a 'java/lang/reflect/InvocationTargetException'> (0x00000000e2e35c28) thrown at [/HUDSON/workspace/8-2-build-linux-amd64/jdk8u72/5732/hotspot/src/share/vm/runtime/reflection.cpp, line 1092]
Event: 1.300 Thread 0x00007f5914009000 Exception <a 'java/lang/reflect/InvocationTargetException'> (0x00000000e2e3db20) thrown at [/HUDSON/workspace/8-2-build-linux-amd64/jdk8u72/5732/hotspot/src/share/vm/runtime/reflection.cpp, line 1092]
Event: 1.310 Thread 0x00007f5914009000 Exception <a 'java/lang/reflect/InvocationTargetException'> (0x00000000e2e41fb8) thrown at [/HUDSON/workspace/8-2-build-linux-amd64/jdk8u72/5732/hotspot/src/share/vm/runtime/reflection.cpp, line 1092]

Events (10 events):
Event: 57.246 Thread 0x00007f5901450800 Thread exited: 0x00007f5901450800
Event: 57.259 Thread 0x00007f5901450800 Thread added: 0x00007f5901450800
Event: 57.323 Thread 0x00007f59010ea800 Thread exited: 0x00007f59010ea800
Event: 57.325 Thread 0x00007f59010ea800 Thread added: 0x00007f59010ea800
Event: 57.338 Thread 0x00007f58e0001000 Thread exited: 0x00007f58e0001000
Event: 57.460 loading class sun/applet/AppletViewer$3
Event: 57.460 loading class sun/applet/AppletViewer$3 done
Event: 57.460 Thread 0x00007f5901bba800 Thread added: 0x00007f5901bba800
Event: 57.461 loading class sun/applet/AppletPanel$4
Event: 57.461 loading class sun/applet/AppletPanel$4 done


Dynamic libraries:
00400000-00401000 r-xp 00000000 08:01 221703                             /usr/local/java/jdk1.8.0_72/bin/java
00600000-00601000 rw-p 00000000 08:01 221703                             /usr/local/java/jdk1.8.0_72/bin/java
01430000-01451000 rw-p 00000000 00:00 0                                  [heap]
a5c00000-a9980000 rw-p 00000000 00:00 0 
a9980000-e1f00000 ---p 00000000 00:00 0 
e1f00000-e9200000 rw-p 00000000 00:00 0 
e9200000-100000000 ---p 00000000 00:00 0 
100000000-100200000 rw-p 00000000 00:00 0 
100200000-140000000 ---p 00000000 00:00 0 
7f58d4000000-7f58d409f000 rw-p 00000000 00:00 0 
7f58d409f000-7f58d8000000 ---p 00000000 00:00 0 
7f58d8000000-7f58d80a1000 rw-p 00000000 00:00 0 
7f58d80a1000-7f58dc000000 ---p 00000000 00:00 0 
7f58dc000000-7f58dc021000 rw-p 00000000 00:00 0 
7f58dc021000-7f58e0000000 ---p 00000000 00:00 0 
7f58e0000000-7f58e0021000 rw-p 00000000 00:00 0 
7f58e0021000-7f58e4000000 ---p 00000000 00:00 0 
7f58e4000000-7f58e413a000 rw-p 00000000 00:00 0 
7f58e413a000-7f58e8000000 ---p 00000000 00:00 0 
7f58e8000000-7f58e8021000 rw-p 00000000 00:00 0 
7f58e8021000-7f58ec000000 ---p 00000000 00:00 0 
7f58ec000000-7f58ec179000 rw-p 00000000 00:00 0 
7f58ec179000-7f58f0000000 ---p 00000000 00:00 0 
7f58f1b91000-7f58f1bf1000 rw-s 113a82000 00:06 1508                      /dev/dri/card0
7f58f1bf1000-7f58f1c51000 rw-s 113a22000 00:06 1508                      /dev/dri/card0
7f58f1c51000-7f58f1cb1000 rw-s 1132c5000 00:06 1508                      /dev/dri/card0
7f58f1cb1000-7f58f1d11000 rw-s 113265000 00:06 1508                      /dev/dri/card0
7f58f1d11000-7f58f1d71000 rw-s 113205000 00:06 1508                      /dev/dri/card0
7f58f1d71000-7f58f1dd1000 rw-s 1131a5000 00:06 1508                      /dev/dri/card0
7f58f1dd1000-7f58f1e31000 rw-s 113145000 00:06 1508                      /dev/dri/card0
7f58f1e31000-7f58f1e91000 rw-s 1130e5000 00:06 1508                      /dev/dri/card0
7f58f1e91000-7f58f1ef1000 rw-s 113085000 00:06 1508                      /dev/dri/card0
7f58f1ef1000-7f58f1f51000 rw-s 113025000 00:06 1508                      /dev/dri/card0
7f58f1f51000-7f58f1fb1000 rw-s 112fc5000 00:06 1508                      /dev/dri/card0
7f58f1fb1000-7f58f2011000 rw-s 112f65000 00:06 1508                      /dev/dri/card0
7f58f2011000-7f58f2071000 rw-s 112f05000 00:06 1508                      /dev/dri/card0
7f58f2071000-7f58f20d1000 rw-s 112ea5000 00:06 1508                      /dev/dri/card0
7f58f20d1000-7f58f2131000 rw-s 112e45000 00:06 1508                      /dev/dri/card0
7f58f2131000-7f58f2191000 rw-s 112de5000 00:06 1508                      /dev/dri/card0
7f58f2191000-7f58f21f1000 rw-s 112d85000 00:06 1508                      /dev/dri/card0
7f58f21f1000-7f58f2251000 rw-s 111d8e000 00:06 1508                      /dev/dri/card0
7f58f2251000-7f58f22b1000 rw-s 112d25000 00:06 1508                      /dev/dri/card0
7f58f22b1000-7f58f2311000 rw-s 112cc5000 00:06 1508                      /dev/dri/card0
7f58f2311000-7f58f2371000 rw-s 112c65000 00:06 1508                      /dev/dri/card0
7f58f2371000-7f58f23d1000 rw-s 118bd4000 00:06 1508                      /dev/dri/card0
7f58f23d1000-7f58f2431000 rw-s 118b74000 00:06 1508                      /dev/dri/card0
7f58f2431000-7f58f2491000 rw-s 118b14000 00:06 1508                      /dev/dri/card0
7f58f2491000-7f58f24f1000 rw-s 118ab4000 00:06 1508                      /dev/dri/card0
7f58f24f1000-7f58f2551000 rw-s 118a54000 00:06 1508                      /dev/dri/card0
7f58f2551000-7f58f25b1000 rw-s 1189f4000 00:06 1508                      /dev/dri/card0
7f58f25b1000-7f58f2611000 rw-s 118994000 00:06 1508                      /dev/dri/card0
7f58f2611000-7f58f2671000 rw-s 118934000 00:06 1508                      /dev/dri/card0
7f58f2671000-7f58f26d1000 rw-s 1188d4000 00:06 1508                      /dev/dri/card0
7f58f26d1000-7f58f2731000 rw-s 118874000 00:06 1508                      /dev/dri/card0
7f58f2731000-7f58f2791000 rw-s 118814000 00:06 1508                      /dev/dri/card0
7f58f2791000-7f58f27f1000 rw-s 1187b4000 00:06 1508                      /dev/dri/card0
7f58f27f1000-7f58f2851000 rw-s 118754000 00:06 1508                      /dev/dri/card0
7f58f2851000-7f58f28b1000 rw-s 1186f4000 00:06 1508                      /dev/dri/card0
7f58f28b1000-7f58f2911000 rw-s 118694000 00:06 1508                      /dev/dri/card0
7f58f2911000-7f58f2971000 rw-s 118634000 00:06 1508                      /dev/dri/card0
7f58f2971000-7f58f29d1000 rw-s 1185d4000 00:06 1508                      /dev/dri/card0
7f58f29d1000-7f58f2a31000 rw-s 118574000 00:06 1508                      /dev/dri/card0
7f58f2a31000-7f58f2a91000 rw-s 118514000 00:06 1508                      /dev/dri/card0
7f58f2a91000-7f58f2af1000 rw-s 1184b4000 00:06 1508                      /dev/dri/card0
7f58f2af1000-7f58f2b51000 rw-s 118454000 00:06 1508                      /dev/dri/card0
7f58f2b51000-7f58f2bb1000 rw-s 1183f4000 00:06 1508                      /dev/dri/card0
7f58f2bb1000-7f58f2c11000 rw-s 118394000 00:06 1508                      /dev/dri/card0
7f58f2c11000-7f58f2c71000 rw-s 118334000 00:06 1508                      /dev/dri/card0
7f58f2c71000-7f58f2cd1000 rw-s 112c05000 00:06 1508                      /dev/dri/card0
7f58f2cd1000-7f58f2d31000 rw-s 1182d4000 00:06 1508                      /dev/dri/card0
7f58f2d31000-7f58f2d91000 rw-s 118274000 00:06 1508                      /dev/dri/card0
7f58f2d91000-7f58f2df1000 rw-s 118214000 00:06 1508                      /dev/dri/card0
7f58f2df1000-7f58f2e51000 rw-s 1181b4000 00:06 1508                      /dev/dri/card0
7f58f2e51000-7f58f2eb1000 rw-s 118154000 00:06 1508                      /dev/dri/card0
7f58f2eb1000-7f58f2f11000 rw-s 1180f4000 00:06 1508                      /dev/dri/card0
7f58f2f11000-7f58f2f71000 rw-s 118094000 00:06 1508                      /dev/dri/card0
7f58f2f71000-7f58f2fd1000 rw-s 118034000 00:06 1508                      /dev/dri/card0
7f58f2fd1000-7f58f3031000 rw-s 117fd4000 00:06 1508                      /dev/dri/card0
7f58f3031000-7f58f3091000 rw-s 117f74000 00:06 1508                      /dev/dri/card0
7f58f3091000-7f58f30f1000 rw-s 117f14000 00:06 1508                      /dev/dri/card0
7f58f30f1000-7f58f3151000 rw-s 117eb4000 00:06 1508                      /dev/dri/card0
7f58f3151000-7f58f3154000 ---p 00000000 00:00 0 
7f58f3154000-7f58f3252000 rw-p 00000000 00:00 0 
7f58f3252000-7f58f3255000 ---p 00000000 00:00 0 
7f58f3255000-7f58f3353000 rw-p 00000000 00:00 0 
7f58f3353000-7f58f3356000 ---p 00000000 00:00 0 
7f58f3356000-7f58f3454000 rw-p 00000000 00:00 0 
7f58f3454000-7f58f346b000 r-xp 00000000 08:01 1753285                    /lib/x86_64-linux-gnu/libresolv-2.19.so
7f58f346b000-7f58f366b000 ---p 00017000 08:01 1753285                    /lib/x86_64-linux-gnu/libresolv-2.19.so
7f58f366b000-7f58f366c000 r--p 00017000 08:01 1753285                    /lib/x86_64-linux-gnu/libresolv-2.19.so
7f58f366c000-7f58f366d000 rw-p 00018000 08:01 1753285                    /lib/x86_64-linux-gnu/libresolv-2.19.so
7f58f366d000-7f58f366f000 rw-p 00000000 00:00 0 
7f58f366f000-7f58f3674000 r-xp 00000000 08:01 1753300                    /lib/x86_64-linux-gnu/libnss_dns-2.19.so
7f58f3674000-7f58f3873000 ---p 00005000 08:01 1753300                    /lib/x86_64-linux-gnu/libnss_dns-2.19.so
7f58f3873000-7f58f3874000 r--p 00004000 08:01 1753300                    /lib/x86_64-linux-gnu/libnss_dns-2.19.so
7f58f3874000-7f58f3875000 rw-p 00005000 08:01 1753300                    /lib/x86_64-linux-gnu/libnss_dns-2.19.so
7f58f3875000-7f58f3877000 r-xp 00000000 08:01 1755960                    /lib/x86_64-linux-gnu/libnss_mdns4_minimal.so.2
7f58f3877000-7f58f3a76000 ---p 00002000 08:01 1755960                    /lib/x86_64-linux-gnu/libnss_mdns4_minimal.so.2
7f58f3a76000-7f58f3a77000 r--p 00001000 08:01 1755960                    /lib/x86_64-linux-gnu/libnss_mdns4_minimal.so.2
7f58f3a77000-7f58f3a78000 rw-p 00002000 08:01 1755960                    /lib/x86_64-linux-gnu/libnss_mdns4_minimal.so.2
7f58f3a78000-7f58f3c38000 rw-s 117bd4000 00:06 1508                      /dev/dri/card0
7f58f3c38000-7f58f3c3b000 ---p 00000000 00:00 0 
7f58f3c3b000-7f58f3d39000 rw-p 00000000 00:00 0 
7f58f3d39000-7f58f3d3c000 ---p 00000000 00:00 0 
7f58f3d3c000-7f58f3e3a000 rw-p 00000000 00:00 0 
7f58f3e3a000-7f58f3e3d000 ---p 00000000 00:00 0 
7f58f3e3d000-7f58f3f3b000 rw-p 00000000 00:00 0 
7f58f3f3b000-7f58f3f3e000 ---p 00000000 00:00 0 
7f58f3f3e000-7f58f403c000 rw-p 00000000 00:00 0 
7f58f403c000-7f58f41fc000 rw-s 117a04000 00:06 1508                      /dev/dri/card0
7f58f41fc000-7f58f43fc000 rw-p 00000000 00:00 0 
7f58f43fc000-7f58f467c000 rw-s 117774000 00:06 1508                      /dev/dri/card0
7f58f467c000-7f58f48fc000 rw-s 1174f4000 00:06 1508                      /dev/dri/card0
7f58f48fc000-7f58f4940000 r-xp 00000000 08:01 1755893                    /lib/x86_64-linux-gnu/libdbus-1.so.3.7.6
7f58f4940000-7f58f4b3f000 ---p 00044000 08:01 1755893                    /lib/x86_64-linux-gnu/libdbus-1.so.3.7.6
7f58f4b3f000-7f58f4b40000 r--p 00043000 08:01 1755893                    /lib/x86_64-linux-gnu/libdbus-1.so.3.7.6
7f58f4b40000-7f58f4b41000 rw-p 00044000 08:01 1755893                    /lib/x86_64-linux-gnu/libdbus-1.so.3.7.6
7f58f4b41000-7f58f4b49000 r-xp 00000000 08:01 1755941                    /lib/x86_64-linux-gnu/libnih-dbus.so.1.0.0
7f58f4b49000-7f58f4d49000 ---p 00008000 08:01 1755941                    /lib/x86_64-linux-gnu/libnih-dbus.so.1.0.0
7f58f4d49000-7f58f4d4a000 r--p 00008000 08:01 1755941                    /lib/x86_64-linux-gnu/libnih-dbus.so.1.0.0
7f58f4d4a000-7f58f4d4b000 rw-p 00009000 08:01 1755941                    /lib/x86_64-linux-gnu/libnih-dbus.so.1.0.0
7f58f4d4b000-7f58f4d62000 r-xp 00000000 08:01 1755943                    /lib/x86_64-linux-gnu/libnih.so.1.0.0
7f58f4d62000-7f58f4f61000 ---p 00017000 08:01 1755943                    /lib/x86_64-linux-gnu/libnih.so.1.0.0
7f58f4f61000-7f58f4f62000 r--p 00016000 08:01 1755943                    /lib/x86_64-linux-gnu/libnih.so.1.0.0
7f58f4f62000-7f58f4f63000 rw-p 00017000 08:01 1755943                    /lib/x86_64-linux-gnu/libnih.so.1.0.0
7f58f4f63000-7f58f4f7c000 r-xp 00000000 08:01 1755884                    /lib/x86_64-linux-gnu/libcgmanager.so.0.0.0
7f58f4f7c000-7f58f517b000 ---p 00019000 08:01 1755884                    /lib/x86_64-linux-gnu/libcgmanager.so.0.0.0
7f58f517b000-7f58f517d000 r--p 00018000 08:01 1755884                    /lib/x86_64-linux-gnu/libcgmanager.so.0.0.0
7f58f517d000-7f58f517e000 rw-p 0001a000 08:01 1755884                    /lib/x86_64-linux-gnu/libcgmanager.so.0.0.0
7f58f517e000-7f58f518e000 r-xp 00000000 08:01 1753257                    /lib/x86_64-linux-gnu/libudev.so.1.3.5
7f58f518e000-7f58f538d000 ---p 00010000 08:01 1753257                    /lib/x86_64-linux-gnu/libudev.so.1.3.5
7f58f538d000-7f58f538e000 r--p 0000f000 08:01 1753257                    /lib/x86_64-linux-gnu/libudev.so.1.3.5
7f58f538e000-7f58f538f000 rw-p 00010000 08:01 1753257                    /lib/x86_64-linux-gnu/libudev.so.1.3.5
7f58f538f000-7f58f5391000 r-xp 00000000 08:01 2493247                    /usr/lib/x86_64-linux-gnu/libXinerama.so.1.0.0
7f58f5391000-7f58f5590000 ---p 00002000 08:01 2493247                    /usr/lib/x86_64-linux-gnu/libXinerama.so.1.0.0
7f58f5590000-7f58f5591000 r--p 00001000 08:01 2493247                    /usr/lib/x86_64-linux-gnu/libXinerama.so.1.0.0
7f58f5591000-7f58f5592000 rw-p 00002000 08:01 2493247                    /usr/lib/x86_64-linux-gnu/libXinerama.so.1.0.0
7f58f5592000-7f58f55c9000 r-xp 00000000 08:01 2494122                    /usr/lib/x86_64-linux-gnu/libtxc_dxtn_s2tc.so.0.0.0
7f58f55c9000-7f58f57c8000 ---p 00037000 08:01 2494122                    /usr/lib/x86_64-linux-gnu/libtxc_dxtn_s2tc.so.0.0.0
7f58f57c8000-7f58f57c9000 r--p 00036000 08:01 2494122                    /usr/lib/x86_64-linux-gnu/libtxc_dxtn_s2tc.so.0.0.0
7f58f57c9000-7f58f57ca000 rw-p 00037000 08:01 2494122                    /usr/lib/x86_64-linux-gnu/libtxc_dxtn_s2tc.so.0.0.0
7f58f57ca000-7f58f57e2000 r-xp 00000000 08:01 1756041                    /lib/x86_64-linux-gnu/libz.so.1.2.8
7f58f57e2000-7f58f59e1000 ---p 00018000 08:01 1756041                    /lib/x86_64-linux-gnu/libz.so.1.2.8
7f58f59e1000-7f58f59e2000 r--p 00017000 08:01 1756041                    /lib/x86_64-linux-gnu/libz.so.1.2.8
7f58f59e2000-7f58f59e3000 rw-p 00018000 08:01 1756041                    /lib/x86_64-linux-gnu/libz.so.1.2.8
7f58f59e3000-7f58f59eb000 r-xp 00000000 08:01 2493931                    /usr/lib/x86_64-linux-gnu/libpciaccess.so.0.11.1
7f58f59eb000-7f58f5bea000 ---p 00008000 08:01 2493931                    /usr/lib/x86_64-linux-gnu/libpciaccess.so.0.11.1
7f58f5bea000-7f58f5beb000 r--p 00007000 08:01 2493931                    /usr/lib/x86_64-linux-gnu/libpciaccess.so.0.11.1
7f58f5beb000-7f58f5bec000 rw-p 00008000 08:01 2493931                    /usr/lib/x86_64-linux-gnu/libpciaccess.so.0.11.1
7f58f5bec000-7f58f5cd2000 r-xp 00000000 08:01 2493452                    /usr/lib/x86_64-linux-gnu/libstdc++.so.6.0.19
7f58f5cd2000-7f58f5ed1000 ---p 000e6000 08:01 2493452                    /usr/lib/x86_64-linux-gnu/libstdc++.so.6.0.19
7f58f5ed1000-7f58f5ed9000 r--p 000e5000 08:01 2493452                    /usr/lib/x86_64-linux-gnu/libstdc++.so.6.0.19
7f58f5ed9000-7f58f5edb000 rw-p 000ed000 08:01 2493452                    /usr/lib/x86_64-linux-gnu/libstdc++.so.6.0.19
7f58f5edb000-7f58f5ef0000 rw-p 00000000 00:00 0 
7f58f5ef0000-7f58f5efb000 r-xp 00000000 08:01 2492337                    /usr/lib/x86_64-linux-gnu/libdrm_radeon.so.1.0.1
7f58f5efb000-7f58f60fa000 ---p 0000b000 08:01 2492337                    /usr/lib/x86_64-linux-gnu/libdrm_radeon.so.1.0.1
7f58f60fa000-7f58f60fb000 r--p 0000a000 08:01 2492337                    /usr/lib/x86_64-linux-gnu/libdrm_radeon.so.1.0.1
7f58f60fb000-7f58f60fc000 rw-p 0000b000 08:01 2492337                    /usr/lib/x86_64-linux-gnu/libdrm_radeon.so.1.0.1
7f58f60fc000-7f58f6102000 r-xp 00000000 08:01 2492289                    /usr/lib/x86_64-linux-gnu/libdrm_nouveau.so.2.0.0
7f58f6102000-7f58f6301000 ---p 00006000 08:01 2492289                    /usr/lib/x86_64-linux-gnu/libdrm_nouveau.so.2.0.0
7f58f6301000-7f58f6302000 r--p 00005000 08:01 2492289                    /usr/lib/x86_64-linux-gnu/libdrm_nouveau.so.2.0.0
7f58f6302000-7f58f6303000 rw-p 00006000 08:01 2492289                    /usr/lib/x86_64-linux-gnu/libdrm_nouveau.so.2.0.0
7f58f6303000-7f58f6322000 r-xp 00000000 08:01 2492139                    /usr/lib/x86_64-linux-gnu/libdrm_intel.so.1.0.0
7f58f6322000-7f58f6521000 ---p 0001f000 08:01 2492139                    /usr/lib/x86_64-linux-gnu/libdrm_intel.so.1.0.0
7f58f6521000-7f58f6522000 r--p 0001e000 08:01 2492139                    /usr/lib/x86_64-linux-gnu/libdrm_intel.so.1.0.0
7f58f6522000-7f58f6523000 rw-p 0001f000 08:01 2492139                    /usr/lib/x86_64-linux-gnu/libdrm_intel.so.1.0.0
7f58f6523000-7f58f6a77000 r-xp 00000000 08:01 2515248                    /usr/lib/x86_64-linux-gnu/dri/i965_dri.so
7f58f6a77000-7f58f6c77000 ---p 00554000 08:01 2515248                    /usr/lib/x86_64-linux-gnu/dri/i965_dri.so
7f58f6c77000-7f58f6c98000 r--p 00554000 08:01 2515248                    /usr/lib/x86_64-linux-gnu/dri/i965_dri.so
7f58f6c98000-7f58f6c9f000 rw-p 00575000 08:01 2515248                    /usr/lib/x86_64-linux-gnu/dri/i965_dri.so
7f58f6c9f000-7f58f6ca6000 rw-p 00000000 00:00 0 
7f58f6ca6000-7f58f6cac000 r-xp 00000000 08:01 2516159                    /usr/lib/x86_64-linux-gnu/mesa-egl/libGLESv2.so.2.0.0
7f58f6cac000-7f58f6eab000 ---p 00006000 08:01 2516159                    /usr/lib/x86_64-linux-gnu/mesa-egl/libGLESv2.so.2.0.0
7f58f6eab000-7f58f6eac000 r--p 00005000 08:01 2516159                    /usr/lib/x86_64-linux-gnu/mesa-egl/libGLESv2.so.2.0.0
7f58f6eac000-7f58f6ead000 rw-p 00006000 08:01 2516159                    /usr/lib/x86_64-linux-gnu/mesa-egl/libGLESv2.so.2.0.0
7f58f6ead000-7f58f6ef2000 r-xp 00000000 08:01 344844                     /tmp/jogamp_0000/file_cache/jln3746781669336065766/jln1102377619581679007/libjogl_mobile.so
7f58f6ef2000-7f58f70f2000 ---p 00045000 08:01 344844                     /tmp/jogamp_0000/file_cache/jln3746781669336065766/jln1102377619581679007/libjogl_mobile.so
7f58f70f2000-7f58f70f3000 rw-p 00045000 08:01 344844                     /tmp/jogamp_0000/file_cache/jln3746781669336065766/jln1102377619581679007/libjogl_mobile.so
7f58f70f3000-7f58f70fa000 r-xp 00000000 08:01 2493480                    /usr/lib/x86_64-linux-gnu/libffi.so.6.0.1
7f58f70fa000-7f58f72f9000 ---p 00007000 08:01 2493480                    /usr/lib/x86_64-linux-gnu/libffi.so.6.0.1
7f58f72f9000-7f58f72fa000 r--p 00006000 08:01 2493480                    /usr/lib/x86_64-linux-gnu/libffi.so.6.0.1
7f58f72fa000-7f58f72fb000 rw-p 00007000 08:01 2493480                    /usr/lib/x86_64-linux-gnu/libffi.so.6.0.1
7f58f72fb000-7f58f7307000 r-xp 00000000 08:01 2493517                    /usr/lib/x86_64-linux-gnu/libgbm.so.1.0.0
7f58f7307000-7f58f7507000 ---p 0000c000 08:01 2493517                    /usr/lib/x86_64-linux-gnu/libgbm.so.1.0.0
7f58f7507000-7f58f7508000 r--p 0000c000 08:01 2493517                    /usr/lib/x86_64-linux-gnu/libgbm.so.1.0.0
7f58f7508000-7f58f7509000 rw-p 0000d000 08:01 2493517                    /usr/lib/x86_64-linux-gnu/libgbm.so.1.0.0
7f58f7509000-7f58f7518000 r-xp 00000000 08:01 2494175                    /usr/lib/x86_64-linux-gnu/libwayland-server.so.0.1.0
7f58f7518000-7f58f7717000 ---p 0000f000 08:01 2494175                    /usr/lib/x86_64-linux-gnu/libwayland-server.so.0.1.0
7f58f7717000-7f58f7719000 r--p 0000e000 08:01 2494175                    /usr/lib/x86_64-linux-gnu/libwayland-server.so.0.1.0
7f58f7719000-7f58f771a000 rw-p 00010000 08:01 2494175                    /usr/lib/x86_64-linux-gnu/libwayland-server.so.0.1.0
7f58f771a000-7f58f7725000 r-xp 00000000 08:01 2494169                    /usr/lib/x86_64-linux-gnu/libwayland-client.so.0.3.0
7f58f7725000-7f58f7925000 ---p 0000b000 08:01 2494169                    /usr/lib/x86_64-linux-gnu/libwayland-client.so.0.3.0
7f58f7925000-7f58f7927000 r--p 0000b000 08:01 2494169                    /usr/lib/x86_64-linux-gnu/libwayland-client.so.0.3.0
7f58f7927000-7f58f7928000 rw-p 0000d000 08:01 2494169                    /usr/lib/x86_64-linux-gnu/libwayland-client.so.0.3.0
7f58f7928000-7f58f792d000 r-xp 00000000 08:01 2494214                    /usr/lib/x86_64-linux-gnu/libxcb-xfixes.so.0.0.0
7f58f792d000-7f58f7b2d000 ---p 00005000 08:01 2494214                    /usr/lib/x86_64-linux-gnu/libxcb-xfixes.so.0.0.0
7f58f7b2d000-7f58f7b2e000 r--p 00005000 08:01 2494214                    /usr/lib/x86_64-linux-gnu/libxcb-xfixes.so.0.0.0
7f58f7b2e000-7f58f7b2f000 rw-p 00006000 08:01 2494214                    /usr/lib/x86_64-linux-gnu/libxcb-xfixes.so.0.0.0
7f58f7b2f000-7f58f7b57000 r-xp 00000000 08:01 2516155                    /usr/lib/x86_64-linux-gnu/mesa-egl/libEGL.so.1.0.0
7f58f7b57000-7f58f7d57000 ---p 00028000 08:01 2516155                    /usr/lib/x86_64-linux-gnu/mesa-egl/libEGL.so.1.0.0
7f58f7d57000-7f58f7d58000 r--p 00028000 08:01 2516155                    /usr/lib/x86_64-linux-gnu/mesa-egl/libEGL.so.1.0.0
7f58f7d58000-7f58f7d59000 rw-p 00029000 08:01 2516155                    /usr/lib/x86_64-linux-gnu/mesa-egl/libEGL.so.1.0.0
7f58f7d59000-7f58f7d5a000 rw-p 00000000 00:00 0 
7f58f7d5a000-7f58f7dff000 r-xp 00000000 08:01 344843                     /tmp/jogamp_0000/file_cache/jln3746781669336065766/jln1102377619581679007/libjogl_desktop.so
7f58f7dff000-7f58f7fff000 ---p 000a5000 08:01 344843                     /tmp/jogamp_0000/file_cache/jln3746781669336065766/jln1102377619581679007/libjogl_desktop.so
7f58f7fff000-7f58f8000000 rw-p 000a5000 08:01 344843                     /tmp/jogamp_0000/file_cache/jln3746781669336065766/jln1102377619581679007/libjogl_desktop.so
7f58f8000000-7f58f8021000 rw-p 00000000 00:00 0 
7f58f8021000-7f58fc000000 ---p 00000000 00:00 0 
7f58fc000000-7f58fe791000 rw-p 00000000 00:00 0 
7f58fe791000-7f5900000000 ---p 00000000 00:00 0 
7f5900000000-7f59022d2000 rw-p 00000000 00:00 0 
7f59022d2000-7f5904000000 ---p 00000000 00:00 0 
7f5904000000-7f590479f000 rw-p 00000000 00:00 0 
7f590479f000-7f5908000000 ---p 00000000 00:00 0 
7f5908000000-7f5908021000 rw-p 00000000 00:00 0 
7f5908021000-7f590c000000 ---p 00000000 00:00 0 
7f590c000000-7f590c022000 rw-p 00000000 00:00 0 
7f590c022000-7f5910000000 ---p 00000000 00:00 0 
7f5910000000-7f5910025000 rw-p 00000000 00:00 0 
7f5910025000-7f5914000000 ---p 00000000 00:00 0 
7f5914000000-7f5914021000 rw-p 00000000 00:00 0 
7f5914021000-7f5918000000 ---p 00000000 00:00 0 
7f5918000000-7f5918021000 rw-p 00000000 00:00 0 
7f5918021000-7f591c000000 ---p 00000000 00:00 0 
7f591c037000-7f591c097000 rw-s 117e54000 00:06 1508                      /dev/dri/card0
7f591c097000-7f591c0f7000 rw-s 117df4000 00:06 1508                      /dev/dri/card0
7f591c0f7000-7f591c103000 r-xp 00000000 08:01 2492133                    /usr/lib/x86_64-linux-gnu/libdrm.so.2.4.0
7f591c103000-7f591c302000 ---p 0000c000 08:01 2492133                    /usr/lib/x86_64-linux-gnu/libdrm.so.2.4.0
7f591c302000-7f591c303000 r--p 0000b000 08:01 2492133                    /usr/lib/x86_64-linux-gnu/libdrm.so.2.4.0
7f591c303000-7f591c304000 rw-p 0000c000 08:01 2492133                    /usr/lib/x86_64-linux-gnu/libdrm.so.2.4.0
7f591c304000-7f591c305000 r-xp 00000000 08:01 2494224                    /usr/lib/x86_64-linux-gnu/libxshmfence.so.1.0.0
7f591c305000-7f591c504000 ---p 00001000 08:01 2494224                    /usr/lib/x86_64-linux-gnu/libxshmfence.so.1.0.0
7f591c504000-7f591c505000 r--p 00000000 08:01 2494224                    /usr/lib/x86_64-linux-gnu/libxshmfence.so.1.0.0
7f591c505000-7f591c506000 rw-p 00001000 08:01 2494224                    /usr/lib/x86_64-linux-gnu/libxshmfence.so.1.0.0
7f591c506000-7f591c50b000 r-xp 00000000 08:01 2494210                    /usr/lib/x86_64-linux-gnu/libxcb-sync.so.1.0.0
7f591c50b000-7f591c70a000 ---p 00005000 08:01 2494210                    /usr/lib/x86_64-linux-gnu/libxcb-sync.so.1.0.0
7f591c70a000-7f591c70b000 r--p 00004000 08:01 2494210                    /usr/lib/x86_64-linux-gnu/libxcb-sync.so.1.0.0
7f591c70b000-7f591c70c000 rw-p 00005000 08:01 2494210                    /usr/lib/x86_64-linux-gnu/libxcb-sync.so.1.0.0
7f591c70c000-7f591c70e000 r-xp 00000000 08:01 2494202                    /usr/lib/x86_64-linux-gnu/libxcb-present.so.0.0.0
7f591c70e000-7f591c90d000 ---p 00002000 08:01 2494202                    /usr/lib/x86_64-linux-gnu/libxcb-present.so.0.0.0
7f591c90d000-7f591c90e000 r--p 00001000 08:01 2494202                    /usr/lib/x86_64-linux-gnu/libxcb-present.so.0.0.0
7f591c90e000-7f591c90f000 rw-p 00002000 08:01 2494202                    /usr/lib/x86_64-linux-gnu/libxcb-present.so.0.0.0
7f591c90f000-7f591c911000 r-xp 00000000 08:01 2494198                    /usr/lib/x86_64-linux-gnu/libxcb-dri3.so.0.0.0
7f591c911000-7f591cb10000 ---p 00002000 08:01 2494198                    /usr/lib/x86_64-linux-gnu/libxcb-dri3.so.0.0.0
7f591cb10000-7f591cb11000 r--p 00001000 08:01 2494198                    /usr/lib/x86_64-linux-gnu/libxcb-dri3.so.0.0.0
7f591cb11000-7f591cb12000 rw-p 00002000 08:01 2494198                    /usr/lib/x86_64-linux-gnu/libxcb-dri3.so.0.0.0
7f591cb12000-7f591cb15000 r-xp 00000000 08:01 2494196                    /usr/lib/x86_64-linux-gnu/libxcb-dri2.so.0.0.0
7f591cb15000-7f591cd15000 ---p 00003000 08:01 2494196                    /usr/lib/x86_64-linux-gnu/libxcb-dri2.so.0.0.0
7f591cd15000-7f591cd16000 r--p 00003000 08:01 2494196                    /usr/lib/x86_64-linux-gnu/libxcb-dri2.so.0.0.0
7f591cd16000-7f591cd17000 rw-p 00004000 08:01 2494196                    /usr/lib/x86_64-linux-gnu/libxcb-dri2.so.0.0.0
7f591cd17000-7f591cd2c000 r-xp 00000000 08:01 2494200                    /usr/lib/x86_64-linux-gnu/libxcb-glx.so.0.0.0
7f591cd2c000-7f591cf2b000 ---p 00015000 08:01 2494200                    /usr/lib/x86_64-linux-gnu/libxcb-glx.so.0.0.0
7f591cf2b000-7f591cf2d000 r--p 00014000 08:01 2494200                    /usr/lib/x86_64-linux-gnu/libxcb-glx.so.0.0.0
7f591cf2d000-7f591cf2e000 rw-p 00016000 08:01 2494200                    /usr/lib/x86_64-linux-gnu/libxcb-glx.so.0.0.0
7f591cf2e000-7f591cf2f000 r-xp 00000000 08:01 2493218                    /usr/lib/x86_64-linux-gnu/libX11-xcb.so.1.0.0
7f591cf2f000-7f591d12e000 ---p 00001000 08:01 2493218                    /usr/lib/x86_64-linux-gnu/libX11-xcb.so.1.0.0
7f591d12e000-7f591d12f000 r--p 00000000 08:01 2493218                    /usr/lib/x86_64-linux-gnu/libX11-xcb.so.1.0.0
7f591d12f000-7f591d130000 rw-p 00001000 08:01 2493218                    /usr/lib/x86_64-linux-gnu/libX11-xcb.so.1.0.0
7f591d130000-7f591d132000 r-xp 00000000 08:01 2493233                    /usr/lib/x86_64-linux-gnu/libXdamage.so.1.1.0
7f591d132000-7f591d331000 ---p 00002000 08:01 2493233                    /usr/lib/x86_64-linux-gnu/libXdamage.so.1.1.0
7f591d331000-7f591d332000 r--p 00001000 08:01 2493233                    /usr/lib/x86_64-linux-gnu/libXdamage.so.1.1.0
7f591d332000-7f591d333000 rw-p 00002000 08:01 2493233                    /usr/lib/x86_64-linux-gnu/libXdamage.so.1.1.0
7f591d333000-7f591d358000 r-xp 00000000 08:01 2493563                    /usr/lib/x86_64-linux-gnu/libglapi.so.0.0.0
7f591d358000-7f591d558000 ---p 00025000 08:01 2493563                    /usr/lib/x86_64-linux-gnu/libglapi.so.0.0.0
7f591d558000-7f591d55b000 r--p 00025000 08:01 2493563                    /usr/lib/x86_64-linux-gnu/libglapi.so.0.0.0
7f591d55b000-7f591d55c000 rw-p 00028000 08:01 2493563                    /usr/lib/x86_64-linux-gnu/libglapi.so.0.0.0
7f591d55c000-7f591d55d000 rw-p 00000000 00:00 0 
7f591d55d000-7f591d584000 r-xp 00000000 08:01 1753317                    /lib/x86_64-linux-gnu/libexpat.so.1.6.0
7f591d584000-7f591d784000 ---p 00027000 08:01 1753317                    /lib/x86_64-linux-gnu/libexpat.so.1.6.0
7f591d784000-7f591d786000 r--p 00027000 08:01 1753317                    /lib/x86_64-linux-gnu/libexpat.so.1.6.0
7f591d786000-7f591d787000 rw-p 00029000 08:01 1753317                    /lib/x86_64-linux-gnu/libexpat.so.1.6.0
7f591d787000-7f591d815000 r-xp 00000000 08:01 2516152                    /usr/lib/x86_64-linux-gnu/mesa/libGL.so.1.2.0
7f591d815000-7f591da14000 ---p 0008e000 08:01 2516152                    /usr/lib/x86_64-linux-gnu/mesa/libGL.so.1.2.0
7f591da14000-7f591da17000 r--p 0008d000 08:01 2516152                    /usr/lib/x86_64-linux-gnu/mesa/libGL.so.1.2.0
7f591da17000-7f591da18000 rw-p 00090000 08:01 2516152                    /usr/lib/x86_64-linux-gnu/mesa/libGL.so.1.2.0
7f591da18000-7f591dc19000 rw-p 00000000 00:00 0 
7f591dc19000-7f591de19000 rw-p 00000000 00:00 0 
7f591de19000-7f591de20000 r-xp 00000000 08:01 344846                     /tmp/jogamp_0000/file_cache/jln3746781669336065766/jln1102377619581679007/libnativewindow_x11.so
7f591de20000-7f591e01f000 ---p 00007000 08:01 344846                     /tmp/jogamp_0000/file_cache/jln3746781669336065766/jln1102377619581679007/libnativewindow_x11.so
7f591e01f000-7f591e020000 rw-p 00006000 08:01 344846                     /tmp/jogamp_0000/file_cache/jln3746781669336065766/jln1102377619581679007/libnativewindow_x11.so
7f591e020000-7f591e024000 r-xp 00000000 08:01 2493273                    /usr/lib/x86_64-linux-gnu/libXxf86vm.so.1.0.0
7f591e024000-7f591e224000 ---p 00004000 08:01 2493273                    /usr/lib/x86_64-linux-gnu/libXxf86vm.so.1.0.0
7f591e224000-7f591e225000 r--p 00004000 08:01 2493273                    /usr/lib/x86_64-linux-gnu/libXxf86vm.so.1.0.0
7f591e225000-7f591e226000 rw-p 00005000 08:01 2493273                    /usr/lib/x86_64-linux-gnu/libXxf86vm.so.1.0.0
7f591e226000-7f591e228000 r-xp 00000000 08:01 344845                     /tmp/jogamp_0000/file_cache/jln3746781669336065766/jln1102377619581679007/libnativewindow_awt.so
7f591e228000-7f591e427000 ---p 00002000 08:01 344845                     /tmp/jogamp_0000/file_cache/jln3746781669336065766/jln1102377619581679007/libnativewindow_awt.so
7f591e427000-7f591e428000 rw-p 00001000 08:01 344845                     /tmp/jogamp_0000/file_cache/jln3746781669336065766/jln1102377619581679007/libnativewindow_awt.so
7f591e428000-7f591e429000 r-xp 00000000 08:01 419715                     /usr/local/java/jdk1.8.0_72/jre/lib/amd64/libjawt.so
7f591e429000-7f591e628000 ---p 00001000 08:01 419715                     /usr/local/java/jdk1.8.0_72/jre/lib/amd64/libjawt.so
7f591e628000-7f591e629000 rw-p 00000000 08:01 419715                     /usr/local/java/jdk1.8.0_72/jre/lib/amd64/libjawt.so
7f591e629000-7f591e62b000 r-xp 00000000 08:01 344842                     /tmp/jogamp_0000/file_cache/jln3746781669336065766/jln1102377619581679007/libgluegen-rt.so
7f591e62b000-7f591e82a000 ---p 00002000 08:01 344842                     /tmp/jogamp_0000/file_cache/jln3746781669336065766/jln1102377619581679007/libgluegen-rt.so
7f591e82a000-7f591e82b000 rw-p 00001000 08:01 344842                     /tmp/jogamp_0000/file_cache/jln3746781669336065766/jln1102377619581679007/libgluegen-rt.so
7f591e82b000-7f591e82e000 ---p 00000000 00:00 0 
7f591e82e000-7f591eb2c000 rw-p 00000000 00:00 0 
7f591eb2c000-7f591eb2f000 ---p 00000000 00:00 0 
7f591eb2f000-7f591ee2d000 rw-p 00000000 00:00 0 
7f591ee2d000-7f591ee30000 ---p 00000000 00:00 0 
7f591ee30000-7f591ef2e000 rw-p 00000000 00:00 0 
7f591ef2e000-7f591ef97000 r-xp 00000000 08:01 419733                     /usr/local/java/jdk1.8.0_72/jre/lib/amd64/libt2k.so
7f591ef97000-7f591f197000 ---p 00069000 08:01 419733                     /usr/local/java/jdk1.8.0_72/jre/lib/amd64/libt2k.so
7f591f197000-7f591f19e000 rw-p 00069000 08:01 419733                     /usr/local/java/jdk1.8.0_72/jre/lib/amd64/libt2k.so
7f591f19e000-7f591f1ae000 rw-p 00000000 00:00 0 
7f591f1ae000-7f591f1bf000 r-xp 00000000 08:01 419753                     /usr/local/java/jdk1.8.0_72/jre/lib/amd64/libnio.so
7f591f1bf000-7f591f3be000 ---p 00011000 08:01 419753                     /usr/local/java/jdk1.8.0_72/jre/lib/amd64/libnio.so
7f591f3be000-7f591f3bf000 rw-p 00010000 08:01 419753                     /usr/local/java/jdk1.8.0_72/jre/lib/amd64/libnio.so
7f591f3bf000-7f591f3d5000 r-xp 00000000 08:01 419730                     /usr/local/java/jdk1.8.0_72/jre/lib/amd64/libnet.so
7f591f3d5000-7f591f5d5000 ---p 00016000 08:01 419730                     /usr/local/java/jdk1.8.0_72/jre/lib/amd64/libnet.so
7f591f5d5000-7f591f5d6000 rw-p 00016000 08:01 419730                     /usr/local/java/jdk1.8.0_72/jre/lib/amd64/libnet.so
7f591f5d6000-7f591f5d9000 ---p 00000000 00:00 0 
7f591f5d9000-7f591f6d7000 rw-p 00000000 00:00 0 
7f591f6d7000-7f591f6da000 ---p 00000000 00:00 0 
7f591f6da000-7f591f7d8000 rw-p 00000000 00:00 0 
7f591f7d8000-7f591f7db000 ---p 00000000 00:00 0 
7f591f7db000-7f591f8d9000 rw-p 00000000 00:00 0 
7f591f8d9000-7f591f8dc000 ---p 00000000 00:00 0 
7f591f8dc000-7f591f9da000 rw-p 00000000 00:00 0 
7f591f9da000-7f591f9df000 r-xp 00000000 08:01 2493239                    /usr/lib/x86_64-linux-gnu/libXfixes.so.3.1.0
7f591f9df000-7f591fbde000 ---p 00005000 08:01 2493239                    /usr/lib/x86_64-linux-gnu/libXfixes.so.3.1.0
7f591fbde000-7f591fbdf000 r--p 00004000 08:01 2493239                    /usr/lib/x86_64-linux-gnu/libXfixes.so.3.1.0
7f591fbdf000-7f591fbe0000 rw-p 00005000 08:01 2493239                    /usr/lib/x86_64-linux-gnu/libXfixes.so.3.1.0
7f591fbe0000-7f591fbe9000 r-xp 00000000 08:01 2493231                    /usr/lib/x86_64-linux-gnu/libXcursor.so.1.0.2
7f591fbe9000-7f591fde8000 ---p 00009000 08:01 2493231                    /usr/lib/x86_64-linux-gnu/libXcursor.so.1.0.2
7f591fde8000-7f591fde9000 r--p 00008000 08:01 2493231                    /usr/lib/x86_64-linux-gnu/libXcursor.so.1.0.2
7f591fde9000-7f591fdea000 rw-p 00009000 08:01 2493231                    /usr/lib/x86_64-linux-gnu/libXcursor.so.1.0.2
7f591fdea000-7f591fe00000 r-xp 00000000 08:01 1756157                    /lib/x86_64-linux-gnu/libgcc_s.so.1
7f591fe00000-7f591ffff000 ---p 00016000 08:01 1756157                    /lib/x86_64-linux-gnu/libgcc_s.so.1
7f591ffff000-7f5920000000 rw-p 00015000 08:01 1756157                    /lib/x86_64-linux-gnu/libgcc_s.so.1
7f5920000000-7f5920021000 rw-p 00000000 00:00 0 
7f5920021000-7f5924000000 ---p 00000000 00:00 0 
7f5924000000-7f5924021000 rw-p 00000000 00:00 0 
7f5924021000-7f5928000000 ---p 00000000 00:00 0 
7f5928000000-7f5928e81000 rw-p 00000000 00:00 0 
7f5928e81000-7f592c000000 ---p 00000000 00:00 0 
7f592c000000-7f592c5a1000 rw-p 00000000 00:00 0 
7f592c5a1000-7f5930000000 ---p 00000000 00:00 0 
7f5930000000-7f5930021000 rw-p 00000000 00:00 0 
7f5930021000-7f5934000000 ---p 00000000 00:00 0 
7f5934000000-7f5934a0a000 rw-p 00000000 00:00 0 
7f5934a0a000-7f5938000000 ---p 00000000 00:00 0 
7f5938000000-7f5938021000 rw-p 00000000 00:00 0 
7f5938021000-7f593c000000 ---p 00000000 00:00 0 
7f593c000000-7f593c021000 rw-p 00000000 00:00 0 
7f593c021000-7f5940000000 ---p 00000000 00:00 0 
7f5940000000-7f5940021000 rw-p 00000000 00:00 0 
7f5940021000-7f5944000000 ---p 00000000 00:00 0 
7f5944046000-7f5944049000 ---p 00000000 00:00 0 
7f5944049000-7f5944147000 rw-p 00000000 00:00 0 
7f5944147000-7f59441ac000 r-xp 00000000 08:01 419734                     /usr/local/java/jdk1.8.0_72/jre/lib/amd64/libfontmanager.so
7f59441ac000-7f59443ab000 ---p 00065000 08:01 419734                     /usr/local/java/jdk1.8.0_72/jre/lib/amd64/libfontmanager.so
7f59443ab000-7f59443b0000 rw-p 00064000 08:01 419734                     /usr/local/java/jdk1.8.0_72/jre/lib/amd64/libfontmanager.so
7f59443b0000-7f59443c0000 rw-p 00000000 00:00 0 
7f59443c0000-7f59443c5000 r-xp 00000000 08:01 2493235                    /usr/lib/x86_64-linux-gnu/libXdmcp.so.6.0.0
7f59443c5000-7f59445c4000 ---p 00005000 08:01 2493235                    /usr/lib/x86_64-linux-gnu/libXdmcp.so.6.0.0
7f59445c4000-7f59445c5000 r--p 00004000 08:01 2493235                    /usr/lib/x86_64-linux-gnu/libXdmcp.so.6.0.0
7f59445c5000-7f59445c6000 rw-p 00005000 08:01 2493235                    /usr/lib/x86_64-linux-gnu/libXdmcp.so.6.0.0
7f59445c6000-7f59445c8000 r-xp 00000000 08:01 2493224                    /usr/lib/x86_64-linux-gnu/libXau.so.6.0.0
7f59445c8000-7f59447c8000 ---p 00002000 08:01 2493224                    /usr/lib/x86_64-linux-gnu/libXau.so.6.0.0
7f59447c8000-7f59447c9000 r--p 00002000 08:01 2493224                    /usr/lib/x86_64-linux-gnu/libXau.so.6.0.0
7f59447c9000-7f59447ca000 rw-p 00003000 08:01 2493224                    /usr/lib/x86_64-linux-gnu/libXau.so.6.0.0
7f59447ca000-7f59447e7000 r-xp 00000000 08:01 2494216                    /usr/lib/x86_64-linux-gnu/libxcb.so.1.1.0
7f59447e7000-7f59449e7000 ---p 0001d000 08:01 2494216                    /usr/lib/x86_64-linux-gnu/libxcb.so.1.1.0
7f59449e7000-7f59449e8000 r--p 0001d000 08:01 2494216                    /usr/lib/x86_64-linux-gnu/libxcb.so.1.1.0
7f59449e8000-7f59449e9000 rw-p 0001e000 08:01 2494216                    /usr/lib/x86_64-linux-gnu/libxcb.so.1.1.0
7f59449e9000-7f59449f8000 r-xp 00000000 08:01 2493245                    /usr/lib/x86_64-linux-gnu/libXi.so.6.1.0
7f59449f8000-7f5944bf7000 ---p 0000f000 08:01 2493245                    /usr/lib/x86_64-linux-gnu/libXi.so.6.1.0
7f5944bf7000-7f5944bf8000 r--p 0000e000 08:01 2493245                    /usr/lib/x86_64-linux-gnu/libXi.so.6.1.0
7f5944bf8000-7f5944bf9000 rw-p 0000f000 08:01 2493245                    /usr/lib/x86_64-linux-gnu/libXi.so.6.1.0
7f5944bf9000-7f5944bfe000 r-xp 00000000 08:01 2493263                    /usr/lib/x86_64-linux-gnu/libXtst.so.6.1.0
7f5944bfe000-7f5944dfd000 ---p 00005000 08:01 2493263                    /usr/lib/x86_64-linux-gnu/libXtst.so.6.1.0
7f5944dfd000-7f5944dfe000 r--p 00004000 08:01 2493263                    /usr/lib/x86_64-linux-gnu/libXtst.so.6.1.0
7f5944dfe000-7f5944dff000 rw-p 00005000 08:01 2493263                    /usr/lib/x86_64-linux-gnu/libXtst.so.6.1.0
7f5944dff000-7f5944e08000 r-xp 00000000 08:01 2493257                    /usr/lib/x86_64-linux-gnu/libXrender.so.1.3.0
7f5944e08000-7f5945007000 ---p 00009000 08:01 2493257                    /usr/lib/x86_64-linux-gnu/libXrender.so.1.3.0
7f5945007000-7f5945008000 r--p 00008000 08:01 2493257                    /usr/lib/x86_64-linux-gnu/libXrender.so.1.3.0
7f5945008000-7f5945009000 rw-p 00009000 08:01 2493257                    /usr/lib/x86_64-linux-gnu/libXrender.so.1.3.0
7f5945009000-7f5945139000 r-xp 00000000 08:01 2493220                    /usr/lib/x86_64-linux-gnu/libX11.so.6.3.0
7f5945139000-7f5945339000 ---p 00130000 08:01 2493220                    /usr/lib/x86_64-linux-gnu/libX11.so.6.3.0
7f5945339000-7f594533a000 r--p 00130000 08:01 2493220                    /usr/lib/x86_64-linux-gnu/libX11.so.6.3.0
7f594533a000-7f594533e000 rw-p 00131000 08:01 2493220                    /usr/lib/x86_64-linux-gnu/libX11.so.6.3.0
7f594533e000-7f594534f000 r-xp 00000000 08:01 2493237                    /usr/lib/x86_64-linux-gnu/libXext.so.6.4.0
7f594534f000-7f594554e000 ---p 00011000 08:01 2493237                    /usr/lib/x86_64-linux-gnu/libXext.so.6.4.0
7f594554e000-7f594554f000 r--p 00010000 08:01 2493237                    /usr/lib/x86_64-linux-gnu/libXext.so.6.4.0
7f594554f000-7f5945550000 rw-p 00011000 08:01 2493237                    /usr/lib/x86_64-linux-gnu/libXext.so.6.4.0
7f5945550000-7f59455a4000 r-xp 00000000 08:01 419740                     /usr/local/java/jdk1.8.0_72/jre/lib/amd64/libawt_xawt.so
7f59455a4000-7f59457a4000 ---p 00054000 08:01 419740                     /usr/local/java/jdk1.8.0_72/jre/lib/amd64/libawt_xawt.so
7f59457a4000-7f59457a8000 rw-p 00054000 08:01 419740                     /usr/local/java/jdk1.8.0_72/jre/lib/amd64/libawt_xawt.so
7f59457a8000-7f59457a9000 rw-p 00000000 00:00 0 
7f59457a9000-7f594584b000 r-xp 00000000 08:01 419747                     /usr/local/java/jdk1.8.0_72/jre/lib/amd64/libawt.so
7f594584b000-7f5945a4b000 ---p 000a2000 08:01 419747                     /usr/local/java/jdk1.8.0_72/jre/lib/amd64/libawt.so
7f5945a4b000-7f5945a57000 rw-p 000a2000 08:01 419747                     /usr/local/java/jdk1.8.0_72/jre/lib/amd64/libawt.so
7f5945a57000-7f5945a7b000 rw-p 00000000 00:00 0 
7f5945a7b000-7f5945a7c000 ---p 00000000 00:00 0 
7f5945a7c000-7f5945b7c000 rw-p 00000000 00:00 0 
7f5945b7c000-7f5945b7f000 ---p 00000000 00:00 0 
7f5945b7f000-7f5945c7d000 rw-p 00000000 00:00 0 
7f5945c7d000-7f5945c80000 ---p 00000000 00:00 0 
7f5945c80000-7f5945d7e000 rw-p 00000000 00:00 0 
7f5945d7e000-7f5945d81000 ---p 00000000 00:00 0 
7f5945d81000-7f5945e7f000 rw-p 00000000 00:00 0 
7f5945e7f000-7f5945e82000 ---p 00000000 00:00 0 
7f5945e82000-7f5945f80000 rw-p 00000000 00:00 0 
7f5945f80000-7f5945f83000 ---p 00000000 00:00 0 
7f5945f83000-7f5946081000 rw-p 00000000 00:00 0 
7f5946081000-7f59479fa000 r--p 00000000 08:01 2492291                    /usr/lib/locale/locale-archive
7f59479fa000-7f59479fd000 ---p 00000000 00:00 0 
7f59479fd000-7f5947afb000 rw-p 00000000 00:00 0 
7f5947afb000-7f5947afe000 ---p 00000000 00:00 0 
7f5947afe000-7f5947bfc000 rw-p 00000000 00:00 0 
7f5947bfc000-7f5947bfd000 ---p 00000000 00:00 0 
7f5947bfd000-7f5948000000 rw-p 00000000 00:00 0 
7f5948000000-7f5948021000 rw-p 00000000 00:00 0 
7f5948021000-7f594c000000 ---p 00000000 00:00 0 
7f594c000000-7f594c021000 rw-p 00000000 00:00 0 
7f594c021000-7f5950000000 ---p 00000000 00:00 0 
7f5950000000-7f5950021000 rw-p 00000000 00:00 0 
7f5950021000-7f5954000000 ---p 00000000 00:00 0 
7f595403d000-7f595409d000 rw-s 117d94000 00:06 1508                      /dev/dri/card0
7f595409d000-7f59540a0000 ---p 00000000 00:00 0 
7f59540a0000-7f5958000000 rw-p 00000000 00:00 0 
7f5958000000-7f5958021000 rw-p 00000000 00:00 0 
7f5958021000-7f595c000000 ---p 00000000 00:00 0 
7f595c003000-7f595c007000 rw-s 00000000 00:05 84107                      /drm mm object (deleted)
7f595c00d000-7f595c01d000 rw-s 117bc4000 00:06 1508                      /dev/dri/card0
7f595c01d000-7f595c02d000 rw-s 1179f4000 00:06 1508                      /dev/dri/card0
7f595c02f000-7f595c030000 rw-p 00000000 00:00 0 
7f595c030000-7f595c053000 r--s 002ec000 08:09 1813107                    /home/opu/workspace/CourseraJavaAssignment/lib/jogl-all.jar
7f595c053000-7f595c328000 rw-p 00000000 00:00 0 
7f595c328000-7f595c500000 r--s 03d1d000 08:01 183084                     /usr/local/java/jdk1.8.0_72/jre/lib/rt.jar
7f595c500000-7f595c848000 rw-p 00000000 00:00 0 
7f595c848000-7f595c849000 ---p 00000000 00:00 0 
7f595c849000-7f595c949000 rw-p 00000000 00:00 0 
7f595c949000-7f595c94a000 ---p 00000000 00:00 0 
7f595c94a000-7f595ca4a000 rw-p 00000000 00:00 0 
7f595ca4a000-7f595ca4b000 ---p 00000000 00:00 0 
7f595ca4b000-7f595cb6a000 rw-p 00000000 00:00 0 
7f595cb6a000-7f595cd2d000 ---p 00000000 00:00 0 
7f595cd2d000-7f595cd4c000 rw-p 00000000 00:00 0 
7f595cd4c000-7f595cf0e000 ---p 00000000 00:00 0 
7f595cf0e000-7f595cf48000 rw-p 00000000 00:00 0 
7f595cf48000-7f595cfff000 ---p 00000000 00:00 0 
7f595cfff000-7f595d000000 rw-p 00000000 00:00 0 
7f595d000000-7f595d850000 rwxp 00000000 00:00 0 
7f595d850000-7f596c000000 ---p 00000000 00:00 0 
7f596c000000-7f596c4fa000 rw-p 00000000 00:00 0 
7f596c4fa000-7f5970000000 ---p 00000000 00:00 0 
7f5970000000-7f5970001000 rwxp 00000000 00:00 0 
7f5970001000-7f5970002000 r--p 00000000 00:00 0 
7f5970002000-7f5970006000 r--s 00097000 08:01 183087                     /usr/local/java/jdk1.8.0_72/jre/lib/jsse.jar
7f5970006000-7f5970007000 ---p 00000000 00:00 0 
7f5970007000-7f5970129000 rw-p 00000000 00:00 0 
7f5970129000-7f59704c7000 ---p 00000000 00:00 0 
7f59704c7000-7f59704e1000 r-xp 00000000 08:01 419725                     /usr/local/java/jdk1.8.0_72/jre/lib/amd64/libzip.so
7f59704e1000-7f59706e1000 ---p 0001a000 08:01 419725                     /usr/local/java/jdk1.8.0_72/jre/lib/amd64/libzip.so
7f59706e1000-7f59706e2000 rw-p 0001a000 08:01 419725                     /usr/local/java/jdk1.8.0_72/jre/lib/amd64/libzip.so
7f59706e2000-7f59706ec000 r-xp 00000000 08:01 1753306                    /lib/x86_64-linux-gnu/libnss_files-2.19.so
7f59706ec000-7f59708eb000 ---p 0000a000 08:01 1753306                    /lib/x86_64-linux-gnu/libnss_files-2.19.so
7f59708eb000-7f59708ec000 r--p 00009000 08:01 1753306                    /lib/x86_64-linux-gnu/libnss_files-2.19.so
7f59708ec000-7f59708ed000 rw-p 0000a000 08:01 1753306                    /lib/x86_64-linux-gnu/libnss_files-2.19.so
7f59708ed000-7f59708f8000 r-xp 00000000 08:01 1753298                    /lib/x86_64-linux-gnu/libnss_nis-2.19.so
7f59708f8000-7f5970af7000 ---p 0000b000 08:01 1753298                    /lib/x86_64-linux-gnu/libnss_nis-2.19.so
7f5970af7000-7f5970af8000 r--p 0000a000 08:01 1753298                    /lib/x86_64-linux-gnu/libnss_nis-2.19.so
7f5970af8000-7f5970af9000 rw-p 0000b000 08:01 1753298                    /lib/x86_64-linux-gnu/libnss_nis-2.19.so
7f5970af9000-7f5970b10000 r-xp 00000000 08:01 1753294                    /lib/x86_64-linux-gnu/libnsl-2.19.so
7f5970b10000-7f5970d0f000 ---p 00017000 08:01 1753294                    /lib/x86_64-linux-gnu/libnsl-2.19.so
7f5970d0f000-7f5970d10000 r--p 00016000 08:01 1753294                    /lib/x86_64-linux-gnu/libnsl-2.19.so
7f5970d10000-7f5970d11000 rw-p 00017000 08:01 1753294                    /lib/x86_64-linux-gnu/libnsl-2.19.so
7f5970d11000-7f5970d13000 rw-p 00000000 00:00 0 
7f5970d13000-7f5970d1c000 r-xp 00000000 08:01 1753293                    /lib/x86_64-linux-gnu/libnss_compat-2.19.so
7f5970d1c000-7f5970f1b000 ---p 00009000 08:01 1753293                    /lib/x86_64-linux-gnu/libnss_compat-2.19.so
7f5970f1b000-7f5970f1c000 r--p 00008000 08:01 1753293                    /lib/x86_64-linux-gnu/libnss_compat-2.19.so
7f5970f1c000-7f5970f1d000 rw-p 00009000 08:01 1753293                    /lib/x86_64-linux-gnu/libnss_compat-2.19.so
7f5970f1d000-7f5970f47000 r-xp 00000000 08:01 419703                     /usr/local/java/jdk1.8.0_72/jre/lib/amd64/libjava.so
7f5970f47000-7f5971147000 ---p 0002a000 08:01 419703                     /usr/local/java/jdk1.8.0_72/jre/lib/amd64/libjava.so
7f5971147000-7f5971149000 rw-p 0002a000 08:01 419703                     /usr/local/java/jdk1.8.0_72/jre/lib/amd64/libjava.so
7f5971149000-7f5971156000 r-xp 00000000 08:01 419719                     /usr/local/java/jdk1.8.0_72/jre/lib/amd64/libverify.so
7f5971156000-7f5971356000 ---p 0000d000 08:01 419719                     /usr/local/java/jdk1.8.0_72/jre/lib/amd64/libverify.so
7f5971356000-7f5971358000 rw-p 0000d000 08:01 419719                     /usr/local/java/jdk1.8.0_72/jre/lib/amd64/libverify.so
7f5971358000-7f597135f000 r-xp 00000000 08:01 1753302                    /lib/x86_64-linux-gnu/librt-2.19.so
7f597135f000-7f597155e000 ---p 00007000 08:01 1753302                    /lib/x86_64-linux-gnu/librt-2.19.so
7f597155e000-7f597155f000 r--p 00006000 08:01 1753302                    /lib/x86_64-linux-gnu/librt-2.19.so
7f597155f000-7f5971560000 rw-p 00007000 08:01 1753302                    /lib/x86_64-linux-gnu/librt-2.19.so
7f5971560000-7f5971665000 r-xp 00000000 08:01 1753288                    /lib/x86_64-linux-gnu/libm-2.19.so
7f5971665000-7f5971864000 ---p 00105000 08:01 1753288                    /lib/x86_64-linux-gnu/libm-2.19.so
7f5971864000-7f5971865000 r--p 00104000 08:01 1753288                    /lib/x86_64-linux-gnu/libm-2.19.so
7f5971865000-7f5971866000 rw-p 00105000 08:01 1753288                    /lib/x86_64-linux-gnu/libm-2.19.so
7f5971866000-7f5972525000 r-xp 00000000 08:01 435637                     /usr/local/java/jdk1.8.0_72/jre/lib/amd64/server/libjvm.so
7f5972525000-7f5972724000 ---p 00cbf000 08:01 435637                     /usr/local/java/jdk1.8.0_72/jre/lib/amd64/server/libjvm.so
7f5972724000-7f59727fd000 rw-p 00cbe000 08:01 435637                     /usr/local/java/jdk1.8.0_72/jre/lib/amd64/server/libjvm.so
7f59727fd000-7f5972846000 rw-p 00000000 00:00 0 
7f5972846000-7f5972a00000 r-xp 00000000 08:01 1753303                    /lib/x86_64-linux-gnu/libc-2.19.so
7f5972a00000-7f5972c00000 ---p 001ba000 08:01 1753303                    /lib/x86_64-linux-gnu/libc-2.19.so
7f5972c00000-7f5972c04000 r--p 001ba000 08:01 1753303                    /lib/x86_64-linux-gnu/libc-2.19.so
7f5972c04000-7f5972c06000 rw-p 001be000 08:01 1753303                    /lib/x86_64-linux-gnu/libc-2.19.so
7f5972c06000-7f5972c0b000 rw-p 00000000 00:00 0 
7f5972c0b000-7f5972c0e000 r-xp 00000000 08:01 1753290                    /lib/x86_64-linux-gnu/libdl-2.19.so
7f5972c0e000-7f5972e0d000 ---p 00003000 08:01 1753290                    /lib/x86_64-linux-gnu/libdl-2.19.so
7f5972e0d000-7f5972e0e000 r--p 00002000 08:01 1753290                    /lib/x86_64-linux-gnu/libdl-2.19.so
7f5972e0e000-7f5972e0f000 rw-p 00003000 08:01 1753290                    /lib/x86_64-linux-gnu/libdl-2.19.so
7f5972e0f000-7f5972e24000 r-xp 00000000 08:01 125710                     /usr/local/java/jdk1.8.0_72/lib/amd64/jli/libjli.so
7f5972e24000-7f5973024000 ---p 00015000 08:01 125710                     /usr/local/java/jdk1.8.0_72/lib/amd64/jli/libjli.so
7f5973024000-7f5973025000 rw-p 00015000 08:01 125710                     /usr/local/java/jdk1.8.0_72/lib/amd64/jli/libjli.so
7f5973025000-7f597303e000 r-xp 00000000 08:01 1753295                    /lib/x86_64-linux-gnu/libpthread-2.19.so
7f597303e000-7f597323d000 ---p 00019000 08:01 1753295                    /lib/x86_64-linux-gnu/libpthread-2.19.so
7f597323d000-7f597323e000 r--p 00018000 08:01 1753295                    /lib/x86_64-linux-gnu/libpthread-2.19.so
7f597323e000-7f597323f000 rw-p 00019000 08:01 1753295                    /lib/x86_64-linux-gnu/libpthread-2.19.so
7f597323f000-7f5973243000 rw-p 00000000 00:00 0 
7f5973243000-7f5973266000 r-xp 00000000 08:01 1753296                    /lib/x86_64-linux-gnu/ld-2.19.so
7f5973266000-7f5973267000 r--s 0002d000 08:09 1813117                    /home/opu/workspace/CourseraJavaAssignment/lib/jogl-all-natives-windows-i586.jar
7f5973267000-7f5973269000 r--s 00034000 08:09 1813109                    /home/opu/workspace/CourseraJavaAssignment/lib/jogl-all-natives-windows-amd64.jar
7f5973269000-7f597326a000 r--s 00064000 08:09 1813112                    /home/opu/workspace/CourseraJavaAssignment/lib/jogl-all-natives-macosx-universal.jar
7f597326a000-7f597326b000 r--s 00001000 08:09 1813116                    /home/opu/workspace/CourseraJavaAssignment/lib/gluegen-rt-natives-windows-i586.jar
7f597326b000-7f597326c000 r--s 00001000 08:09 1813106                    /home/opu/workspace/CourseraJavaAssignment/lib/gluegen-rt-natives-windows-amd64.jar
7f597326c000-7f597326d000 r--s 00001000 08:09 1813102                    /home/opu/workspace/CourseraJavaAssignment/lib/gluegen-rt-natives-macosx-universal.jar
7f597326d000-7f597326e000 r--s 0002d000 08:09 1813110                    /home/opu/workspace/CourseraJavaAssignment/lib/jogl-all-natives-linux-i586.jar
7f597326e000-7f597326f000 r--s 00023000 08:09 1813119                    /home/opu/workspace/CourseraJavaAssignment/lib/jogl-all-natives-linux-armv6hf.jar
7f597326f000-7f5973270000 r--s 00005000 08:09 1813105                    /home/opu/workspace/CourseraJavaAssignment/lib/libTUIO.jar
7f5973270000-7f5973277000 r--s 00059000 08:09 1813114                    /home/opu/workspace/CourseraJavaAssignment/lib/log4j-1.2.15.jar
7f5973277000-7f5973278000 r--s 0002f000 08:09 1813115                    /home/opu/workspace/CourseraJavaAssignment/lib/jogl-all-natives-linux-amd64.jar
7f5973278000-7f5973279000 r--s 00007000 08:09 1813104                    /home/opu/workspace/CourseraJavaAssignment/lib/json4processing.jar
7f5973279000-7f597327f000 r--s 00041000 08:09 1813108                    /home/opu/workspace/CourseraJavaAssignment/lib/gluegen-rt.jar
7f597327f000-7f5973281000 r--s 00000000 08:09 1813103                    /home/opu/workspace/CourseraJavaAssignment/lib/gluegen-rt-natives-linux-i586.jar
7f5973281000-7f5973283000 r--s 00000000 08:09 1813113                    /home/opu/workspace/CourseraJavaAssignment/lib/gluegen-rt-natives-linux-amd64.jar
7f5973283000-7f5973344000 rw-p 00000000 00:00 0 
7f5973344000-7f5973347000 ---p 00000000 00:00 0 
7f5973347000-7f5973449000 rw-p 00000000 00:00 0 
7f5973449000-7f597344a000 r--s 00000000 08:09 1813120                    /home/opu/workspace/CourseraJavaAssignment/lib/gluegen-rt-natives-linux-armv6hf.jar
7f597344a000-7f597344f000 r--s 00309000 08:09 1813118                    /home/opu/workspace/CourseraJavaAssignment/lib/sqlite-jdbc-3.7.2.jar
7f597344f000-7f5973455000 r--s 00033000 08:09 1813111                    /home/opu/workspace/CourseraJavaAssignment/lib/unfolding.0.9.7-uscd.jar
7f5973455000-7f5973459000 r--s 0009a000 08:09 1813121                    /home/opu/workspace/CourseraJavaAssignment/lib/core.jar
7f5973459000-7f5973461000 rw-s 00000000 08:01 286775                     /tmp/hsperfdata_opu/6353
7f5973461000-7f5973462000 rw-p 00000000 00:00 0 
7f5973462000-7f5973463000 r--p 00000000 00:00 0 
7f5973463000-7f5973465000 rw-p 00000000 00:00 0 
7f5973465000-7f5973466000 r--p 00022000 08:01 1753296                    /lib/x86_64-linux-gnu/ld-2.19.so
7f5973466000-7f5973467000 rw-p 00023000 08:01 1753296                    /lib/x86_64-linux-gnu/ld-2.19.so
7f5973467000-7f5973468000 rw-p 00000000 00:00 0 
7ffe0f890000-7ffe0f8b2000 rw-p 00000000 00:00 0                          [stack]
7ffe0f953000-7ffe0f955000 r--p 00000000 00:00 0                          [vvar]
7ffe0f955000-7ffe0f957000 r-xp 00000000 00:00 0                          [vdso]
ffffffffff600000-ffffffffff601000 r-xp 00000000 00:00 0                  [vsyscall]

VM Arguments:
jvm_args: -Djava.security.policy=java.policy.applet -Dfile.encoding=UTF-8 
java_command: sun.applet.AppletViewer assignment.VisitedPlace1465548377042.html
java_class_path (initial): /home/opu/workspace/CourseraJavaAssignment/bin:/home/opu/workspace/CourseraJavaAssignment/lib/core.jar:/home/opu/workspace/CourseraJavaAssignment/lib/unfolding.0.9.7-uscd.jar:/home/opu/workspace/CourseraJavaAssignment/lib/sqlite-jdbc-3.7.2.jar:/home/opu/workspace/CourseraJavaAssignment/lib/gluegen-rt-natives-linux-amd64.jar:/home/opu/workspace/CourseraJavaAssignment/lib/gluegen-rt-natives-linux-armv6hf.jar:/home/opu/workspace/CourseraJavaAssignment/lib/gluegen-rt-natives-linux-i586.jar:/home/opu/workspace/CourseraJavaAssignment/lib/gluegen-rt.jar:/home/opu/workspace/CourseraJavaAssignment/lib/json4processing.jar:/home/opu/workspace/CourseraJavaAssignment/lib/jogl-all-natives-linux-amd64.jar:/home/opu/workspace/CourseraJavaAssignment/lib/log4j-1.2.15.jar:/home/opu/workspace/CourseraJavaAssignment/lib/libTUIO.jar:/home/opu/workspace/CourseraJavaAssignment/lib/jogl-all-natives-linux-armv6hf.jar:/home/opu/workspace/CourseraJavaAssignment/lib/jogl-all-natives-linux-i586.jar:/home/opu/workspace/CourseraJavaAssignment/lib/jogl-all.jar:/home/opu/workspace/CourseraJavaAssignment/lib/gluegen-rt-natives-macosx-universal.jar:/home/opu/workspace/CourseraJavaAssignment/lib/gluegen-rt-natives-windows-amd64.jar:/home/opu/workspace/CourseraJavaAssignment/lib/gluegen-rt-natives-windows-i586.jar:/home/opu/workspace/CourseraJavaAssignment/lib/jogl-all-natives-macosx-universal.jar:/home/opu/workspace/CourseraJavaAssignment/lib/jogl-all-natives-windows-amd64.jar:/home/opu/workspace/CourseraJavaAssignment/lib/jogl-all-natives-windows-i586.jar
Launcher Type: SUN_STANDARD

Environment Variables:
JAVA_HOME=/usr/local/java/jdk1.8.0_72
JRE_HOME=/usr/local/java/jdk1.8.0_72/jre
PATH=/usr/local/heroku/bin:/usr/local/sbin:/usr/local/bin:/usr/sbin:/usr/bin:/sbin:/bin:/usr/games:/usr/local/games:/usr/local/java/jdk1.8.0_72/bin:/usr/local/java/jdk1.8.0_72/jre/bin:/home/opu/adt/eclipse
SHELL=/bin/bash
DISPLAY=:0

Signal Handlers:
SIGSEGV: [libjvm.so+0xabb070], sa_mask[0]=11111111011111111101111111111110, sa_flags=SA_RESTART|SA_SIGINFO
SIGBUS: [libjvm.so+0xabb070], sa_mask[0]=11111111011111111101111111111110, sa_flags=SA_RESTART|SA_SIGINFO
SIGFPE: [libjvm.so+0x918480], sa_mask[0]=11111111011111111101111111111110, sa_flags=SA_RESTART|SA_SIGINFO
SIGPIPE: [libjvm.so+0x918480], sa_mask[0]=11111111011111111101111111111110, sa_flags=SA_RESTART|SA_SIGINFO
SIGXFSZ: [libjvm.so+0x918480], sa_mask[0]=11111111011111111101111111111110, sa_flags=SA_RESTART|SA_SIGINFO
SIGILL: [libjvm.so+0x918480], sa_mask[0]=11111111011111111101111111111110, sa_flags=SA_RESTART|SA_SIGINFO
SIGUSR1: SIG_DFL, sa_mask[0]=00000000000000000000000000000000, sa_flags=none
SIGUSR2: [libjvm.so+0x919ab0], sa_mask[0]=00100000000000000000000000000000, sa_flags=SA_RESTART|SA_SIGINFO
SIGHUP: [libjvm.so+0x91aeb0], sa_mask[0]=11111111011111111101111111111110, sa_flags=SA_RESTART|SA_SIGINFO
SIGINT: [libjvm.so+0x91aeb0], sa_mask[0]=11111111011111111101111111111110, sa_flags=SA_RESTART|SA_SIGINFO
SIGTERM: [libjvm.so+0x91aeb0], sa_mask[0]=11111111011111111101111111111110, sa_flags=SA_RESTART|SA_SIGINFO
SIGQUIT: [libjvm.so+0x91aeb0], sa_mask[0]=11111111011111111101111111111110, sa_flags=SA_RESTART|SA_SIGINFO


---------------  S Y S T E M  ---------------

OS:DISTRIB_ID="elementary OS"
DISTRIB_RELEASE=0.3.2
DISTRIB_CODENAME=freya
DISTRIB_DESCRIPTION="elementary OS Freya"

uname:Linux 3.19.0-59-generic #66~14.04.1-Ubuntu SMP Fri May 13 17:27:10 UTC 2016 x86_64
libc:glibc 2.19 NPTL 2.19 
rlimit: STACK 8192k, CORE 0k, NPROC 22954, NOFILE 4096, AS infinity
load average:1.37 0.63 0.37

/proc/meminfo:
MemTotal:        5908236 kB
MemFree:          191040 kB
MemAvailable:    1697848 kB
Buffers:          327724 kB
Cached:          1933120 kB
SwapCached:            0 kB
Active:          3587592 kB
Inactive:        1688756 kB
Active(anon):    2839252 kB
Inactive(anon):   967632 kB
Active(file):     748340 kB
Inactive(file):   721124 kB
Unevictable:          32 kB
Mlocked:              32 kB
SwapTotal:       6249468 kB
SwapFree:        6249112 kB
Dirty:              3488 kB
Writeback:             0 kB
AnonPages:       3015588 kB
Mapped:           678956 kB
Shmem:            791380 kB
Slab:             325920 kB
SReclaimable:     290748 kB
SUnreclaim:        35172 kB
KernelStack:       10832 kB
PageTables:        48792 kB
NFS_Unstable:          0 kB
Bounce:                0 kB
WritebackTmp:          0 kB
CommitLimit:     9203584 kB
Committed_AS:    9325584 kB
VmallocTotal:   34359738367 kB
VmallocUsed:      366736 kB
VmallocChunk:   34359365204 kB
HardwareCorrupted:     0 kB
AnonHugePages:   1312768 kB
CmaTotal:              0 kB
CmaFree:               0 kB
HugePages_Total:       0
HugePages_Free:        0
HugePages_Rsvd:        0
HugePages_Surp:        0
Hugepagesize:       2048 kB
DirectMap4k:      176000 kB
DirectMap2M:     5910528 kB


CPU:total 4 (2 cores per cpu, 2 threads per core) family 6 model 37 stepping 2, cmov, cx8, fxsr, mmx, sse, sse2, sse3, ssse3, sse4.1, sse4.2, popcnt, ht, tsc, tscinvbit

/proc/cpuinfo:
processor	: 0
vendor_id	: GenuineIntel
cpu family	: 6
model		: 37
model name	: Intel(R) Core(TM) i3 CPU         530  @ 2.93GHz
stepping	: 2
microcode	: 0x9
cpu MHz		: 1463.000
cache size	: 4096 KB
physical id	: 0
siblings	: 4
core id		: 0
cpu cores	: 2
apicid		: 0
initial apicid	: 0
fpu		: yes
fpu_exception	: yes
cpuid level	: 11
wp		: yes
flags		: fpu vme de pse tsc msr pae mce cx8 apic sep mtrr pge mca cmov pat pse36 clflush dts acpi mmx fxsr sse sse2 ss ht tm pbe syscall nx rdtscp lm constant_tsc arch_perfmon pebs bts rep_good nopl xtopology nonstop_tsc aperfmperf pni dtes64 monitor ds_cpl vmx est tm2 ssse3 cx16 xtpr pdcm sse4_1 sse4_2 popcnt lahf_lm arat dtherm tpr_shadow vnmi flexpriority ept vpid
bugs		:
bogomips	: 5866.36
clflush size	: 64
cache_alignment	: 64
address sizes	: 36 bits physical, 48 bits virtual
power management:

processor	: 1
vendor_id	: GenuineIntel
cpu family	: 6
model		: 37
model name	: Intel(R) Core(TM) i3 CPU         530  @ 2.93GHz
stepping	: 2
microcode	: 0x9
cpu MHz		: 2660.000
cache size	: 4096 KB
physical id	: 0
siblings	: 4
core id		: 2
cpu cores	: 2
apicid		: 4
initial apicid	: 4
fpu		: yes
fpu_exception	: yes
cpuid level	: 11
wp		: yes
flags		: fpu vme de pse tsc msr pae mce cx8 apic sep mtrr pge mca cmov pat pse36 clflush dts acpi mmx fxsr sse sse2 ss ht tm pbe syscall nx rdtscp lm constant_tsc arch_perfmon pebs bts rep_good nopl xtopology nonstop_tsc aperfmperf pni dtes64 monitor ds_cpl vmx est tm2 ssse3 cx16 xtpr pdcm sse4_1 sse4_2 popcnt lahf_lm arat dtherm tpr_shadow vnmi flexpriority ept vpid
bugs		:
bogomips	: 5866.36
clflush size	: 64
cache_alignment	: 64
address sizes	: 36 bits physical, 48 bits virtual
power management:

processor	: 2
vendor_id	: GenuineIntel
cpu family	: 6
model		: 37
model name	: Intel(R) Core(TM) i3 CPU         530  @ 2.93GHz
stepping	: 2
microcode	: 0x9
cpu MHz		: 1330.000
cache size	: 4096 KB
physical id	: 0
siblings	: 4
core id		: 0
cpu cores	: 2
apicid		: 1
initial apicid	: 1
fpu		: yes
fpu_exception	: yes
cpuid level	: 11
wp		: yes
flags		: fpu vme de pse tsc msr pae mce cx8 apic sep mtrr pge mca cmov pat pse36 clflush dts acpi mmx fxsr sse sse2 ss ht tm pbe syscall nx rdtscp lm constant_tsc arch_perfmon pebs bts rep_good nopl xtopology nonstop_tsc aperfmperf pni dtes64 monitor ds_cpl vmx est tm2 ssse3 cx16 xtpr pdcm sse4_1 sse4_2 popcnt lahf_lm arat dtherm tpr_shadow vnmi flexpriority ept vpid
bugs		:
bogomips	: 5866.36
clflush size	: 64
cache_alignment	: 64
address sizes	: 36 bits physical, 48 bits virtual
power management:

processor	: 3
vendor_id	: GenuineIntel
cpu family	: 6
model		: 37
model name	: Intel(R) Core(TM) i3 CPU         530  @ 2.93GHz
stepping	: 2
microcode	: 0x9
cpu MHz		: 1729.000
cache size	: 4096 KB
physical id	: 0
siblings	: 4
core id		: 2
cpu cores	: 2
apicid		: 5
initial apicid	: 5
fpu		: yes
fpu_exception	: yes
cpuid level	: 11
wp		: yes
flags		: fpu vme de pse tsc msr pae mce cx8 apic sep mtrr pge mca cmov pat pse36 clflush dts acpi mmx fxsr sse sse2 ss ht tm pbe syscall nx rdtscp lm constant_tsc arch_perfmon pebs bts rep_good nopl xtopology nonstop_tsc aperfmperf pni dtes64 monitor ds_cpl vmx est tm2 ssse3 cx16 xtpr pdcm sse4_1 sse4_2 popcnt lahf_lm arat dtherm tpr_shadow vnmi flexpriority ept vpid
bugs		:
bogomips	: 5866.36
clflush size	: 64
cache_alignment	: 64
address sizes	: 36 bits physical, 48 bits virtual
power management:



Memory: 4k page, physical 5908236k(191040k free), swap 6249468k(6249112k free)

vm_info: Java HotSpot(TM) 64-Bit Server VM (25.72-b15) for linux-amd64 JRE (1.8.0_72-b15), built on Dec 22 2015 22:00:07 by "java_re" with gcc 4.3.0 20080428 (Red Hat 4.3.0-8)

time: Fri Jun 10 14:47:14 2016
elapsed time: 57 seconds (0d 0h 0m 57s)

